<?xml version="1.0" encoding="UTF-8"?>
<testsuite xmlns:xsi="http://www.w3.org/2001/XMLSchema-instance" xsi:noNamespaceSchemaLocation="https://maven.apache.org/surefire/maven-surefire-plugin/xsd/surefire-test-report.xsd" version="3.0.2" name="net.youssfi.kafkaspringcloudstream.KafkaSpringCloudStreamApplicationTests" time="63.825" tests="1" errors="0" skipped="0" failures="0">
  <properties>
    <property name="java.specification.version" value="23"/>
    <property name="sun.cpu.isalist" value="amd64"/>
    <property name="sun.jnu.encoding" value="Cp1252"/>
    <property name="java.class.path" value="C:\Users\david.pouille\eclipse-workspace\kafka-streams-spring-cloud-stream-bdcc-enset-main\target\test-classes;C:\Users\david.pouille\eclipse-workspace\kafka-streams-spring-cloud-stream-bdcc-enset-main\target\classes;C:\Users\david.pouille\.m2\repository\org\springframework\boot\spring-boot-starter-web\3.4.2\spring-boot-starter-web-3.4.2.jar;C:\Users\david.pouille\.m2\repository\org\springframework\boot\spring-boot-starter\3.4.2\spring-boot-starter-3.4.2.jar;C:\Users\david.pouille\.m2\repository\org\springframework\boot\spring-boot\3.4.2\spring-boot-3.4.2.jar;C:\Users\david.pouille\.m2\repository\org\springframework\boot\spring-boot-autoconfigure\3.4.2\spring-boot-autoconfigure-3.4.2.jar;C:\Users\david.pouille\.m2\repository\org\springframework\boot\spring-boot-starter-logging\3.4.2\spring-boot-starter-logging-3.4.2.jar;C:\Users\david.pouille\.m2\repository\org\apache\logging\log4j\log4j-to-slf4j\2.24.3\log4j-to-slf4j-2.24.3.jar;C:\Users\david.pouille\.m2\repository\org\apache\logging\log4j\log4j-api\2.24.3\log4j-api-2.24.3.jar;C:\Users\david.pouille\.m2\repository\org\slf4j\jul-to-slf4j\2.0.16\jul-to-slf4j-2.0.16.jar;C:\Users\david.pouille\.m2\repository\jakarta\annotation\jakarta.annotation-api\2.1.1\jakarta.annotation-api-2.1.1.jar;C:\Users\david.pouille\.m2\repository\org\yaml\snakeyaml\2.3\snakeyaml-2.3.jar;C:\Users\david.pouille\.m2\repository\org\springframework\boot\spring-boot-starter-json\3.4.2\spring-boot-starter-json-3.4.2.jar;C:\Users\david.pouille\.m2\repository\com\fasterxml\jackson\datatype\jackson-datatype-jdk8\2.18.2\jackson-datatype-jdk8-2.18.2.jar;C:\Users\david.pouille\.m2\repository\com\fasterxml\jackson\datatype\jackson-datatype-jsr310\2.18.2\jackson-datatype-jsr310-2.18.2.jar;C:\Users\david.pouille\.m2\repository\com\fasterxml\jackson\module\jackson-module-parameter-names\2.18.2\jackson-module-parameter-names-2.18.2.jar;C:\Users\david.pouille\.m2\repository\org\springframework\boot\spring-boot-starter-tomcat\3.4.2\spring-boot-starter-tomcat-3.4.2.jar;C:\Users\david.pouille\.m2\repository\org\apache\tomcat\embed\tomcat-embed-core\10.1.34\tomcat-embed-core-10.1.34.jar;C:\Users\david.pouille\.m2\repository\org\apache\tomcat\embed\tomcat-embed-el\10.1.34\tomcat-embed-el-10.1.34.jar;C:\Users\david.pouille\.m2\repository\org\apache\tomcat\embed\tomcat-embed-websocket\10.1.34\tomcat-embed-websocket-10.1.34.jar;C:\Users\david.pouille\.m2\repository\org\springframework\spring-web\6.2.2\spring-web-6.2.2.jar;C:\Users\david.pouille\.m2\repository\org\springframework\spring-beans\6.2.2\spring-beans-6.2.2.jar;C:\Users\david.pouille\.m2\repository\org\springframework\spring-webmvc\6.2.2\spring-webmvc-6.2.2.jar;C:\Users\david.pouille\.m2\repository\org\springframework\spring-aop\6.2.2\spring-aop-6.2.2.jar;C:\Users\david.pouille\.m2\repository\org\springframework\spring-expression\6.2.2\spring-expression-6.2.2.jar;C:\Users\david.pouille\.m2\repository\org\apache\kafka\kafka-streams\3.8.1\kafka-streams-3.8.1.jar;C:\Users\david.pouille\.m2\repository\org\apache\kafka\kafka-clients\3.8.1\kafka-clients-3.8.1.jar;C:\Users\david.pouille\.m2\repository\com\github\luben\zstd-jni\1.5.6-4\zstd-jni-1.5.6-4.jar;C:\Users\david.pouille\.m2\repository\org\lz4\lz4-java\1.8.0\lz4-java-1.8.0.jar;C:\Users\david.pouille\.m2\repository\org\xerial\snappy\snappy-java\1.1.10.5\snappy-java-1.1.10.5.jar;C:\Users\david.pouille\.m2\repository\org\rocksdb\rocksdbjni\7.9.2\rocksdbjni-7.9.2.jar;C:\Users\david.pouille\.m2\repository\org\slf4j\slf4j-api\2.0.16\slf4j-api-2.0.16.jar;C:\Users\david.pouille\.m2\repository\com\fasterxml\jackson\core\jackson-annotations\2.18.2\jackson-annotations-2.18.2.jar;C:\Users\david.pouille\.m2\repository\com\fasterxml\jackson\core\jackson-databind\2.18.2\jackson-databind-2.18.2.jar;C:\Users\david.pouille\.m2\repository\com\fasterxml\jackson\core\jackson-core\2.18.2\jackson-core-2.18.2.jar;C:\Users\david.pouille\.m2\repository\org\springframework\cloud\spring-cloud-stream\4.2.0\spring-cloud-stream-4.2.0.jar;C:\Users\david.pouille\.m2\repository\org\springframework\boot\spring-boot-starter-validation\3.4.2\spring-boot-starter-validation-3.4.2.jar;C:\Users\david.pouille\.m2\repository\org\hibernate\validator\hibernate-validator\8.0.2.Final\hibernate-validator-8.0.2.Final.jar;C:\Users\david.pouille\.m2\repository\jakarta\validation\jakarta.validation-api\3.0.2\jakarta.validation-api-3.0.2.jar;C:\Users\david.pouille\.m2\repository\org\jboss\logging\jboss-logging\3.6.1.Final\jboss-logging-3.6.1.Final.jar;C:\Users\david.pouille\.m2\repository\com\fasterxml\classmate\1.7.0\classmate-1.7.0.jar;C:\Users\david.pouille\.m2\repository\org\springframework\spring-messaging\6.2.2\spring-messaging-6.2.2.jar;C:\Users\david.pouille\.m2\repository\org\springframework\integration\spring-integration-core\6.4.1\spring-integration-core-6.4.1.jar;C:\Users\david.pouille\.m2\repository\io\projectreactor\reactor-core\3.7.2\reactor-core-3.7.2.jar;C:\Users\david.pouille\.m2\repository\org\reactivestreams\reactive-streams\1.0.4\reactive-streams-1.0.4.jar;C:\Users\david.pouille\.m2\repository\org\springframework\integration\spring-integration-jmx\6.4.1\spring-integration-jmx-6.4.1.jar;C:\Users\david.pouille\.m2\repository\org\springframework\retry\spring-retry\2.0.11\spring-retry-2.0.11.jar;C:\Users\david.pouille\.m2\repository\org\springframework\cloud\spring-cloud-function-context\4.2.0\spring-cloud-function-context-4.2.0.jar;C:\Users\david.pouille\.m2\repository\org\springframework\cloud\spring-cloud-function-core\4.2.0\spring-cloud-function-core-4.2.0.jar;C:\Users\david.pouille\.m2\repository\org\springframework\cloud\spring-cloud-stream-binder-kafka\4.2.0\spring-cloud-stream-binder-kafka-4.2.0.jar;C:\Users\david.pouille\.m2\repository\org\springframework\cloud\spring-cloud-stream-binder-kafka-core\4.2.0\spring-cloud-stream-binder-kafka-core-4.2.0.jar;C:\Users\david.pouille\.m2\repository\org\springframework\integration\spring-integration-kafka\6.4.1\spring-integration-kafka-6.4.1.jar;C:\Users\david.pouille\.m2\repository\org\springframework\cloud\spring-cloud-stream-binder-kafka-streams\4.2.0\spring-cloud-stream-binder-kafka-streams-4.2.0.jar;C:\Users\david.pouille\.m2\repository\org\springframework\kafka\spring-kafka\3.3.2\spring-kafka-3.3.2.jar;C:\Users\david.pouille\.m2\repository\org\springframework\spring-context\6.2.2\spring-context-6.2.2.jar;C:\Users\david.pouille\.m2\repository\org\springframework\spring-tx\6.2.2\spring-tx-6.2.2.jar;C:\Users\david.pouille\.m2\repository\io\micrometer\micrometer-observation\1.14.3\micrometer-observation-1.14.3.jar;C:\Users\david.pouille\.m2\repository\io\micrometer\micrometer-commons\1.14.3\micrometer-commons-1.14.3.jar;C:\Users\david.pouille\.m2\repository\org\springframework\boot\spring-boot-starter-actuator\3.4.2\spring-boot-starter-actuator-3.4.2.jar;C:\Users\david.pouille\.m2\repository\org\springframework\boot\spring-boot-actuator-autoconfigure\3.4.2\spring-boot-actuator-autoconfigure-3.4.2.jar;C:\Users\david.pouille\.m2\repository\org\springframework\boot\spring-boot-actuator\3.4.2\spring-boot-actuator-3.4.2.jar;C:\Users\david.pouille\.m2\repository\io\micrometer\micrometer-jakarta9\1.14.3\micrometer-jakarta9-1.14.3.jar;C:\Users\david.pouille\.m2\repository\io\micrometer\micrometer-core\1.14.3\micrometer-core-1.14.3.jar;C:\Users\david.pouille\.m2\repository\org\hdrhistogram\HdrHistogram\2.2.2\HdrHistogram-2.2.2.jar;C:\Users\david.pouille\.m2\repository\org\latencyutils\LatencyUtils\2.0.3\LatencyUtils-2.0.3.jar;C:\Users\david.pouille\.m2\repository\org\projectlombok\lombok\1.18.36\lombok-1.18.36.jar;C:\Users\david.pouille\.m2\repository\org\springframework\boot\spring-boot-starter-test\3.4.2\spring-boot-starter-test-3.4.2.jar;C:\Users\david.pouille\.m2\repository\org\springframework\boot\spring-boot-test\3.4.2\spring-boot-test-3.4.2.jar;C:\Users\david.pouille\.m2\repository\org\springframework\boot\spring-boot-test-autoconfigure\3.4.2\spring-boot-test-autoconfigure-3.4.2.jar;C:\Users\david.pouille\.m2\repository\com\jayway\jsonpath\json-path\2.9.0\json-path-2.9.0.jar;C:\Users\david.pouille\.m2\repository\jakarta\xml\bind\jakarta.xml.bind-api\4.0.2\jakarta.xml.bind-api-4.0.2.jar;C:\Users\david.pouille\.m2\repository\jakarta\activation\jakarta.activation-api\2.1.3\jakarta.activation-api-2.1.3.jar;C:\Users\david.pouille\.m2\repository\net\minidev\json-smart\2.5.1\json-smart-2.5.1.jar;C:\Users\david.pouille\.m2\repository\net\minidev\accessors-smart\2.5.1\accessors-smart-2.5.1.jar;C:\Users\david.pouille\.m2\repository\org\ow2\asm\asm\9.6\asm-9.6.jar;C:\Users\david.pouille\.m2\repository\org\assertj\assertj-core\3.26.3\assertj-core-3.26.3.jar;C:\Users\david.pouille\.m2\repository\net\bytebuddy\byte-buddy\1.15.11\byte-buddy-1.15.11.jar;C:\Users\david.pouille\.m2\repository\org\awaitility\awaitility\4.2.2\awaitility-4.2.2.jar;C:\Users\david.pouille\.m2\repository\org\hamcrest\hamcrest\2.2\hamcrest-2.2.jar;C:\Users\david.pouille\.m2\repository\org\junit\jupiter\junit-jupiter\5.11.4\junit-jupiter-5.11.4.jar;C:\Users\david.pouille\.m2\repository\org\junit\jupiter\junit-jupiter-params\5.11.4\junit-jupiter-params-5.11.4.jar;C:\Users\david.pouille\.m2\repository\org\junit\jupiter\junit-jupiter-engine\5.11.4\junit-jupiter-engine-5.11.4.jar;C:\Users\david.pouille\.m2\repository\org\mockito\mockito-core\5.14.2\mockito-core-5.14.2.jar;C:\Users\david.pouille\.m2\repository\net\bytebuddy\byte-buddy-agent\1.15.11\byte-buddy-agent-1.15.11.jar;C:\Users\david.pouille\.m2\repository\org\objenesis\objenesis\3.3\objenesis-3.3.jar;C:\Users\david.pouille\.m2\repository\org\mockito\mockito-junit-jupiter\5.14.2\mockito-junit-jupiter-5.14.2.jar;C:\Users\david.pouille\.m2\repository\org\skyscreamer\jsonassert\1.5.3\jsonassert-1.5.3.jar;C:\Users\david.pouille\.m2\repository\com\vaadin\external\google\android-json\0.0.20131108.vaadin1\android-json-0.0.20131108.vaadin1.jar;C:\Users\david.pouille\.m2\repository\org\springframework\spring-core\6.2.2\spring-core-6.2.2.jar;C:\Users\david.pouille\.m2\repository\org\springframework\spring-jcl\6.2.2\spring-jcl-6.2.2.jar;C:\Users\david.pouille\.m2\repository\org\springframework\spring-test\6.2.2\spring-test-6.2.2.jar;C:\Users\david.pouille\.m2\repository\org\xmlunit\xmlunit-core\2.10.0\xmlunit-core-2.10.0.jar;C:\Users\david.pouille\.m2\repository\org\springframework\cloud\spring-cloud-stream-test-binder\4.2.0\spring-cloud-stream-test-binder-4.2.0.jar;C:\Users\david.pouille\.m2\repository\org\springframework\kafka\spring-kafka-test\3.3.2\spring-kafka-test-3.3.2.jar;C:\Users\david.pouille\.m2\repository\org\apache\zookeeper\zookeeper\3.8.4\zookeeper-3.8.4.jar;C:\Users\david.pouille\.m2\repository\org\apache\zookeeper\zookeeper-jute\3.8.4\zookeeper-jute-3.8.4.jar;C:\Users\david.pouille\.m2\repository\org\apache\yetus\audience-annotations\0.12.0\audience-annotations-0.12.0.jar;C:\Users\david.pouille\.m2\repository\io\netty\netty-handler\4.1.117.Final\netty-handler-4.1.117.Final.jar;C:\Users\david.pouille\.m2\repository\io\netty\netty-common\4.1.117.Final\netty-common-4.1.117.Final.jar;C:\Users\david.pouille\.m2\repository\io\netty\netty-resolver\4.1.117.Final\netty-resolver-4.1.117.Final.jar;C:\Users\david.pouille\.m2\repository\io\netty\netty-buffer\4.1.117.Final\netty-buffer-4.1.117.Final.jar;C:\Users\david.pouille\.m2\repository\io\netty\netty-transport\4.1.117.Final\netty-transport-4.1.117.Final.jar;C:\Users\david.pouille\.m2\repository\io\netty\netty-transport-native-unix-common\4.1.117.Final\netty-transport-native-unix-common-4.1.117.Final.jar;C:\Users\david.pouille\.m2\repository\io\netty\netty-codec\4.1.117.Final\netty-codec-4.1.117.Final.jar;C:\Users\david.pouille\.m2\repository\io\netty\netty-transport-native-epoll\4.1.117.Final\netty-transport-native-epoll-4.1.117.Final.jar;C:\Users\david.pouille\.m2\repository\io\netty\netty-transport-classes-epoll\4.1.117.Final\netty-transport-classes-epoll-4.1.117.Final.jar;C:\Users\david.pouille\.m2\repository\ch\qos\logback\logback-core\1.5.16\logback-core-1.5.16.jar;C:\Users\david.pouille\.m2\repository\ch\qos\logback\logback-classic\1.5.16\logback-classic-1.5.16.jar;C:\Users\david.pouille\.m2\repository\commons-io\commons-io\2.11.0\commons-io-2.11.0.jar;C:\Users\david.pouille\.m2\repository\org\apache\kafka\kafka-clients\3.8.1\kafka-clients-3.8.1-test.jar;C:\Users\david.pouille\.m2\repository\org\apache\kafka\kafka-server\3.8.1\kafka-server-3.8.1.jar;C:\Users\david.pouille\.m2\repository\org\apache\kafka\kafka-group-coordinator\3.8.1\kafka-group-coordinator-3.8.1.jar;C:\Users\david.pouille\.m2\repository\org\apache\kafka\kafka-transaction-coordinator\3.8.1\kafka-transaction-coordinator-3.8.1.jar;C:\Users\david.pouille\.m2\repository\org\apache\kafka\kafka-raft\3.8.1\kafka-raft-3.8.1.jar;C:\Users\david.pouille\.m2\repository\com\yammer\metrics\metrics-core\2.2.0\metrics-core-2.2.0.jar;C:\Users\david.pouille\.m2\repository\org\apache\kafka\kafka-metadata\3.8.1\kafka-metadata-3.8.1.jar;C:\Users\david.pouille\.m2\repository\org\apache\kafka\kafka-server-common\3.8.1\kafka-server-common-3.8.1.jar;C:\Users\david.pouille\.m2\repository\net\sf\jopt-simple\jopt-simple\5.0.4\jopt-simple-5.0.4.jar;C:\Users\david.pouille\.m2\repository\org\pcollections\pcollections\4.0.1\pcollections-4.0.1.jar;C:\Users\david.pouille\.m2\repository\org\apache\kafka\kafka-server-common\3.8.1\kafka-server-common-3.8.1-test.jar;C:\Users\david.pouille\.m2\repository\org\apache\kafka\kafka-streams-test-utils\3.8.1\kafka-streams-test-utils-3.8.1.jar;C:\Users\david.pouille\.m2\repository\org\apache\kafka\kafka_2.13\3.8.1\kafka_2.13-3.8.1.jar;C:\Users\david.pouille\.m2\repository\org\scala-lang\scala-library\2.13.14\scala-library-2.13.14.jar;C:\Users\david.pouille\.m2\repository\org\apache\kafka\kafka-group-coordinator-api\3.8.1\kafka-group-coordinator-api-3.8.1.jar;C:\Users\david.pouille\.m2\repository\org\apache\kafka\kafka-storage-api\3.8.1\kafka-storage-api-3.8.1.jar;C:\Users\david.pouille\.m2\repository\org\apache\kafka\kafka-tools-api\3.8.1\kafka-tools-api-3.8.1.jar;C:\Users\david.pouille\.m2\repository\org\apache\kafka\kafka-storage\3.8.1\kafka-storage-3.8.1.jar;C:\Users\david.pouille\.m2\repository\com\github\ben-manes\caffeine\caffeine\3.1.8\caffeine-3.1.8.jar;C:\Users\david.pouille\.m2\repository\org\checkerframework\checker-qual\3.37.0\checker-qual-3.37.0.jar;C:\Users\david.pouille\.m2\repository\com\google\errorprone\error_prone_annotations\2.21.1\error_prone_annotations-2.21.1.jar;C:\Users\david.pouille\.m2\repository\net\sourceforge\argparse4j\argparse4j\0.7.0\argparse4j-0.7.0.jar;C:\Users\david.pouille\.m2\repository\commons-validator\commons-validator\1.7\commons-validator-1.7.jar;C:\Users\david.pouille\.m2\repository\commons-beanutils\commons-beanutils\1.9.4\commons-beanutils-1.9.4.jar;C:\Users\david.pouille\.m2\repository\commons-digester\commons-digester\2.1\commons-digester-2.1.jar;C:\Users\david.pouille\.m2\repository\commons-collections\commons-collections\3.2.2\commons-collections-3.2.2.jar;C:\Users\david.pouille\.m2\repository\com\fasterxml\jackson\module\jackson-module-scala_2.13\2.18.2\jackson-module-scala_2.13-2.18.2.jar;C:\Users\david.pouille\.m2\repository\com\thoughtworks\paranamer\paranamer\2.8\paranamer-2.8.jar;C:\Users\david.pouille\.m2\repository\com\fasterxml\jackson\dataformat\jackson-dataformat-csv\2.18.2\jackson-dataformat-csv-2.18.2.jar;C:\Users\david.pouille\.m2\repository\org\bitbucket\b_c\jose4j\0.9.4\jose4j-0.9.4.jar;C:\Users\david.pouille\.m2\repository\org\scala-lang\modules\scala-collection-compat_2.13\2.10.0\scala-collection-compat_2.13-2.10.0.jar;C:\Users\david.pouille\.m2\repository\org\scala-lang\modules\scala-java8-compat_2.13\1.0.2\scala-java8-compat_2.13-1.0.2.jar;C:\Users\david.pouille\.m2\repository\org\scala-lang\scala-reflect\2.13.14\scala-reflect-2.13.14.jar;C:\Users\david.pouille\.m2\repository\com\typesafe\scala-logging\scala-logging_2.13\3.9.4\scala-logging_2.13-3.9.4.jar;C:\Users\david.pouille\.m2\repository\io\dropwizard\metrics\metrics-core\4.1.12.1\metrics-core-4.1.12.1.jar;C:\Users\david.pouille\.m2\repository\commons-cli\commons-cli\1.4\commons-cli-1.4.jar;C:\Users\david.pouille\.m2\repository\org\apache\kafka\kafka_2.13\3.8.1\kafka_2.13-3.8.1-test.jar;C:\Users\david.pouille\.m2\repository\org\junit\jupiter\junit-jupiter-api\5.11.4\junit-jupiter-api-5.11.4.jar;C:\Users\david.pouille\.m2\repository\org\opentest4j\opentest4j\1.3.0\opentest4j-1.3.0.jar;C:\Users\david.pouille\.m2\repository\org\junit\platform\junit-platform-commons\1.11.4\junit-platform-commons-1.11.4.jar;C:\Users\david.pouille\.m2\repository\org\apiguardian\apiguardian-api\1.1.2\apiguardian-api-1.1.2.jar;C:\Users\david.pouille\.m2\repository\org\junit\platform\junit-platform-launcher\1.11.4\junit-platform-launcher-1.11.4.jar;C:\Users\david.pouille\.m2\repository\org\junit\platform\junit-platform-engine\1.11.4\junit-platform-engine-1.11.4.jar;"/>
    <property name="java.vm.vendor" value="Oracle Corporation"/>
    <property name="sun.arch.data.model" value="64"/>
    <property name="user.variant" value=""/>
    <property name="java.vendor.url" value="https://java.oracle.com/"/>
    <property name="user.timezone" value="Europe/Paris"/>
    <property name="org.jboss.logging.provider" value="slf4j"/>
    <property name="os.name" value="Windows 10"/>
    <property name="java.vm.specification.version" value="23"/>
    <property name="APPLICATION_NAME" value="kafka-spring-cloud-stream"/>
    <property name="sun.java.launcher" value="SUN_STANDARD"/>
    <property name="user.country" value="FR"/>
    <property name="sun.boot.library.path" value="C:\Program Files\Java\jdk-23\bin"/>
    <property name="sun.java.command" value="C:\Users\david.pouille\AppData\Local\Temp\surefire11511370289781971024\surefirebooter-20250320113810537_3.jar C:\Users\david.pouille\AppData\Local\Temp\surefire11511370289781971024 2025-03-20T11-38-09_520-jvmRun1 surefire-20250320113810537_1tmp surefire_0-20250320113810537_2tmp"/>
    <property name="jdk.debug" value="release"/>
    <property name="surefire.test.class.path" value="C:\Users\david.pouille\eclipse-workspace\kafka-streams-spring-cloud-stream-bdcc-enset-main\target\test-classes;C:\Users\david.pouille\eclipse-workspace\kafka-streams-spring-cloud-stream-bdcc-enset-main\target\classes;C:\Users\david.pouille\.m2\repository\org\springframework\boot\spring-boot-starter-web\3.4.2\spring-boot-starter-web-3.4.2.jar;C:\Users\david.pouille\.m2\repository\org\springframework\boot\spring-boot-starter\3.4.2\spring-boot-starter-3.4.2.jar;C:\Users\david.pouille\.m2\repository\org\springframework\boot\spring-boot\3.4.2\spring-boot-3.4.2.jar;C:\Users\david.pouille\.m2\repository\org\springframework\boot\spring-boot-autoconfigure\3.4.2\spring-boot-autoconfigure-3.4.2.jar;C:\Users\david.pouille\.m2\repository\org\springframework\boot\spring-boot-starter-logging\3.4.2\spring-boot-starter-logging-3.4.2.jar;C:\Users\david.pouille\.m2\repository\org\apache\logging\log4j\log4j-to-slf4j\2.24.3\log4j-to-slf4j-2.24.3.jar;C:\Users\david.pouille\.m2\repository\org\apache\logging\log4j\log4j-api\2.24.3\log4j-api-2.24.3.jar;C:\Users\david.pouille\.m2\repository\org\slf4j\jul-to-slf4j\2.0.16\jul-to-slf4j-2.0.16.jar;C:\Users\david.pouille\.m2\repository\jakarta\annotation\jakarta.annotation-api\2.1.1\jakarta.annotation-api-2.1.1.jar;C:\Users\david.pouille\.m2\repository\org\yaml\snakeyaml\2.3\snakeyaml-2.3.jar;C:\Users\david.pouille\.m2\repository\org\springframework\boot\spring-boot-starter-json\3.4.2\spring-boot-starter-json-3.4.2.jar;C:\Users\david.pouille\.m2\repository\com\fasterxml\jackson\datatype\jackson-datatype-jdk8\2.18.2\jackson-datatype-jdk8-2.18.2.jar;C:\Users\david.pouille\.m2\repository\com\fasterxml\jackson\datatype\jackson-datatype-jsr310\2.18.2\jackson-datatype-jsr310-2.18.2.jar;C:\Users\david.pouille\.m2\repository\com\fasterxml\jackson\module\jackson-module-parameter-names\2.18.2\jackson-module-parameter-names-2.18.2.jar;C:\Users\david.pouille\.m2\repository\org\springframework\boot\spring-boot-starter-tomcat\3.4.2\spring-boot-starter-tomcat-3.4.2.jar;C:\Users\david.pouille\.m2\repository\org\apache\tomcat\embed\tomcat-embed-core\10.1.34\tomcat-embed-core-10.1.34.jar;C:\Users\david.pouille\.m2\repository\org\apache\tomcat\embed\tomcat-embed-el\10.1.34\tomcat-embed-el-10.1.34.jar;C:\Users\david.pouille\.m2\repository\org\apache\tomcat\embed\tomcat-embed-websocket\10.1.34\tomcat-embed-websocket-10.1.34.jar;C:\Users\david.pouille\.m2\repository\org\springframework\spring-web\6.2.2\spring-web-6.2.2.jar;C:\Users\david.pouille\.m2\repository\org\springframework\spring-beans\6.2.2\spring-beans-6.2.2.jar;C:\Users\david.pouille\.m2\repository\org\springframework\spring-webmvc\6.2.2\spring-webmvc-6.2.2.jar;C:\Users\david.pouille\.m2\repository\org\springframework\spring-aop\6.2.2\spring-aop-6.2.2.jar;C:\Users\david.pouille\.m2\repository\org\springframework\spring-expression\6.2.2\spring-expression-6.2.2.jar;C:\Users\david.pouille\.m2\repository\org\apache\kafka\kafka-streams\3.8.1\kafka-streams-3.8.1.jar;C:\Users\david.pouille\.m2\repository\org\apache\kafka\kafka-clients\3.8.1\kafka-clients-3.8.1.jar;C:\Users\david.pouille\.m2\repository\com\github\luben\zstd-jni\1.5.6-4\zstd-jni-1.5.6-4.jar;C:\Users\david.pouille\.m2\repository\org\lz4\lz4-java\1.8.0\lz4-java-1.8.0.jar;C:\Users\david.pouille\.m2\repository\org\xerial\snappy\snappy-java\1.1.10.5\snappy-java-1.1.10.5.jar;C:\Users\david.pouille\.m2\repository\org\rocksdb\rocksdbjni\7.9.2\rocksdbjni-7.9.2.jar;C:\Users\david.pouille\.m2\repository\org\slf4j\slf4j-api\2.0.16\slf4j-api-2.0.16.jar;C:\Users\david.pouille\.m2\repository\com\fasterxml\jackson\core\jackson-annotations\2.18.2\jackson-annotations-2.18.2.jar;C:\Users\david.pouille\.m2\repository\com\fasterxml\jackson\core\jackson-databind\2.18.2\jackson-databind-2.18.2.jar;C:\Users\david.pouille\.m2\repository\com\fasterxml\jackson\core\jackson-core\2.18.2\jackson-core-2.18.2.jar;C:\Users\david.pouille\.m2\repository\org\springframework\cloud\spring-cloud-stream\4.2.0\spring-cloud-stream-4.2.0.jar;C:\Users\david.pouille\.m2\repository\org\springframework\boot\spring-boot-starter-validation\3.4.2\spring-boot-starter-validation-3.4.2.jar;C:\Users\david.pouille\.m2\repository\org\hibernate\validator\hibernate-validator\8.0.2.Final\hibernate-validator-8.0.2.Final.jar;C:\Users\david.pouille\.m2\repository\jakarta\validation\jakarta.validation-api\3.0.2\jakarta.validation-api-3.0.2.jar;C:\Users\david.pouille\.m2\repository\org\jboss\logging\jboss-logging\3.6.1.Final\jboss-logging-3.6.1.Final.jar;C:\Users\david.pouille\.m2\repository\com\fasterxml\classmate\1.7.0\classmate-1.7.0.jar;C:\Users\david.pouille\.m2\repository\org\springframework\spring-messaging\6.2.2\spring-messaging-6.2.2.jar;C:\Users\david.pouille\.m2\repository\org\springframework\integration\spring-integration-core\6.4.1\spring-integration-core-6.4.1.jar;C:\Users\david.pouille\.m2\repository\io\projectreactor\reactor-core\3.7.2\reactor-core-3.7.2.jar;C:\Users\david.pouille\.m2\repository\org\reactivestreams\reactive-streams\1.0.4\reactive-streams-1.0.4.jar;C:\Users\david.pouille\.m2\repository\org\springframework\integration\spring-integration-jmx\6.4.1\spring-integration-jmx-6.4.1.jar;C:\Users\david.pouille\.m2\repository\org\springframework\retry\spring-retry\2.0.11\spring-retry-2.0.11.jar;C:\Users\david.pouille\.m2\repository\org\springframework\cloud\spring-cloud-function-context\4.2.0\spring-cloud-function-context-4.2.0.jar;C:\Users\david.pouille\.m2\repository\org\springframework\cloud\spring-cloud-function-core\4.2.0\spring-cloud-function-core-4.2.0.jar;C:\Users\david.pouille\.m2\repository\org\springframework\cloud\spring-cloud-stream-binder-kafka\4.2.0\spring-cloud-stream-binder-kafka-4.2.0.jar;C:\Users\david.pouille\.m2\repository\org\springframework\cloud\spring-cloud-stream-binder-kafka-core\4.2.0\spring-cloud-stream-binder-kafka-core-4.2.0.jar;C:\Users\david.pouille\.m2\repository\org\springframework\integration\spring-integration-kafka\6.4.1\spring-integration-kafka-6.4.1.jar;C:\Users\david.pouille\.m2\repository\org\springframework\cloud\spring-cloud-stream-binder-kafka-streams\4.2.0\spring-cloud-stream-binder-kafka-streams-4.2.0.jar;C:\Users\david.pouille\.m2\repository\org\springframework\kafka\spring-kafka\3.3.2\spring-kafka-3.3.2.jar;C:\Users\david.pouille\.m2\repository\org\springframework\spring-context\6.2.2\spring-context-6.2.2.jar;C:\Users\david.pouille\.m2\repository\org\springframework\spring-tx\6.2.2\spring-tx-6.2.2.jar;C:\Users\david.pouille\.m2\repository\io\micrometer\micrometer-observation\1.14.3\micrometer-observation-1.14.3.jar;C:\Users\david.pouille\.m2\repository\io\micrometer\micrometer-commons\1.14.3\micrometer-commons-1.14.3.jar;C:\Users\david.pouille\.m2\repository\org\springframework\boot\spring-boot-starter-actuator\3.4.2\spring-boot-starter-actuator-3.4.2.jar;C:\Users\david.pouille\.m2\repository\org\springframework\boot\spring-boot-actuator-autoconfigure\3.4.2\spring-boot-actuator-autoconfigure-3.4.2.jar;C:\Users\david.pouille\.m2\repository\org\springframework\boot\spring-boot-actuator\3.4.2\spring-boot-actuator-3.4.2.jar;C:\Users\david.pouille\.m2\repository\io\micrometer\micrometer-jakarta9\1.14.3\micrometer-jakarta9-1.14.3.jar;C:\Users\david.pouille\.m2\repository\io\micrometer\micrometer-core\1.14.3\micrometer-core-1.14.3.jar;C:\Users\david.pouille\.m2\repository\org\hdrhistogram\HdrHistogram\2.2.2\HdrHistogram-2.2.2.jar;C:\Users\david.pouille\.m2\repository\org\latencyutils\LatencyUtils\2.0.3\LatencyUtils-2.0.3.jar;C:\Users\david.pouille\.m2\repository\org\projectlombok\lombok\1.18.36\lombok-1.18.36.jar;C:\Users\david.pouille\.m2\repository\org\springframework\boot\spring-boot-starter-test\3.4.2\spring-boot-starter-test-3.4.2.jar;C:\Users\david.pouille\.m2\repository\org\springframework\boot\spring-boot-test\3.4.2\spring-boot-test-3.4.2.jar;C:\Users\david.pouille\.m2\repository\org\springframework\boot\spring-boot-test-autoconfigure\3.4.2\spring-boot-test-autoconfigure-3.4.2.jar;C:\Users\david.pouille\.m2\repository\com\jayway\jsonpath\json-path\2.9.0\json-path-2.9.0.jar;C:\Users\david.pouille\.m2\repository\jakarta\xml\bind\jakarta.xml.bind-api\4.0.2\jakarta.xml.bind-api-4.0.2.jar;C:\Users\david.pouille\.m2\repository\jakarta\activation\jakarta.activation-api\2.1.3\jakarta.activation-api-2.1.3.jar;C:\Users\david.pouille\.m2\repository\net\minidev\json-smart\2.5.1\json-smart-2.5.1.jar;C:\Users\david.pouille\.m2\repository\net\minidev\accessors-smart\2.5.1\accessors-smart-2.5.1.jar;C:\Users\david.pouille\.m2\repository\org\ow2\asm\asm\9.6\asm-9.6.jar;C:\Users\david.pouille\.m2\repository\org\assertj\assertj-core\3.26.3\assertj-core-3.26.3.jar;C:\Users\david.pouille\.m2\repository\net\bytebuddy\byte-buddy\1.15.11\byte-buddy-1.15.11.jar;C:\Users\david.pouille\.m2\repository\org\awaitility\awaitility\4.2.2\awaitility-4.2.2.jar;C:\Users\david.pouille\.m2\repository\org\hamcrest\hamcrest\2.2\hamcrest-2.2.jar;C:\Users\david.pouille\.m2\repository\org\junit\jupiter\junit-jupiter\5.11.4\junit-jupiter-5.11.4.jar;C:\Users\david.pouille\.m2\repository\org\junit\jupiter\junit-jupiter-params\5.11.4\junit-jupiter-params-5.11.4.jar;C:\Users\david.pouille\.m2\repository\org\junit\jupiter\junit-jupiter-engine\5.11.4\junit-jupiter-engine-5.11.4.jar;C:\Users\david.pouille\.m2\repository\org\mockito\mockito-core\5.14.2\mockito-core-5.14.2.jar;C:\Users\david.pouille\.m2\repository\net\bytebuddy\byte-buddy-agent\1.15.11\byte-buddy-agent-1.15.11.jar;C:\Users\david.pouille\.m2\repository\org\objenesis\objenesis\3.3\objenesis-3.3.jar;C:\Users\david.pouille\.m2\repository\org\mockito\mockito-junit-jupiter\5.14.2\mockito-junit-jupiter-5.14.2.jar;C:\Users\david.pouille\.m2\repository\org\skyscreamer\jsonassert\1.5.3\jsonassert-1.5.3.jar;C:\Users\david.pouille\.m2\repository\com\vaadin\external\google\android-json\0.0.20131108.vaadin1\android-json-0.0.20131108.vaadin1.jar;C:\Users\david.pouille\.m2\repository\org\springframework\spring-core\6.2.2\spring-core-6.2.2.jar;C:\Users\david.pouille\.m2\repository\org\springframework\spring-jcl\6.2.2\spring-jcl-6.2.2.jar;C:\Users\david.pouille\.m2\repository\org\springframework\spring-test\6.2.2\spring-test-6.2.2.jar;C:\Users\david.pouille\.m2\repository\org\xmlunit\xmlunit-core\2.10.0\xmlunit-core-2.10.0.jar;C:\Users\david.pouille\.m2\repository\org\springframework\cloud\spring-cloud-stream-test-binder\4.2.0\spring-cloud-stream-test-binder-4.2.0.jar;C:\Users\david.pouille\.m2\repository\org\springframework\kafka\spring-kafka-test\3.3.2\spring-kafka-test-3.3.2.jar;C:\Users\david.pouille\.m2\repository\org\apache\zookeeper\zookeeper\3.8.4\zookeeper-3.8.4.jar;C:\Users\david.pouille\.m2\repository\org\apache\zookeeper\zookeeper-jute\3.8.4\zookeeper-jute-3.8.4.jar;C:\Users\david.pouille\.m2\repository\org\apache\yetus\audience-annotations\0.12.0\audience-annotations-0.12.0.jar;C:\Users\david.pouille\.m2\repository\io\netty\netty-handler\4.1.117.Final\netty-handler-4.1.117.Final.jar;C:\Users\david.pouille\.m2\repository\io\netty\netty-common\4.1.117.Final\netty-common-4.1.117.Final.jar;C:\Users\david.pouille\.m2\repository\io\netty\netty-resolver\4.1.117.Final\netty-resolver-4.1.117.Final.jar;C:\Users\david.pouille\.m2\repository\io\netty\netty-buffer\4.1.117.Final\netty-buffer-4.1.117.Final.jar;C:\Users\david.pouille\.m2\repository\io\netty\netty-transport\4.1.117.Final\netty-transport-4.1.117.Final.jar;C:\Users\david.pouille\.m2\repository\io\netty\netty-transport-native-unix-common\4.1.117.Final\netty-transport-native-unix-common-4.1.117.Final.jar;C:\Users\david.pouille\.m2\repository\io\netty\netty-codec\4.1.117.Final\netty-codec-4.1.117.Final.jar;C:\Users\david.pouille\.m2\repository\io\netty\netty-transport-native-epoll\4.1.117.Final\netty-transport-native-epoll-4.1.117.Final.jar;C:\Users\david.pouille\.m2\repository\io\netty\netty-transport-classes-epoll\4.1.117.Final\netty-transport-classes-epoll-4.1.117.Final.jar;C:\Users\david.pouille\.m2\repository\ch\qos\logback\logback-core\1.5.16\logback-core-1.5.16.jar;C:\Users\david.pouille\.m2\repository\ch\qos\logback\logback-classic\1.5.16\logback-classic-1.5.16.jar;C:\Users\david.pouille\.m2\repository\commons-io\commons-io\2.11.0\commons-io-2.11.0.jar;C:\Users\david.pouille\.m2\repository\org\apache\kafka\kafka-clients\3.8.1\kafka-clients-3.8.1-test.jar;C:\Users\david.pouille\.m2\repository\org\apache\kafka\kafka-server\3.8.1\kafka-server-3.8.1.jar;C:\Users\david.pouille\.m2\repository\org\apache\kafka\kafka-group-coordinator\3.8.1\kafka-group-coordinator-3.8.1.jar;C:\Users\david.pouille\.m2\repository\org\apache\kafka\kafka-transaction-coordinator\3.8.1\kafka-transaction-coordinator-3.8.1.jar;C:\Users\david.pouille\.m2\repository\org\apache\kafka\kafka-raft\3.8.1\kafka-raft-3.8.1.jar;C:\Users\david.pouille\.m2\repository\com\yammer\metrics\metrics-core\2.2.0\metrics-core-2.2.0.jar;C:\Users\david.pouille\.m2\repository\org\apache\kafka\kafka-metadata\3.8.1\kafka-metadata-3.8.1.jar;C:\Users\david.pouille\.m2\repository\org\apache\kafka\kafka-server-common\3.8.1\kafka-server-common-3.8.1.jar;C:\Users\david.pouille\.m2\repository\net\sf\jopt-simple\jopt-simple\5.0.4\jopt-simple-5.0.4.jar;C:\Users\david.pouille\.m2\repository\org\pcollections\pcollections\4.0.1\pcollections-4.0.1.jar;C:\Users\david.pouille\.m2\repository\org\apache\kafka\kafka-server-common\3.8.1\kafka-server-common-3.8.1-test.jar;C:\Users\david.pouille\.m2\repository\org\apache\kafka\kafka-streams-test-utils\3.8.1\kafka-streams-test-utils-3.8.1.jar;C:\Users\david.pouille\.m2\repository\org\apache\kafka\kafka_2.13\3.8.1\kafka_2.13-3.8.1.jar;C:\Users\david.pouille\.m2\repository\org\scala-lang\scala-library\2.13.14\scala-library-2.13.14.jar;C:\Users\david.pouille\.m2\repository\org\apache\kafka\kafka-group-coordinator-api\3.8.1\kafka-group-coordinator-api-3.8.1.jar;C:\Users\david.pouille\.m2\repository\org\apache\kafka\kafka-storage-api\3.8.1\kafka-storage-api-3.8.1.jar;C:\Users\david.pouille\.m2\repository\org\apache\kafka\kafka-tools-api\3.8.1\kafka-tools-api-3.8.1.jar;C:\Users\david.pouille\.m2\repository\org\apache\kafka\kafka-storage\3.8.1\kafka-storage-3.8.1.jar;C:\Users\david.pouille\.m2\repository\com\github\ben-manes\caffeine\caffeine\3.1.8\caffeine-3.1.8.jar;C:\Users\david.pouille\.m2\repository\org\checkerframework\checker-qual\3.37.0\checker-qual-3.37.0.jar;C:\Users\david.pouille\.m2\repository\com\google\errorprone\error_prone_annotations\2.21.1\error_prone_annotations-2.21.1.jar;C:\Users\david.pouille\.m2\repository\net\sourceforge\argparse4j\argparse4j\0.7.0\argparse4j-0.7.0.jar;C:\Users\david.pouille\.m2\repository\commons-validator\commons-validator\1.7\commons-validator-1.7.jar;C:\Users\david.pouille\.m2\repository\commons-beanutils\commons-beanutils\1.9.4\commons-beanutils-1.9.4.jar;C:\Users\david.pouille\.m2\repository\commons-digester\commons-digester\2.1\commons-digester-2.1.jar;C:\Users\david.pouille\.m2\repository\commons-collections\commons-collections\3.2.2\commons-collections-3.2.2.jar;C:\Users\david.pouille\.m2\repository\com\fasterxml\jackson\module\jackson-module-scala_2.13\2.18.2\jackson-module-scala_2.13-2.18.2.jar;C:\Users\david.pouille\.m2\repository\com\thoughtworks\paranamer\paranamer\2.8\paranamer-2.8.jar;C:\Users\david.pouille\.m2\repository\com\fasterxml\jackson\dataformat\jackson-dataformat-csv\2.18.2\jackson-dataformat-csv-2.18.2.jar;C:\Users\david.pouille\.m2\repository\org\bitbucket\b_c\jose4j\0.9.4\jose4j-0.9.4.jar;C:\Users\david.pouille\.m2\repository\org\scala-lang\modules\scala-collection-compat_2.13\2.10.0\scala-collection-compat_2.13-2.10.0.jar;C:\Users\david.pouille\.m2\repository\org\scala-lang\modules\scala-java8-compat_2.13\1.0.2\scala-java8-compat_2.13-1.0.2.jar;C:\Users\david.pouille\.m2\repository\org\scala-lang\scala-reflect\2.13.14\scala-reflect-2.13.14.jar;C:\Users\david.pouille\.m2\repository\com\typesafe\scala-logging\scala-logging_2.13\3.9.4\scala-logging_2.13-3.9.4.jar;C:\Users\david.pouille\.m2\repository\io\dropwizard\metrics\metrics-core\4.1.12.1\metrics-core-4.1.12.1.jar;C:\Users\david.pouille\.m2\repository\commons-cli\commons-cli\1.4\commons-cli-1.4.jar;C:\Users\david.pouille\.m2\repository\org\apache\kafka\kafka_2.13\3.8.1\kafka_2.13-3.8.1-test.jar;C:\Users\david.pouille\.m2\repository\org\junit\jupiter\junit-jupiter-api\5.11.4\junit-jupiter-api-5.11.4.jar;C:\Users\david.pouille\.m2\repository\org\opentest4j\opentest4j\1.3.0\opentest4j-1.3.0.jar;C:\Users\david.pouille\.m2\repository\org\junit\platform\junit-platform-commons\1.11.4\junit-platform-commons-1.11.4.jar;C:\Users\david.pouille\.m2\repository\org\apiguardian\apiguardian-api\1.1.2\apiguardian-api-1.1.2.jar;C:\Users\david.pouille\.m2\repository\org\junit\platform\junit-platform-launcher\1.11.4\junit-platform-launcher-1.11.4.jar;C:\Users\david.pouille\.m2\repository\org\junit\platform\junit-platform-engine\1.11.4\junit-platform-engine-1.11.4.jar;"/>
    <property name="sun.cpu.endian" value="little"/>
    <property name="user.home" value="C:\Users\david.pouille"/>
    <property name="user.language" value="fr"/>
    <property name="java.specification.vendor" value="Oracle Corporation"/>
    <property name="java.version.date" value="2025-01-21"/>
    <property name="java.home" value="C:\Program Files\Java\jdk-23"/>
    <property name="file.separator" value="\"/>
    <property name="basedir" value="C:\Users\david.pouille\eclipse-workspace\kafka-streams-spring-cloud-stream-bdcc-enset-main"/>
    <property name="java.vm.compressedOopsMode" value="Zero based"/>
    <property name="line.separator" value="&#10;"/>
    <property name="java.vm.specification.vendor" value="Oracle Corporation"/>
    <property name="java.specification.name" value="Java Platform API Specification"/>
    <property name="FILE_LOG_CHARSET" value="UTF-8"/>
    <property name="java.awt.headless" value="true"/>
    <property name="surefire.real.class.path" value="C:\Users\david.pouille\AppData\Local\Temp\surefire11511370289781971024\surefirebooter-20250320113810537_3.jar"/>
    <property name="user.script" value=""/>
    <property name="sun.management.compiler" value="HotSpot 64-Bit Tiered Compilers"/>
    <property name="java.runtime.version" value="23.0.2+7-58"/>
    <property name="user.name" value="david.pouille"/>
    <property name="stdout.encoding" value="Cp1252"/>
    <property name="path.separator" value=";"/>
    <property name="os.version" value="10.0"/>
    <property name="java.runtime.name" value="Java(TM) SE Runtime Environment"/>
    <property name="file.encoding" value="UTF-8"/>
    <property name="java.vm.name" value="Java HotSpot(TM) 64-Bit Server VM"/>
    <property name="localRepository" value="C:\Users\david.pouille\.m2\repository"/>
    <property name="java.vendor.url.bug" value="https://bugreport.java.com/bugreport/"/>
    <property name="java.io.tmpdir" value="C:\Users\DAVID~1.POU\AppData\Local\Temp\"/>
    <property name="java.version" value="23.0.2"/>
    <property name="user.dir" value="C:\Users\david.pouille\eclipse-workspace\kafka-streams-spring-cloud-stream-bdcc-enset-main"/>
    <property name="os.arch" value="amd64"/>
    <property name="java.vm.specification.name" value="Java Virtual Machine Specification"/>
    <property name="PID" value="15556"/>
    <property name="sun.os.patch.level" value=""/>
    <property name="CONSOLE_LOG_CHARSET" value="UTF-8"/>
    <property name="native.encoding" value="Cp1252"/>
    <property name="java.library.path" value="C:\Program Files\Java\jdk-23\bin;C:\WINDOWS\Sun\Java\bin;C:\WINDOWS\system32;C:\WINDOWS;C:\Program Files\Apache\maven\bin;C:\Program Files\Common Files\Oracle\Java\javapath;C:\Windows\system32;C:\Windows;C:\Windows\System32\Wbem;C:\Windows\System32\WindowsPowerShell\v1.0\;C:\Windows\System32\OpenSSH\;C:\Program Files (x86)\NVIDIA Corporation\PhysX\Common;C:\WINDOWS\system32;C:\WINDOWS;C:\WINDOWS\System32\Wbem;C:\WINDOWS\System32\WindowsPowerShell\v1.0\;C:\WINDOWS\System32\OpenSSH\;C:\Program Files\Docker\Docker\resources\bin;C:\Users\david.pouille\AppData\Local\Microsoft\WindowsApps;C:\Users\david.pouille\AppData\Local\Programs\Microsoft VS Code\bin;;."/>
    <property name="java.vm.info" value="mixed mode, sharing"/>
    <property name="stderr.encoding" value="Cp1252"/>
    <property name="java.vendor" value="Oracle Corporation"/>
    <property name="java.vm.version" value="23.0.2+7-58"/>
    <property name="sun.io.unicode.encoding" value="UnicodeLittle"/>
    <property name="java.class.version" value="67.0"/>
    <property name="LOGGED_APPLICATION_NAME" value="[kafka-spring-cloud-stream] "/>
  </properties>
  <testcase name="contextLoads" classname="net.youssfi.kafkaspringcloudstream.KafkaSpringCloudStreamApplicationTests" time="0.821">
    <system-out><![CDATA[11:38:11.444 [main] INFO org.springframework.test.context.support.AnnotationConfigContextLoaderUtils -- Could not detect default configuration classes for test class [net.youssfi.kafkaspringcloudstream.KafkaSpringCloudStreamApplicationTests]: KafkaSpringCloudStreamApplicationTests does not declare any static, non-private, non-final, nested classes annotated with @Configuration.
11:38:11.582 [main] INFO org.springframework.boot.test.context.SpringBootTestContextBootstrapper -- Found @SpringBootConfiguration net.youssfi.kafkaspringcloudstream.KafkaSpringCloudStreamApplication for test class net.youssfi.kafkaspringcloudstream.KafkaSpringCloudStreamApplicationTests

  .   ____          _            __ _ _
 /\\ / ___'_ __ _ _(_)_ __  __ _ \ \ \ \
( ( )\___ | '_ | '_| | '_ \/ _` | \ \ \ \
 \\/  ___)| |_)| | | | | || (_| |  ) ) ) )
  '  |____| .__|_| |_|_| |_\__, | / / / /
 =========|_|==============|___/=/_/_/_/

 :: Spring Boot ::                (v3.4.2)

2025-03-20T11:38:12.084+01:00  INFO 15556 --- [kafka-spring-cloud-stream] [           main] k.KafkaSpringCloudStreamApplicationTests : Starting KafkaSpringCloudStreamApplicationTests using Java 23.0.2 with PID 15556 (started by david.pouille in C:\Users\david.pouille\eclipse-workspace\kafka-streams-spring-cloud-stream-bdcc-enset-main)
2025-03-20T11:38:12.086+01:00  INFO 15556 --- [kafka-spring-cloud-stream] [           main] k.KafkaSpringCloudStreamApplicationTests : No active profile set, falling back to 1 default profile: "default"
2025-03-20T11:38:13.228+01:00  INFO 15556 --- [kafka-spring-cloud-stream] [           main] faultConfiguringBeanFactoryPostProcessor : No bean named 'errorChannel' has been explicitly defined. Therefore, a default PublishSubscribeChannel will be created.
2025-03-20T11:38:13.239+01:00  INFO 15556 --- [kafka-spring-cloud-stream] [           main] faultConfiguringBeanFactoryPostProcessor : No bean named 'integrationHeaderChannelRegistry' has been explicitly defined. Therefore, a default DefaultHeaderChannelRegistry will be created.
2025-03-20T11:38:13.858+01:00  INFO 15556 --- [kafka-spring-cloud-stream] [           main] StreamsVersionAgnosticTopologyInfoFacade : Using method org.apache.kafka.streams.processor.internals.TopologyMetadata.sourceTopicsForStore(java.lang.String,java.lang.String)
2025-03-20T11:38:14.019+01:00  INFO 15556 --- [kafka-spring-cloud-stream] [           main] o.s.b.a.w.s.WelcomePageHandlerMapping    : Adding welcome page: class path resource [static/index.html]
2025-03-20T11:38:14.617+01:00  INFO 15556 --- [kafka-spring-cloud-stream] [           main] o.s.c.s.m.DirectWithAttributesChannel    : Channel 'kafka-spring-cloud-stream.pageEventConsumer-in-0' has 1 subscriber(s).
2025-03-20T11:38:15.010+01:00  INFO 15556 --- [kafka-spring-cloud-stream] [           main] org.apache.kafka.streams.StreamsConfig   : StreamsConfig values: 
	acceptable.recovery.lag = 10000
	application.id = page-event-stream
	application.server = 
	auto.include.jmx.reporter = true
	bootstrap.servers = [localhost:9092]
	buffered.records.per.partition = 1000
	built.in.metrics.version = latest
	cache.max.bytes.buffering = 10485760
	client.id = 
	commit.interval.ms = 5000
	connections.max.idle.ms = 540000
	default.client.supplier = class org.apache.kafka.streams.processor.internals.DefaultKafkaClientSupplier
	default.deserialization.exception.handler = class org.apache.kafka.streams.errors.LogAndFailExceptionHandler
	default.dsl.store = rocksDB
	default.key.serde = class org.apache.kafka.common.serialization.Serdes$StringSerde
	default.list.key.serde.inner = null
	default.list.key.serde.type = null
	default.list.value.serde.inner = null
	default.list.value.serde.type = null
	default.production.exception.handler = class org.apache.kafka.streams.errors.DefaultProductionExceptionHandler
	default.timestamp.extractor = class org.apache.kafka.streams.processor.FailOnInvalidTimestamp
	default.value.serde = class org.apache.kafka.common.serialization.Serdes$DoubleSerde
	dsl.store.suppliers.class = class org.apache.kafka.streams.state.BuiltInDslStoreSuppliers$RocksDBDslStoreSuppliers
	enable.metrics.push = true
	max.task.idle.ms = 0
	max.warmup.replicas = 2
	metadata.max.age.ms = 300000
	metric.reporters = []
	metrics.num.samples = 2
	metrics.recording.level = INFO
	metrics.sample.window.ms = 30000
	num.standby.replicas = 0
	num.stream.threads = 1
	poll.ms = 100
	probing.rebalance.interval.ms = 600000
	processing.guarantee = at_least_once
	rack.aware.assignment.non_overlap_cost = null
	rack.aware.assignment.strategy = none
	rack.aware.assignment.tags = []
	rack.aware.assignment.traffic_cost = null
	receive.buffer.bytes = 32768
	reconnect.backoff.max.ms = 1000
	reconnect.backoff.ms = 50
	repartition.purge.interval.ms = 30000
	replication.factor = -1
	request.timeout.ms = 40000
	retries = 0
	retry.backoff.ms = 100
	rocksdb.config.setter = null
	security.protocol = PLAINTEXT
	send.buffer.bytes = 131072
	state.cleanup.delay.ms = 600000
	state.dir = C:\Users\DAVID~1.POU\AppData\Local\Temp\\kafka-streams
	statestore.cache.max.bytes = 10485760
	task.assignor.class = null
	task.timeout.ms = 300000
	topology.optimization = none
	upgrade.from = null
	window.size.ms = null
	windowed.inner.class.serde = null
	windowstore.changelog.additional.retention.ms = 86400000

2025-03-20T11:38:15.033+01:00  INFO 15556 --- [kafka-spring-cloud-stream] [           main] .c.s.b.k.s.KafkaStreamsFunctionProcessor : Key Serde used for kStreamFunction-in-0: org.apache.kafka.common.serialization.Serdes$StringSerde
2025-03-20T11:38:15.102+01:00  INFO 15556 --- [kafka-spring-cloud-stream] [           main] .c.s.b.k.s.KafkaStreamsFunctionProcessor : Value Serde used for kStreamFunction-in-0: org.springframework.kafka.support.serializer.JsonSerde
2025-03-20T11:38:15.103+01:00  INFO 15556 --- [kafka-spring-cloud-stream] [           main] .k.s.AbstractKafkaStreamsBinderProcessor : Native decoding is enabled for kStreamFunction-in-0. Inbound deserialization done at the broker.
2025-03-20T11:38:15.141+01:00  INFO 15556 --- [kafka-spring-cloud-stream] [           main] o.s.b.a.e.web.EndpointLinksResolver      : Exposing 19 endpoints beneath base path '/actuator'
2025-03-20T11:38:15.230+01:00  INFO 15556 --- [kafka-spring-cloud-stream] [           main] o.s.i.endpoint.EventDrivenConsumer       : Adding {logging-channel-adapter:_org.springframework.integration.errorLogger} as a subscriber to the 'errorChannel' channel
2025-03-20T11:38:15.230+01:00  INFO 15556 --- [kafka-spring-cloud-stream] [           main] o.s.i.channel.PublishSubscribeChannel    : Channel 'kafka-spring-cloud-stream.errorChannel' has 1 subscriber(s).
2025-03-20T11:38:15.230+01:00  INFO 15556 --- [kafka-spring-cloud-stream] [           main] o.s.i.endpoint.EventDrivenConsumer       : started bean '_org.springframework.integration.errorLogger'
2025-03-20T11:38:15.230+01:00  INFO 15556 --- [kafka-spring-cloud-stream] [           main] o.s.i.endpoint.EventDrivenConsumer       : Adding {router} as a subscriber to the 'pageEventSupplier_integrationflow.channel#0' channel
2025-03-20T11:38:15.231+01:00  INFO 15556 --- [kafka-spring-cloud-stream] [           main] o.s.integration.channel.DirectChannel    : Channel 'kafka-spring-cloud-stream.pageEventSupplier_integrationflow.channel#0' has 1 subscriber(s).
2025-03-20T11:38:15.231+01:00  INFO 15556 --- [kafka-spring-cloud-stream] [           main] o.s.i.endpoint.EventDrivenConsumer       : started bean 'pageEventSupplier_integrationflow.org.springframework.integration.config.ConsumerEndpointFactoryBean#0'
2025-03-20T11:38:15.231+01:00  INFO 15556 --- [kafka-spring-cloud-stream] [           main] o.s.i.endpoint.EventDrivenConsumer       : Adding {router} as a subscriber to the 'fluxSupplier_integrationflow.channel#0' channel
2025-03-20T11:38:15.231+01:00  INFO 15556 --- [kafka-spring-cloud-stream] [           main] o.s.integration.channel.DirectChannel    : Channel 'kafka-spring-cloud-stream.fluxSupplier_integrationflow.channel#0' has 1 subscriber(s).
2025-03-20T11:38:15.231+01:00  INFO 15556 --- [kafka-spring-cloud-stream] [           main] o.s.i.endpoint.EventDrivenConsumer       : started bean 'fluxSupplier_integrationflow.org.springframework.integration.config.ConsumerEndpointFactoryBean#0'
2025-03-20T11:38:15.233+01:00  INFO 15556 --- [kafka-spring-cloud-stream] [           main] o.s.c.s.binder.DefaultBinderFactory      : Creating binder: ktable
2025-03-20T11:38:15.233+01:00  INFO 15556 --- [kafka-spring-cloud-stream] [           main] o.s.c.s.binder.DefaultBinderFactory      : Constructing binder child context for ktable
2025-03-20T11:38:15.336+01:00  INFO 15556 --- [kafka-spring-cloud-stream] [           main] o.s.c.s.binder.DefaultBinderFactory      : Caching the binder: ktable
2025-03-20T11:38:15.336+01:00  INFO 15556 --- [kafka-spring-cloud-stream] [           main] o.s.c.s.binder.DefaultBinderFactory      : Creating binder: kafka
2025-03-20T11:38:15.336+01:00  INFO 15556 --- [kafka-spring-cloud-stream] [           main] o.s.c.s.binder.DefaultBinderFactory      : Constructing binder child context for kafka
2025-03-20T11:38:15.418+01:00  INFO 15556 --- [kafka-spring-cloud-stream] [           main] o.s.c.s.binder.DefaultBinderFactory      : Caching the binder: kafka
2025-03-20T11:38:15.418+01:00  INFO 15556 --- [kafka-spring-cloud-stream] [           main] o.s.c.s.binder.DefaultBinderFactory      : Creating binder: kstream
2025-03-20T11:38:15.418+01:00  INFO 15556 --- [kafka-spring-cloud-stream] [           main] o.s.c.s.binder.DefaultBinderFactory      : Constructing binder child context for kstream
2025-03-20T11:38:15.458+01:00  INFO 15556 --- [kafka-spring-cloud-stream] [           main] o.s.c.s.binder.DefaultBinderFactory      : Caching the binder: kstream
2025-03-20T11:38:15.458+01:00  INFO 15556 --- [kafka-spring-cloud-stream] [           main] o.s.c.s.binder.DefaultBinderFactory      : Creating binder: globalktable
2025-03-20T11:38:15.458+01:00  INFO 15556 --- [kafka-spring-cloud-stream] [           main] o.s.c.s.binder.DefaultBinderFactory      : Constructing binder child context for globalktable
2025-03-20T11:38:15.496+01:00  INFO 15556 --- [kafka-spring-cloud-stream] [           main] o.s.c.s.binder.DefaultBinderFactory      : Caching the binder: globalktable
2025-03-20T11:38:15.514+01:00  INFO 15556 --- [kafka-spring-cloud-stream] [           main] o.s.c.s.b.k.p.KafkaTopicProvisioner      : Using kafka topic for outbound: T3
2025-03-20T11:38:15.517+01:00  INFO 15556 --- [kafka-spring-cloud-stream] [           main] o.a.k.clients.admin.AdminClientConfig    : AdminClientConfig values: 
	auto.include.jmx.reporter = true
	bootstrap.controllers = []
	bootstrap.servers = [localhost:9092]
	client.dns.lookup = use_all_dns_ips
	client.id = 
	connections.max.idle.ms = 300000
	default.api.timeout.ms = 60000
	enable.metrics.push = true
	metadata.max.age.ms = 300000
	metadata.recovery.strategy = none
	metric.reporters = []
	metrics.num.samples = 2
	metrics.recording.level = INFO
	metrics.sample.window.ms = 30000
	receive.buffer.bytes = 65536
	reconnect.backoff.max.ms = 1000
	reconnect.backoff.ms = 50
	request.timeout.ms = 30000
	retries = 2147483647
	retry.backoff.max.ms = 1000
	retry.backoff.ms = 100
	sasl.client.callback.handler.class = null
	sasl.jaas.config = null
	sasl.kerberos.kinit.cmd = /usr/bin/kinit
	sasl.kerberos.min.time.before.relogin = 60000
	sasl.kerberos.service.name = null
	sasl.kerberos.ticket.renew.jitter = 0.05
	sasl.kerberos.ticket.renew.window.factor = 0.8
	sasl.login.callback.handler.class = null
	sasl.login.class = null
	sasl.login.connect.timeout.ms = null
	sasl.login.read.timeout.ms = null
	sasl.login.refresh.buffer.seconds = 300
	sasl.login.refresh.min.period.seconds = 60
	sasl.login.refresh.window.factor = 0.8
	sasl.login.refresh.window.jitter = 0.05
	sasl.login.retry.backoff.max.ms = 10000
	sasl.login.retry.backoff.ms = 100
	sasl.mechanism = GSSAPI
	sasl.oauthbearer.clock.skew.seconds = 30
	sasl.oauthbearer.expected.audience = null
	sasl.oauthbearer.expected.issuer = null
	sasl.oauthbearer.jwks.endpoint.refresh.ms = 3600000
	sasl.oauthbearer.jwks.endpoint.retry.backoff.max.ms = 10000
	sasl.oauthbearer.jwks.endpoint.retry.backoff.ms = 100
	sasl.oauthbearer.jwks.endpoint.url = null
	sasl.oauthbearer.scope.claim.name = scope
	sasl.oauthbearer.sub.claim.name = sub
	sasl.oauthbearer.token.endpoint.url = null
	security.protocol = PLAINTEXT
	security.providers = null
	send.buffer.bytes = 131072
	socket.connection.setup.timeout.max.ms = 30000
	socket.connection.setup.timeout.ms = 10000
	ssl.cipher.suites = null
	ssl.enabled.protocols = [TLSv1.2, TLSv1.3]
	ssl.endpoint.identification.algorithm = https
	ssl.engine.factory.class = null
	ssl.key.password = null
	ssl.keymanager.algorithm = SunX509
	ssl.keystore.certificate.chain = null
	ssl.keystore.key = null
	ssl.keystore.location = null
	ssl.keystore.password = null
	ssl.keystore.type = JKS
	ssl.protocol = TLSv1.3
	ssl.provider = null
	ssl.secure.random.implementation = null
	ssl.trustmanager.algorithm = PKIX
	ssl.truststore.certificates = null
	ssl.truststore.location = null
	ssl.truststore.password = null
	ssl.truststore.type = JKS

2025-03-20T11:38:15.683+01:00  INFO 15556 --- [kafka-spring-cloud-stream] [           main] o.a.kafka.common.utils.AppInfoParser     : Kafka version: 3.8.1
2025-03-20T11:38:15.684+01:00  INFO 15556 --- [kafka-spring-cloud-stream] [           main] o.a.kafka.common.utils.AppInfoParser     : Kafka commitId: 70d6ff42debf7e17
2025-03-20T11:38:15.684+01:00  INFO 15556 --- [kafka-spring-cloud-stream] [           main] o.a.kafka.common.utils.AppInfoParser     : Kafka startTimeMs: 1742467095681
2025-03-20T11:38:15.699+01:00  INFO 15556 --- [kafka-spring-cloud-stream] [| adminclient-1] org.apache.kafka.clients.NetworkClient   : [AdminClient clientId=adminclient-1] Node -1 disconnected.
2025-03-20T11:38:15.701+01:00  WARN 15556 --- [kafka-spring-cloud-stream] [| adminclient-1] org.apache.kafka.clients.NetworkClient   : [AdminClient clientId=adminclient-1] Connection to node -1 (localhost/127.0.0.1:9092) could not be established. Node may not be available.
2025-03-20T11:38:15.806+01:00  INFO 15556 --- [kafka-spring-cloud-stream] [| adminclient-1] org.apache.kafka.clients.NetworkClient   : [AdminClient clientId=adminclient-1] Node -1 disconnected.
2025-03-20T11:38:15.808+01:00  WARN 15556 --- [kafka-spring-cloud-stream] [| adminclient-1] org.apache.kafka.clients.NetworkClient   : [AdminClient clientId=adminclient-1] Connection to node -1 (localhost/127.0.0.1:9092) could not be established. Node may not be available.
2025-03-20T11:38:16.025+01:00  INFO 15556 --- [kafka-spring-cloud-stream] [| adminclient-1] org.apache.kafka.clients.NetworkClient   : [AdminClient clientId=adminclient-1] Node -1 disconnected.
2025-03-20T11:38:16.026+01:00  WARN 15556 --- [kafka-spring-cloud-stream] [| adminclient-1] org.apache.kafka.clients.NetworkClient   : [AdminClient clientId=adminclient-1] Connection to node -1 (localhost/127.0.0.1:9092) could not be established. Node may not be available.
2025-03-20T11:38:16.352+01:00  INFO 15556 --- [kafka-spring-cloud-stream] [| adminclient-1] org.apache.kafka.clients.NetworkClient   : [AdminClient clientId=adminclient-1] Node -1 disconnected.
2025-03-20T11:38:16.353+01:00  WARN 15556 --- [kafka-spring-cloud-stream] [| adminclient-1] org.apache.kafka.clients.NetworkClient   : [AdminClient clientId=adminclient-1] Connection to node -1 (localhost/127.0.0.1:9092) could not be established. Node may not be available.
2025-03-20T11:38:16.791+01:00  INFO 15556 --- [kafka-spring-cloud-stream] [| adminclient-1] org.apache.kafka.clients.NetworkClient   : [AdminClient clientId=adminclient-1] Node -1 disconnected.
2025-03-20T11:38:16.791+01:00  WARN 15556 --- [kafka-spring-cloud-stream] [| adminclient-1] org.apache.kafka.clients.NetworkClient   : [AdminClient clientId=adminclient-1] Connection to node -1 (localhost/127.0.0.1:9092) could not be established. Node may not be available.
2025-03-20T11:38:17.774+01:00  INFO 15556 --- [kafka-spring-cloud-stream] [| adminclient-1] org.apache.kafka.clients.NetworkClient   : [AdminClient clientId=adminclient-1] Node -1 disconnected.
2025-03-20T11:38:17.774+01:00  WARN 15556 --- [kafka-spring-cloud-stream] [| adminclient-1] org.apache.kafka.clients.NetworkClient   : [AdminClient clientId=adminclient-1] Connection to node -1 (localhost/127.0.0.1:9092) could not be established. Node may not be available.
2025-03-20T11:38:18.867+01:00  INFO 15556 --- [kafka-spring-cloud-stream] [| adminclient-1] org.apache.kafka.clients.NetworkClient   : [AdminClient clientId=adminclient-1] Node -1 disconnected.
2025-03-20T11:38:18.867+01:00  WARN 15556 --- [kafka-spring-cloud-stream] [| adminclient-1] org.apache.kafka.clients.NetworkClient   : [AdminClient clientId=adminclient-1] Connection to node -1 (localhost/127.0.0.1:9092) could not be established. Node may not be available.
2025-03-20T11:38:19.741+01:00  INFO 15556 --- [kafka-spring-cloud-stream] [| adminclient-1] org.apache.kafka.clients.NetworkClient   : [AdminClient clientId=adminclient-1] Node -1 disconnected.
2025-03-20T11:38:19.741+01:00  WARN 15556 --- [kafka-spring-cloud-stream] [| adminclient-1] org.apache.kafka.clients.NetworkClient   : [AdminClient clientId=adminclient-1] Connection to node -1 (localhost/127.0.0.1:9092) could not be established. Node may not be available.
2025-03-20T11:38:20.616+01:00  INFO 15556 --- [kafka-spring-cloud-stream] [| adminclient-1] org.apache.kafka.clients.NetworkClient   : [AdminClient clientId=adminclient-1] Node -1 disconnected.
2025-03-20T11:38:20.617+01:00  WARN 15556 --- [kafka-spring-cloud-stream] [| adminclient-1] org.apache.kafka.clients.NetworkClient   : [AdminClient clientId=adminclient-1] Connection to node -1 (localhost/127.0.0.1:9092) could not be established. Node may not be available.
2025-03-20T11:38:21.709+01:00  INFO 15556 --- [kafka-spring-cloud-stream] [| adminclient-1] org.apache.kafka.clients.NetworkClient   : [AdminClient clientId=adminclient-1] Node -1 disconnected.
2025-03-20T11:38:21.710+01:00  WARN 15556 --- [kafka-spring-cloud-stream] [| adminclient-1] org.apache.kafka.clients.NetworkClient   : [AdminClient clientId=adminclient-1] Connection to node -1 (localhost/127.0.0.1:9092) could not be established. Node may not be available.
2025-03-20T11:38:22.580+01:00  INFO 15556 --- [kafka-spring-cloud-stream] [| adminclient-1] org.apache.kafka.clients.NetworkClient   : [AdminClient clientId=adminclient-1] Node -1 disconnected.
2025-03-20T11:38:22.580+01:00  WARN 15556 --- [kafka-spring-cloud-stream] [| adminclient-1] org.apache.kafka.clients.NetworkClient   : [AdminClient clientId=adminclient-1] Connection to node -1 (localhost/127.0.0.1:9092) could not be established. Node may not be available.
2025-03-20T11:38:23.670+01:00  INFO 15556 --- [kafka-spring-cloud-stream] [| adminclient-1] org.apache.kafka.clients.NetworkClient   : [AdminClient clientId=adminclient-1] Node -1 disconnected.
2025-03-20T11:38:23.670+01:00  WARN 15556 --- [kafka-spring-cloud-stream] [| adminclient-1] org.apache.kafka.clients.NetworkClient   : [AdminClient clientId=adminclient-1] Connection to node -1 (localhost/127.0.0.1:9092) could not be established. Node may not be available.
2025-03-20T11:38:24.765+01:00  INFO 15556 --- [kafka-spring-cloud-stream] [| adminclient-1] org.apache.kafka.clients.NetworkClient   : [AdminClient clientId=adminclient-1] Node -1 disconnected.
2025-03-20T11:38:24.766+01:00  WARN 15556 --- [kafka-spring-cloud-stream] [| adminclient-1] org.apache.kafka.clients.NetworkClient   : [AdminClient clientId=adminclient-1] Connection to node -1 (localhost/127.0.0.1:9092) could not be established. Node may not be available.
2025-03-20T11:38:25.644+01:00  INFO 15556 --- [kafka-spring-cloud-stream] [| adminclient-1] org.apache.kafka.clients.NetworkClient   : [AdminClient clientId=adminclient-1] Node -1 disconnected.
2025-03-20T11:38:25.644+01:00  WARN 15556 --- [kafka-spring-cloud-stream] [| adminclient-1] org.apache.kafka.clients.NetworkClient   : [AdminClient clientId=adminclient-1] Connection to node -1 (localhost/127.0.0.1:9092) could not be established. Node may not be available.
2025-03-20T11:38:26.520+01:00  INFO 15556 --- [kafka-spring-cloud-stream] [| adminclient-1] org.apache.kafka.clients.NetworkClient   : [AdminClient clientId=adminclient-1] Node -1 disconnected.
2025-03-20T11:38:26.520+01:00  WARN 15556 --- [kafka-spring-cloud-stream] [| adminclient-1] org.apache.kafka.clients.NetworkClient   : [AdminClient clientId=adminclient-1] Connection to node -1 (localhost/127.0.0.1:9092) could not be established. Node may not be available.
2025-03-20T11:38:27.615+01:00  INFO 15556 --- [kafka-spring-cloud-stream] [| adminclient-1] org.apache.kafka.clients.NetworkClient   : [AdminClient clientId=adminclient-1] Node -1 disconnected.
2025-03-20T11:38:27.615+01:00  WARN 15556 --- [kafka-spring-cloud-stream] [| adminclient-1] org.apache.kafka.clients.NetworkClient   : [AdminClient clientId=adminclient-1] Connection to node -1 (localhost/127.0.0.1:9092) could not be established. Node may not be available.
2025-03-20T11:38:28.711+01:00  INFO 15556 --- [kafka-spring-cloud-stream] [| adminclient-1] org.apache.kafka.clients.NetworkClient   : [AdminClient clientId=adminclient-1] Node -1 disconnected.
2025-03-20T11:38:28.712+01:00  WARN 15556 --- [kafka-spring-cloud-stream] [| adminclient-1] org.apache.kafka.clients.NetworkClient   : [AdminClient clientId=adminclient-1] Connection to node -1 (localhost/127.0.0.1:9092) could not be established. Node may not be available.
2025-03-20T11:38:29.583+01:00  INFO 15556 --- [kafka-spring-cloud-stream] [| adminclient-1] org.apache.kafka.clients.NetworkClient   : [AdminClient clientId=adminclient-1] Node -1 disconnected.
2025-03-20T11:38:29.583+01:00  WARN 15556 --- [kafka-spring-cloud-stream] [| adminclient-1] org.apache.kafka.clients.NetworkClient   : [AdminClient clientId=adminclient-1] Connection to node -1 (localhost/127.0.0.1:9092) could not be established. Node may not be available.
2025-03-20T11:38:30.568+01:00  INFO 15556 --- [kafka-spring-cloud-stream] [| adminclient-1] org.apache.kafka.clients.NetworkClient   : [AdminClient clientId=adminclient-1] Node -1 disconnected.
2025-03-20T11:38:30.569+01:00  WARN 15556 --- [kafka-spring-cloud-stream] [| adminclient-1] org.apache.kafka.clients.NetworkClient   : [AdminClient clientId=adminclient-1] Connection to node -1 (localhost/127.0.0.1:9092) could not be established. Node may not be available.
2025-03-20T11:38:31.448+01:00  INFO 15556 --- [kafka-spring-cloud-stream] [| adminclient-1] org.apache.kafka.clients.NetworkClient   : [AdminClient clientId=adminclient-1] Node -1 disconnected.
2025-03-20T11:38:31.448+01:00  WARN 15556 --- [kafka-spring-cloud-stream] [| adminclient-1] org.apache.kafka.clients.NetworkClient   : [AdminClient clientId=adminclient-1] Connection to node -1 (localhost/127.0.0.1:9092) could not be established. Node may not be available.
2025-03-20T11:38:32.545+01:00  INFO 15556 --- [kafka-spring-cloud-stream] [| adminclient-1] org.apache.kafka.clients.NetworkClient   : [AdminClient clientId=adminclient-1] Node -1 disconnected.
2025-03-20T11:38:32.545+01:00  WARN 15556 --- [kafka-spring-cloud-stream] [| adminclient-1] org.apache.kafka.clients.NetworkClient   : [AdminClient clientId=adminclient-1] Connection to node -1 (localhost/127.0.0.1:9092) could not be established. Node may not be available.
2025-03-20T11:38:33.422+01:00  INFO 15556 --- [kafka-spring-cloud-stream] [| adminclient-1] org.apache.kafka.clients.NetworkClient   : [AdminClient clientId=adminclient-1] Node -1 disconnected.
2025-03-20T11:38:33.422+01:00  WARN 15556 --- [kafka-spring-cloud-stream] [| adminclient-1] org.apache.kafka.clients.NetworkClient   : [AdminClient clientId=adminclient-1] Connection to node -1 (localhost/127.0.0.1:9092) could not be established. Node may not be available.
2025-03-20T11:38:34.408+01:00  INFO 15556 --- [kafka-spring-cloud-stream] [| adminclient-1] org.apache.kafka.clients.NetworkClient   : [AdminClient clientId=adminclient-1] Node -1 disconnected.
2025-03-20T11:38:34.408+01:00  WARN 15556 --- [kafka-spring-cloud-stream] [| adminclient-1] org.apache.kafka.clients.NetworkClient   : [AdminClient clientId=adminclient-1] Connection to node -1 (localhost/127.0.0.1:9092) could not be established. Node may not be available.
2025-03-20T11:38:35.505+01:00  INFO 15556 --- [kafka-spring-cloud-stream] [| adminclient-1] org.apache.kafka.clients.NetworkClient   : [AdminClient clientId=adminclient-1] Node -1 disconnected.
2025-03-20T11:38:35.506+01:00  WARN 15556 --- [kafka-spring-cloud-stream] [| adminclient-1] org.apache.kafka.clients.NetworkClient   : [AdminClient clientId=adminclient-1] Connection to node -1 (localhost/127.0.0.1:9092) could not be established. Node may not be available.
2025-03-20T11:38:36.494+01:00  INFO 15556 --- [kafka-spring-cloud-stream] [| adminclient-1] org.apache.kafka.clients.NetworkClient   : [AdminClient clientId=adminclient-1] Node -1 disconnected.
2025-03-20T11:38:36.494+01:00  WARN 15556 --- [kafka-spring-cloud-stream] [| adminclient-1] org.apache.kafka.clients.NetworkClient   : [AdminClient clientId=adminclient-1] Connection to node -1 (localhost/127.0.0.1:9092) could not be established. Node may not be available.
2025-03-20T11:38:37.480+01:00  INFO 15556 --- [kafka-spring-cloud-stream] [| adminclient-1] org.apache.kafka.clients.NetworkClient   : [AdminClient clientId=adminclient-1] Node -1 disconnected.
2025-03-20T11:38:37.481+01:00  WARN 15556 --- [kafka-spring-cloud-stream] [| adminclient-1] org.apache.kafka.clients.NetworkClient   : [AdminClient clientId=adminclient-1] Connection to node -1 (localhost/127.0.0.1:9092) could not be established. Node may not be available.
2025-03-20T11:38:38.463+01:00  INFO 15556 --- [kafka-spring-cloud-stream] [| adminclient-1] org.apache.kafka.clients.NetworkClient   : [AdminClient clientId=adminclient-1] Node -1 disconnected.
2025-03-20T11:38:38.464+01:00  WARN 15556 --- [kafka-spring-cloud-stream] [| adminclient-1] org.apache.kafka.clients.NetworkClient   : [AdminClient clientId=adminclient-1] Connection to node -1 (localhost/127.0.0.1:9092) could not be established. Node may not be available.
2025-03-20T11:38:39.339+01:00  INFO 15556 --- [kafka-spring-cloud-stream] [| adminclient-1] org.apache.kafka.clients.NetworkClient   : [AdminClient clientId=adminclient-1] Node -1 disconnected.
2025-03-20T11:38:39.339+01:00  WARN 15556 --- [kafka-spring-cloud-stream] [| adminclient-1] org.apache.kafka.clients.NetworkClient   : [AdminClient clientId=adminclient-1] Connection to node -1 (localhost/127.0.0.1:9092) could not be established. Node may not be available.
2025-03-20T11:38:40.216+01:00  INFO 15556 --- [kafka-spring-cloud-stream] [| adminclient-1] org.apache.kafka.clients.NetworkClient   : [AdminClient clientId=adminclient-1] Node -1 disconnected.
2025-03-20T11:38:40.216+01:00  WARN 15556 --- [kafka-spring-cloud-stream] [| adminclient-1] org.apache.kafka.clients.NetworkClient   : [AdminClient clientId=adminclient-1] Connection to node -1 (localhost/127.0.0.1:9092) could not be established. Node may not be available.
2025-03-20T11:38:41.311+01:00  INFO 15556 --- [kafka-spring-cloud-stream] [| adminclient-1] org.apache.kafka.clients.NetworkClient   : [AdminClient clientId=adminclient-1] Node -1 disconnected.
2025-03-20T11:38:41.311+01:00  WARN 15556 --- [kafka-spring-cloud-stream] [| adminclient-1] org.apache.kafka.clients.NetworkClient   : [AdminClient clientId=adminclient-1] Connection to node -1 (localhost/127.0.0.1:9092) could not be established. Node may not be available.
2025-03-20T11:38:42.298+01:00  INFO 15556 --- [kafka-spring-cloud-stream] [| adminclient-1] org.apache.kafka.clients.NetworkClient   : [AdminClient clientId=adminclient-1] Node -1 disconnected.
2025-03-20T11:38:42.298+01:00  WARN 15556 --- [kafka-spring-cloud-stream] [| adminclient-1] org.apache.kafka.clients.NetworkClient   : [AdminClient clientId=adminclient-1] Connection to node -1 (localhost/127.0.0.1:9092) could not be established. Node may not be available.
2025-03-20T11:38:43.282+01:00  INFO 15556 --- [kafka-spring-cloud-stream] [| adminclient-1] org.apache.kafka.clients.NetworkClient   : [AdminClient clientId=adminclient-1] Node -1 disconnected.
2025-03-20T11:38:43.283+01:00  WARN 15556 --- [kafka-spring-cloud-stream] [| adminclient-1] org.apache.kafka.clients.NetworkClient   : [AdminClient clientId=adminclient-1] Connection to node -1 (localhost/127.0.0.1:9092) could not be established. Node may not be available.
2025-03-20T11:38:44.159+01:00  INFO 15556 --- [kafka-spring-cloud-stream] [| adminclient-1] org.apache.kafka.clients.NetworkClient   : [AdminClient clientId=adminclient-1] Node -1 disconnected.
2025-03-20T11:38:44.159+01:00  WARN 15556 --- [kafka-spring-cloud-stream] [| adminclient-1] org.apache.kafka.clients.NetworkClient   : [AdminClient clientId=adminclient-1] Connection to node -1 (localhost/127.0.0.1:9092) could not be established. Node may not be available.
2025-03-20T11:38:45.031+01:00  INFO 15556 --- [kafka-spring-cloud-stream] [| adminclient-1] org.apache.kafka.clients.NetworkClient   : [AdminClient clientId=adminclient-1] Node -1 disconnected.
2025-03-20T11:38:45.031+01:00  WARN 15556 --- [kafka-spring-cloud-stream] [| adminclient-1] org.apache.kafka.clients.NetworkClient   : [AdminClient clientId=adminclient-1] Connection to node -1 (localhost/127.0.0.1:9092) could not be established. Node may not be available.
2025-03-20T11:38:45.699+01:00  INFO 15556 --- [kafka-spring-cloud-stream] [| adminclient-1] o.a.k.c.a.i.AdminMetadataManager         : [AdminClient clientId=adminclient-1] Metadata update failed

org.apache.kafka.common.errors.TimeoutException: Timed out waiting for a node assignment. Call: fetchMetadata

2025-03-20T11:38:46.110+01:00  INFO 15556 --- [kafka-spring-cloud-stream] [| adminclient-1] org.apache.kafka.clients.NetworkClient   : [AdminClient clientId=adminclient-1] Node -1 disconnected.
2025-03-20T11:38:46.110+01:00  WARN 15556 --- [kafka-spring-cloud-stream] [| adminclient-1] org.apache.kafka.clients.NetworkClient   : [AdminClient clientId=adminclient-1] Connection to node -1 (localhost/127.0.0.1:9092) could not be established. Node may not be available.
2025-03-20T11:38:47.116+01:00  INFO 15556 --- [kafka-spring-cloud-stream] [| adminclient-1] org.apache.kafka.clients.NetworkClient   : [AdminClient clientId=adminclient-1] Node -1 disconnected.
2025-03-20T11:38:47.116+01:00  WARN 15556 --- [kafka-spring-cloud-stream] [| adminclient-1] org.apache.kafka.clients.NetworkClient   : [AdminClient clientId=adminclient-1] Connection to node -1 (localhost/127.0.0.1:9092) could not be established. Node may not be available.
2025-03-20T11:38:48.021+01:00  INFO 15556 --- [kafka-spring-cloud-stream] [| adminclient-1] org.apache.kafka.clients.NetworkClient   : [AdminClient clientId=adminclient-1] Node -1 disconnected.
2025-03-20T11:38:48.021+01:00  WARN 15556 --- [kafka-spring-cloud-stream] [| adminclient-1] org.apache.kafka.clients.NetworkClient   : [AdminClient clientId=adminclient-1] Connection to node -1 (localhost/127.0.0.1:9092) could not be established. Node may not be available.
2025-03-20T11:38:49.029+01:00  INFO 15556 --- [kafka-spring-cloud-stream] [| adminclient-1] org.apache.kafka.clients.NetworkClient   : [AdminClient clientId=adminclient-1] Node -1 disconnected.
2025-03-20T11:38:49.030+01:00  WARN 15556 --- [kafka-spring-cloud-stream] [| adminclient-1] org.apache.kafka.clients.NetworkClient   : [AdminClient clientId=adminclient-1] Connection to node -1 (localhost/127.0.0.1:9092) could not be established. Node may not be available.
2025-03-20T11:38:50.036+01:00  INFO 15556 --- [kafka-spring-cloud-stream] [| adminclient-1] org.apache.kafka.clients.NetworkClient   : [AdminClient clientId=adminclient-1] Node -1 disconnected.
2025-03-20T11:38:50.037+01:00  WARN 15556 --- [kafka-spring-cloud-stream] [| adminclient-1] org.apache.kafka.clients.NetworkClient   : [AdminClient clientId=adminclient-1] Connection to node -1 (localhost/127.0.0.1:9092) could not be established. Node may not be available.
2025-03-20T11:38:51.041+01:00  INFO 15556 --- [kafka-spring-cloud-stream] [| adminclient-1] org.apache.kafka.clients.NetworkClient   : [AdminClient clientId=adminclient-1] Node -1 disconnected.
2025-03-20T11:38:51.041+01:00  WARN 15556 --- [kafka-spring-cloud-stream] [| adminclient-1] org.apache.kafka.clients.NetworkClient   : [AdminClient clientId=adminclient-1] Connection to node -1 (localhost/127.0.0.1:9092) could not be established. Node may not be available.
2025-03-20T11:38:52.046+01:00  INFO 15556 --- [kafka-spring-cloud-stream] [| adminclient-1] org.apache.kafka.clients.NetworkClient   : [AdminClient clientId=adminclient-1] Node -1 disconnected.
2025-03-20T11:38:52.046+01:00  WARN 15556 --- [kafka-spring-cloud-stream] [| adminclient-1] org.apache.kafka.clients.NetworkClient   : [AdminClient clientId=adminclient-1] Connection to node -1 (localhost/127.0.0.1:9092) could not be established. Node may not be available.
2025-03-20T11:38:53.049+01:00  INFO 15556 --- [kafka-spring-cloud-stream] [| adminclient-1] org.apache.kafka.clients.NetworkClient   : [AdminClient clientId=adminclient-1] Node -1 disconnected.
2025-03-20T11:38:53.050+01:00  WARN 15556 --- [kafka-spring-cloud-stream] [| adminclient-1] org.apache.kafka.clients.NetworkClient   : [AdminClient clientId=adminclient-1] Connection to node -1 (localhost/127.0.0.1:9092) could not be established. Node may not be available.
2025-03-20T11:38:54.055+01:00  INFO 15556 --- [kafka-spring-cloud-stream] [| adminclient-1] org.apache.kafka.clients.NetworkClient   : [AdminClient clientId=adminclient-1] Node -1 disconnected.
2025-03-20T11:38:54.055+01:00  WARN 15556 --- [kafka-spring-cloud-stream] [| adminclient-1] org.apache.kafka.clients.NetworkClient   : [AdminClient clientId=adminclient-1] Connection to node -1 (localhost/127.0.0.1:9092) could not be established. Node may not be available.
2025-03-20T11:38:55.061+01:00  INFO 15556 --- [kafka-spring-cloud-stream] [| adminclient-1] org.apache.kafka.clients.NetworkClient   : [AdminClient clientId=adminclient-1] Node -1 disconnected.
2025-03-20T11:38:55.061+01:00  WARN 15556 --- [kafka-spring-cloud-stream] [| adminclient-1] org.apache.kafka.clients.NetworkClient   : [AdminClient clientId=adminclient-1] Connection to node -1 (localhost/127.0.0.1:9092) could not be established. Node may not be available.
2025-03-20T11:38:56.065+01:00  INFO 15556 --- [kafka-spring-cloud-stream] [| adminclient-1] org.apache.kafka.clients.NetworkClient   : [AdminClient clientId=adminclient-1] Node -1 disconnected.
2025-03-20T11:38:56.065+01:00  WARN 15556 --- [kafka-spring-cloud-stream] [| adminclient-1] org.apache.kafka.clients.NetworkClient   : [AdminClient clientId=adminclient-1] Connection to node -1 (localhost/127.0.0.1:9092) could not be established. Node may not be available.
2025-03-20T11:38:57.071+01:00  INFO 15556 --- [kafka-spring-cloud-stream] [| adminclient-1] org.apache.kafka.clients.NetworkClient   : [AdminClient clientId=adminclient-1] Node -1 disconnected.
2025-03-20T11:38:57.071+01:00  WARN 15556 --- [kafka-spring-cloud-stream] [| adminclient-1] org.apache.kafka.clients.NetworkClient   : [AdminClient clientId=adminclient-1] Connection to node -1 (localhost/127.0.0.1:9092) could not be established. Node may not be available.
2025-03-20T11:38:58.077+01:00  INFO 15556 --- [kafka-spring-cloud-stream] [| adminclient-1] org.apache.kafka.clients.NetworkClient   : [AdminClient clientId=adminclient-1] Node -1 disconnected.
2025-03-20T11:38:58.077+01:00  WARN 15556 --- [kafka-spring-cloud-stream] [| adminclient-1] org.apache.kafka.clients.NetworkClient   : [AdminClient clientId=adminclient-1] Connection to node -1 (localhost/127.0.0.1:9092) could not be established. Node may not be available.
2025-03-20T11:38:59.086+01:00  INFO 15556 --- [kafka-spring-cloud-stream] [| adminclient-1] org.apache.kafka.clients.NetworkClient   : [AdminClient clientId=adminclient-1] Node -1 disconnected.
2025-03-20T11:38:59.087+01:00  WARN 15556 --- [kafka-spring-cloud-stream] [| adminclient-1] org.apache.kafka.clients.NetworkClient   : [AdminClient clientId=adminclient-1] Connection to node -1 (localhost/127.0.0.1:9092) could not be established. Node may not be available.
2025-03-20T11:39:00.092+01:00  INFO 15556 --- [kafka-spring-cloud-stream] [| adminclient-1] org.apache.kafka.clients.NetworkClient   : [AdminClient clientId=adminclient-1] Node -1 disconnected.
2025-03-20T11:39:00.093+01:00  WARN 15556 --- [kafka-spring-cloud-stream] [| adminclient-1] org.apache.kafka.clients.NetworkClient   : [AdminClient clientId=adminclient-1] Connection to node -1 (localhost/127.0.0.1:9092) could not be established. Node may not be available.
2025-03-20T11:39:00.997+01:00  INFO 15556 --- [kafka-spring-cloud-stream] [| adminclient-1] org.apache.kafka.clients.NetworkClient   : [AdminClient clientId=adminclient-1] Node -1 disconnected.
2025-03-20T11:39:00.998+01:00  WARN 15556 --- [kafka-spring-cloud-stream] [| adminclient-1] org.apache.kafka.clients.NetworkClient   : [AdminClient clientId=adminclient-1] Connection to node -1 (localhost/127.0.0.1:9092) could not be established. Node may not be available.
2025-03-20T11:39:02.003+01:00  INFO 15556 --- [kafka-spring-cloud-stream] [| adminclient-1] org.apache.kafka.clients.NetworkClient   : [AdminClient clientId=adminclient-1] Node -1 disconnected.
2025-03-20T11:39:02.004+01:00  WARN 15556 --- [kafka-spring-cloud-stream] [| adminclient-1] org.apache.kafka.clients.NetworkClient   : [AdminClient clientId=adminclient-1] Connection to node -1 (localhost/127.0.0.1:9092) could not be established. Node may not be available.
2025-03-20T11:39:03.010+01:00  INFO 15556 --- [kafka-spring-cloud-stream] [| adminclient-1] org.apache.kafka.clients.NetworkClient   : [AdminClient clientId=adminclient-1] Node -1 disconnected.
2025-03-20T11:39:03.010+01:00  WARN 15556 --- [kafka-spring-cloud-stream] [| adminclient-1] org.apache.kafka.clients.NetworkClient   : [AdminClient clientId=adminclient-1] Connection to node -1 (localhost/127.0.0.1:9092) could not be established. Node may not be available.
2025-03-20T11:39:04.016+01:00  INFO 15556 --- [kafka-spring-cloud-stream] [| adminclient-1] org.apache.kafka.clients.NetworkClient   : [AdminClient clientId=adminclient-1] Node -1 disconnected.
2025-03-20T11:39:04.017+01:00  WARN 15556 --- [kafka-spring-cloud-stream] [| adminclient-1] org.apache.kafka.clients.NetworkClient   : [AdminClient clientId=adminclient-1] Connection to node -1 (localhost/127.0.0.1:9092) could not be established. Node may not be available.
2025-03-20T11:39:05.357+01:00  INFO 15556 --- [kafka-spring-cloud-stream] [| adminclient-1] org.apache.kafka.clients.NetworkClient   : [AdminClient clientId=adminclient-1] Node -1 disconnected.
2025-03-20T11:39:05.358+01:00  INFO 15556 --- [kafka-spring-cloud-stream] [| adminclient-1] org.apache.kafka.clients.NetworkClient   : [AdminClient clientId=adminclient-1] Cancelled in-flight API_VERSIONS request with correlation id 0 due to node -1 being disconnected (elapsed time since creation: 334ms, elapsed time since send: 334ms, throttle time: 0ms, request timeout: 3600000ms)
2025-03-20T11:39:06.267+01:00  INFO 15556 --- [kafka-spring-cloud-stream] [| adminclient-1] org.apache.kafka.clients.NetworkClient   : [AdminClient clientId=adminclient-1] Node -1 disconnected.
2025-03-20T11:39:06.267+01:00  INFO 15556 --- [kafka-spring-cloud-stream] [| adminclient-1] org.apache.kafka.clients.NetworkClient   : [AdminClient clientId=adminclient-1] Cancelled in-flight API_VERSIONS request with correlation id 1 due to node -1 being disconnected (elapsed time since creation: 2ms, elapsed time since send: 2ms, throttle time: 0ms, request timeout: 3600000ms)
2025-03-20T11:39:07.274+01:00  INFO 15556 --- [kafka-spring-cloud-stream] [| adminclient-1] org.apache.kafka.clients.NetworkClient   : [AdminClient clientId=adminclient-1] Node -1 disconnected.
2025-03-20T11:39:07.274+01:00  INFO 15556 --- [kafka-spring-cloud-stream] [| adminclient-1] org.apache.kafka.clients.NetworkClient   : [AdminClient clientId=adminclient-1] Cancelled in-flight API_VERSIONS request with correlation id 2 due to node -1 being disconnected (elapsed time since creation: 1ms, elapsed time since send: 1ms, throttle time: 0ms, request timeout: 3600000ms)
2025-03-20T11:39:08.280+01:00  INFO 15556 --- [kafka-spring-cloud-stream] [| adminclient-1] org.apache.kafka.clients.NetworkClient   : [AdminClient clientId=adminclient-1] Node -1 disconnected.
2025-03-20T11:39:08.281+01:00  INFO 15556 --- [kafka-spring-cloud-stream] [| adminclient-1] org.apache.kafka.clients.NetworkClient   : [AdminClient clientId=adminclient-1] Cancelled in-flight API_VERSIONS request with correlation id 3 due to node -1 being disconnected (elapsed time since creation: 0ms, elapsed time since send: 0ms, throttle time: 0ms, request timeout: 3600000ms)
2025-03-20T11:39:09.288+01:00  INFO 15556 --- [kafka-spring-cloud-stream] [| adminclient-1] org.apache.kafka.clients.NetworkClient   : [AdminClient clientId=adminclient-1] Node -1 disconnected.
2025-03-20T11:39:09.288+01:00  INFO 15556 --- [kafka-spring-cloud-stream] [| adminclient-1] org.apache.kafka.clients.NetworkClient   : [AdminClient clientId=adminclient-1] Cancelled in-flight API_VERSIONS request with correlation id 4 due to node -1 being disconnected (elapsed time since creation: 2ms, elapsed time since send: 2ms, throttle time: 0ms, request timeout: 3600000ms)
2025-03-20T11:39:10.193+01:00  INFO 15556 --- [kafka-spring-cloud-stream] [| adminclient-1] org.apache.kafka.clients.NetworkClient   : [AdminClient clientId=adminclient-1] Node -1 disconnected.
2025-03-20T11:39:10.194+01:00  INFO 15556 --- [kafka-spring-cloud-stream] [| adminclient-1] org.apache.kafka.clients.NetworkClient   : [AdminClient clientId=adminclient-1] Cancelled in-flight API_VERSIONS request with correlation id 5 due to node -1 being disconnected (elapsed time since creation: 1ms, elapsed time since send: 1ms, throttle time: 0ms, request timeout: 3600000ms)
2025-03-20T11:39:11.200+01:00  INFO 15556 --- [kafka-spring-cloud-stream] [| adminclient-1] org.apache.kafka.clients.NetworkClient   : [AdminClient clientId=adminclient-1] Node -1 disconnected.
2025-03-20T11:39:11.200+01:00  INFO 15556 --- [kafka-spring-cloud-stream] [| adminclient-1] org.apache.kafka.clients.NetworkClient   : [AdminClient clientId=adminclient-1] Cancelled in-flight API_VERSIONS request with correlation id 6 due to node -1 being disconnected (elapsed time since creation: 2ms, elapsed time since send: 2ms, throttle time: 0ms, request timeout: 3600000ms)
2025-03-20T11:39:12.104+01:00  INFO 15556 --- [kafka-spring-cloud-stream] [| adminclient-1] org.apache.kafka.clients.NetworkClient   : [AdminClient clientId=adminclient-1] Node -1 disconnected.
2025-03-20T11:39:12.104+01:00  INFO 15556 --- [kafka-spring-cloud-stream] [| adminclient-1] org.apache.kafka.clients.NetworkClient   : [AdminClient clientId=adminclient-1] Cancelled in-flight API_VERSIONS request with correlation id 7 due to node -1 being disconnected (elapsed time since creation: 0ms, elapsed time since send: 0ms, throttle time: 0ms, request timeout: 3600000ms)
2025-03-20T11:39:13.217+01:00  INFO 15556 --- [kafka-spring-cloud-stream] [| adminclient-1] o.a.kafka.common.utils.AppInfoParser     : App info kafka.admin.client for adminclient-1 unregistered
2025-03-20T11:39:13.222+01:00  INFO 15556 --- [kafka-spring-cloud-stream] [| adminclient-1] o.apache.kafka.common.metrics.Metrics    : Metrics scheduler closed
2025-03-20T11:39:13.222+01:00  INFO 15556 --- [kafka-spring-cloud-stream] [| adminclient-1] o.apache.kafka.common.metrics.Metrics    : Closing reporter org.apache.kafka.common.metrics.JmxReporter
2025-03-20T11:39:13.222+01:00  INFO 15556 --- [kafka-spring-cloud-stream] [| adminclient-1] o.apache.kafka.common.metrics.Metrics    : Metrics reporters closed
2025-03-20T11:39:13.223+01:00 ERROR 15556 --- [kafka-spring-cloud-stream] [           main] o.s.cloud.stream.binding.BindingService  : Failed to create producer binding; retrying in 30 seconds

org.springframework.cloud.stream.provisioning.ProvisioningException: Provisioning exception encountered for T3
	at org.springframework.cloud.stream.binder.kafka.provisioning.KafkaTopicProvisioner.createTopic(KafkaTopicProvisioner.java:418) ~[spring-cloud-stream-binder-kafka-core-4.2.0.jar:4.2.0]
	at org.springframework.cloud.stream.binder.kafka.provisioning.KafkaTopicProvisioner.provisionProducerDestination(KafkaTopicProvisioner.java:238) ~[spring-cloud-stream-binder-kafka-core-4.2.0.jar:4.2.0]
	at org.springframework.cloud.stream.binder.kafka.provisioning.KafkaTopicProvisioner.provisionProducerDestination(KafkaTopicProvisioner.java:97) ~[spring-cloud-stream-binder-kafka-core-4.2.0.jar:4.2.0]
	at org.springframework.cloud.stream.binder.AbstractMessageChannelBinder.doBindProducer(AbstractMessageChannelBinder.java:298) ~[spring-cloud-stream-4.2.0.jar:4.2.0]
	at org.springframework.cloud.stream.binder.AbstractMessageChannelBinder.doBindProducer(AbstractMessageChannelBinder.java:103) ~[spring-cloud-stream-4.2.0.jar:4.2.0]
	at org.springframework.cloud.stream.binder.AbstractBinder.bindProducer(AbstractBinder.java:153) ~[spring-cloud-stream-4.2.0.jar:4.2.0]
	at org.springframework.cloud.stream.binding.BindingService.doBindProducer(BindingService.java:355) ~[spring-cloud-stream-4.2.0.jar:4.2.0]
	at org.springframework.cloud.stream.binding.BindingService.bindProducer(BindingService.java:291) ~[spring-cloud-stream-4.2.0.jar:4.2.0]
	at org.springframework.cloud.stream.binding.BindingService.bindProducer(BindingService.java:314) ~[spring-cloud-stream-4.2.0.jar:4.2.0]
	at org.springframework.cloud.stream.binding.BindingService.bindProducer(BindingService.java:318) ~[spring-cloud-stream-4.2.0.jar:4.2.0]
	at org.springframework.cloud.stream.binding.AbstractBindableProxyFactory.createAndBindOutputs(AbstractBindableProxyFactory.java:116) ~[spring-cloud-stream-4.2.0.jar:4.2.0]
	at org.springframework.cloud.stream.binding.OutputBindingLifecycle.doStartWithBindable(OutputBindingLifecycle.java:58) ~[spring-cloud-stream-4.2.0.jar:4.2.0]
	at java.base/java.util.LinkedHashMap$LinkedValues.forEach(LinkedHashMap.java:834) ~[na:na]
	at org.springframework.cloud.stream.binding.AbstractBindingLifecycle.start(AbstractBindingLifecycle.java:59) ~[spring-cloud-stream-4.2.0.jar:4.2.0]
	at org.springframework.context.support.DefaultLifecycleProcessor.doStart(DefaultLifecycleProcessor.java:323) ~[spring-context-6.2.2.jar:6.2.2]
	at org.springframework.context.support.DefaultLifecycleProcessor$LifecycleGroup.start(DefaultLifecycleProcessor.java:510) ~[spring-context-6.2.2.jar:6.2.2]
	at java.base/java.lang.Iterable.forEach(Iterable.java:75) ~[na:na]
	at org.springframework.context.support.DefaultLifecycleProcessor.startBeans(DefaultLifecycleProcessor.java:295) ~[spring-context-6.2.2.jar:6.2.2]
	at org.springframework.context.support.DefaultLifecycleProcessor.onRefresh(DefaultLifecycleProcessor.java:240) ~[spring-context-6.2.2.jar:6.2.2]
	at org.springframework.context.support.AbstractApplicationContext.finishRefresh(AbstractApplicationContext.java:1006) ~[spring-context-6.2.2.jar:6.2.2]
	at org.springframework.context.support.AbstractApplicationContext.refresh(AbstractApplicationContext.java:630) ~[spring-context-6.2.2.jar:6.2.2]
	at org.springframework.boot.SpringApplication.refresh(SpringApplication.java:752) ~[spring-boot-3.4.2.jar:3.4.2]
	at org.springframework.boot.SpringApplication.refreshContext(SpringApplication.java:439) ~[spring-boot-3.4.2.jar:3.4.2]
	at org.springframework.boot.SpringApplication.run(SpringApplication.java:318) ~[spring-boot-3.4.2.jar:3.4.2]
	at org.springframework.boot.test.context.SpringBootContextLoader.lambda$loadContext$3(SpringBootContextLoader.java:137) ~[spring-boot-test-3.4.2.jar:3.4.2]
	at org.springframework.util.function.ThrowingSupplier.get(ThrowingSupplier.java:58) ~[spring-core-6.2.2.jar:6.2.2]
	at org.springframework.util.function.ThrowingSupplier.get(ThrowingSupplier.java:46) ~[spring-core-6.2.2.jar:6.2.2]
	at org.springframework.boot.SpringApplication.withHook(SpringApplication.java:1461) ~[spring-boot-3.4.2.jar:3.4.2]
	at org.springframework.boot.test.context.SpringBootContextLoader$ContextLoaderHook.run(SpringBootContextLoader.java:553) ~[spring-boot-test-3.4.2.jar:3.4.2]
	at org.springframework.boot.test.context.SpringBootContextLoader.loadContext(SpringBootContextLoader.java:137) ~[spring-boot-test-3.4.2.jar:3.4.2]
	at org.springframework.boot.test.context.SpringBootContextLoader.loadContext(SpringBootContextLoader.java:108) ~[spring-boot-test-3.4.2.jar:3.4.2]
	at org.springframework.test.context.cache.DefaultCacheAwareContextLoaderDelegate.loadContextInternal(DefaultCacheAwareContextLoaderDelegate.java:225) ~[spring-test-6.2.2.jar:6.2.2]
	at org.springframework.test.context.cache.DefaultCacheAwareContextLoaderDelegate.loadContext(DefaultCacheAwareContextLoaderDelegate.java:152) ~[spring-test-6.2.2.jar:6.2.2]
	at org.springframework.test.context.support.DefaultTestContext.getApplicationContext(DefaultTestContext.java:130) ~[spring-test-6.2.2.jar:6.2.2]
	at org.springframework.test.context.web.ServletTestExecutionListener.setUpRequestContextIfNecessary(ServletTestExecutionListener.java:191) ~[spring-test-6.2.2.jar:6.2.2]
	at org.springframework.test.context.web.ServletTestExecutionListener.prepareTestInstance(ServletTestExecutionListener.java:130) ~[spring-test-6.2.2.jar:6.2.2]
	at org.springframework.test.context.TestContextManager.prepareTestInstance(TestContextManager.java:260) ~[spring-test-6.2.2.jar:6.2.2]
	at org.springframework.test.context.junit.jupiter.SpringExtension.postProcessTestInstance(SpringExtension.java:160) ~[spring-test-6.2.2.jar:6.2.2]
	at org.junit.jupiter.engine.descriptor.ClassBasedTestDescriptor.lambda$invokeTestInstancePostProcessors$11(ClassBasedTestDescriptor.java:378) ~[junit-jupiter-engine-5.11.4.jar:5.11.4]
	at org.junit.jupiter.engine.descriptor.ClassBasedTestDescriptor.executeAndMaskThrowable(ClassBasedTestDescriptor.java:383) ~[junit-jupiter-engine-5.11.4.jar:5.11.4]
	at org.junit.jupiter.engine.descriptor.ClassBasedTestDescriptor.lambda$invokeTestInstancePostProcessors$12(ClassBasedTestDescriptor.java:378) ~[junit-jupiter-engine-5.11.4.jar:5.11.4]
	at java.base/java.util.stream.ForEachOps$ForEachOp$OfRef.accept(ForEachOps.java:184) ~[na:na]
	at java.base/java.util.stream.ReferencePipeline$3$1.accept(ReferencePipeline.java:215) ~[na:na]
	at java.base/java.util.stream.ReferencePipeline$2$1.accept(ReferencePipeline.java:197) ~[na:na]
	at java.base/java.util.stream.ReferencePipeline$3$1.accept(ReferencePipeline.java:215) ~[na:na]
	at java.base/java.util.ArrayList$ArrayListSpliterator.forEachRemaining(ArrayList.java:1709) ~[na:na]
	at java.base/java.util.stream.AbstractPipeline.copyInto(AbstractPipeline.java:570) ~[na:na]
	at java.base/java.util.stream.AbstractPipeline.wrapAndCopyInto(AbstractPipeline.java:560) ~[na:na]
	at java.base/java.util.stream.ForEachOps$ForEachOp.evaluateSequential(ForEachOps.java:151) ~[na:na]
	at java.base/java.util.stream.ForEachOps$ForEachOp$OfRef.evaluateSequential(ForEachOps.java:174) ~[na:na]
	at java.base/java.util.stream.AbstractPipeline.evaluate(AbstractPipeline.java:265) ~[na:na]
	at java.base/java.util.stream.ReferencePipeline.forEach(ReferencePipeline.java:636) ~[na:na]
	at org.junit.jupiter.engine.descriptor.ClassBasedTestDescriptor.invokeTestInstancePostProcessors(ClassBasedTestDescriptor.java:377) ~[junit-jupiter-engine-5.11.4.jar:5.11.4]
	at org.junit.jupiter.engine.descriptor.ClassBasedTestDescriptor.lambda$instantiateAndPostProcessTestInstance$7(ClassBasedTestDescriptor.java:290) ~[junit-jupiter-engine-5.11.4.jar:5.11.4]
	at org.junit.platform.engine.support.hierarchical.ThrowableCollector.execute(ThrowableCollector.java:73) ~[junit-platform-engine-1.11.4.jar:1.11.4]
	at org.junit.jupiter.engine.descriptor.ClassBasedTestDescriptor.instantiateAndPostProcessTestInstance(ClassBasedTestDescriptor.java:289) ~[junit-jupiter-engine-5.11.4.jar:5.11.4]
	at org.junit.jupiter.engine.descriptor.ClassBasedTestDescriptor.lambda$testInstancesProvider$5(ClassBasedTestDescriptor.java:279) ~[junit-jupiter-engine-5.11.4.jar:5.11.4]
	at java.base/java.util.Optional.orElseGet(Optional.java:364) ~[na:na]
	at org.junit.jupiter.engine.descriptor.ClassBasedTestDescriptor.lambda$testInstancesProvider$6(ClassBasedTestDescriptor.java:278) ~[junit-jupiter-engine-5.11.4.jar:5.11.4]
	at org.junit.jupiter.engine.execution.TestInstancesProvider.getTestInstances(TestInstancesProvider.java:31) ~[junit-jupiter-engine-5.11.4.jar:5.11.4]
	at org.junit.jupiter.engine.descriptor.TestMethodTestDescriptor.lambda$prepare$1(TestMethodTestDescriptor.java:105) ~[junit-jupiter-engine-5.11.4.jar:5.11.4]
	at org.junit.platform.engine.support.hierarchical.ThrowableCollector.execute(ThrowableCollector.java:73) ~[junit-platform-engine-1.11.4.jar:1.11.4]
	at org.junit.jupiter.engine.descriptor.TestMethodTestDescriptor.prepare(TestMethodTestDescriptor.java:104) ~[junit-jupiter-engine-5.11.4.jar:5.11.4]
	at org.junit.jupiter.engine.descriptor.TestMethodTestDescriptor.prepare(TestMethodTestDescriptor.java:68) ~[junit-jupiter-engine-5.11.4.jar:5.11.4]
	at org.junit.platform.engine.support.hierarchical.NodeTestTask.lambda$prepare$2(NodeTestTask.java:128) ~[junit-platform-engine-1.11.4.jar:1.11.4]
	at org.junit.platform.engine.support.hierarchical.ThrowableCollector.execute(ThrowableCollector.java:73) ~[junit-platform-engine-1.11.4.jar:1.11.4]
	at org.junit.platform.engine.support.hierarchical.NodeTestTask.prepare(NodeTestTask.java:128) ~[junit-platform-engine-1.11.4.jar:1.11.4]
	at org.junit.platform.engine.support.hierarchical.NodeTestTask.execute(NodeTestTask.java:95) ~[junit-platform-engine-1.11.4.jar:1.11.4]
	at java.base/java.util.ArrayList.forEach(ArrayList.java:1597) ~[na:na]
	at org.junit.platform.engine.support.hierarchical.SameThreadHierarchicalTestExecutorService.invokeAll(SameThreadHierarchicalTestExecutorService.java:41) ~[junit-platform-engine-1.11.4.jar:1.11.4]
	at org.junit.platform.engine.support.hierarchical.NodeTestTask.lambda$executeRecursively$6(NodeTestTask.java:160) ~[junit-platform-engine-1.11.4.jar:1.11.4]
	at org.junit.platform.engine.support.hierarchical.ThrowableCollector.execute(ThrowableCollector.java:73) ~[junit-platform-engine-1.11.4.jar:1.11.4]
	at org.junit.platform.engine.support.hierarchical.NodeTestTask.lambda$executeRecursively$8(NodeTestTask.java:146) ~[junit-platform-engine-1.11.4.jar:1.11.4]
	at org.junit.platform.engine.support.hierarchical.Node.around(Node.java:137) ~[junit-platform-engine-1.11.4.jar:1.11.4]
	at org.junit.platform.engine.support.hierarchical.NodeTestTask.lambda$executeRecursively$9(NodeTestTask.java:144) ~[junit-platform-engine-1.11.4.jar:1.11.4]
	at org.junit.platform.engine.support.hierarchical.ThrowableCollector.execute(ThrowableCollector.java:73) ~[junit-platform-engine-1.11.4.jar:1.11.4]
	at org.junit.platform.engine.support.hierarchical.NodeTestTask.executeRecursively(NodeTestTask.java:143) ~[junit-platform-engine-1.11.4.jar:1.11.4]
	at org.junit.platform.engine.support.hierarchical.NodeTestTask.execute(NodeTestTask.java:100) ~[junit-platform-engine-1.11.4.jar:1.11.4]
	at java.base/java.util.ArrayList.forEach(ArrayList.java:1597) ~[na:na]
	at org.junit.platform.engine.support.hierarchical.SameThreadHierarchicalTestExecutorService.invokeAll(SameThreadHierarchicalTestExecutorService.java:41) ~[junit-platform-engine-1.11.4.jar:1.11.4]
	at org.junit.platform.engine.support.hierarchical.NodeTestTask.lambda$executeRecursively$6(NodeTestTask.java:160) ~[junit-platform-engine-1.11.4.jar:1.11.4]
	at org.junit.platform.engine.support.hierarchical.ThrowableCollector.execute(ThrowableCollector.java:73) ~[junit-platform-engine-1.11.4.jar:1.11.4]
	at org.junit.platform.engine.support.hierarchical.NodeTestTask.lambda$executeRecursively$8(NodeTestTask.java:146) ~[junit-platform-engine-1.11.4.jar:1.11.4]
	at org.junit.platform.engine.support.hierarchical.Node.around(Node.java:137) ~[junit-platform-engine-1.11.4.jar:1.11.4]
	at org.junit.platform.engine.support.hierarchical.NodeTestTask.lambda$executeRecursively$9(NodeTestTask.java:144) ~[junit-platform-engine-1.11.4.jar:1.11.4]
	at org.junit.platform.engine.support.hierarchical.ThrowableCollector.execute(ThrowableCollector.java:73) ~[junit-platform-engine-1.11.4.jar:1.11.4]
	at org.junit.platform.engine.support.hierarchical.NodeTestTask.executeRecursively(NodeTestTask.java:143) ~[junit-platform-engine-1.11.4.jar:1.11.4]
	at org.junit.platform.engine.support.hierarchical.NodeTestTask.execute(NodeTestTask.java:100) ~[junit-platform-engine-1.11.4.jar:1.11.4]
	at org.junit.platform.engine.support.hierarchical.SameThreadHierarchicalTestExecutorService.submit(SameThreadHierarchicalTestExecutorService.java:35) ~[junit-platform-engine-1.11.4.jar:1.11.4]
	at org.junit.platform.engine.support.hierarchical.HierarchicalTestExecutor.execute(HierarchicalTestExecutor.java:57) ~[junit-platform-engine-1.11.4.jar:1.11.4]
	at org.junit.platform.engine.support.hierarchical.HierarchicalTestEngine.execute(HierarchicalTestEngine.java:54) ~[junit-platform-engine-1.11.4.jar:1.11.4]
	at org.junit.platform.launcher.core.EngineExecutionOrchestrator.execute(EngineExecutionOrchestrator.java:198) ~[junit-platform-launcher-1.11.4.jar:1.11.4]
	at org.junit.platform.launcher.core.EngineExecutionOrchestrator.execute(EngineExecutionOrchestrator.java:169) ~[junit-platform-launcher-1.11.4.jar:1.11.4]
	at org.junit.platform.launcher.core.EngineExecutionOrchestrator.execute(EngineExecutionOrchestrator.java:93) ~[junit-platform-launcher-1.11.4.jar:1.11.4]
	at org.junit.platform.launcher.core.EngineExecutionOrchestrator.lambda$execute$0(EngineExecutionOrchestrator.java:58) ~[junit-platform-launcher-1.11.4.jar:1.11.4]
	at org.junit.platform.launcher.core.EngineExecutionOrchestrator.withInterceptedStreams(EngineExecutionOrchestrator.java:141) ~[junit-platform-launcher-1.11.4.jar:1.11.4]
	at org.junit.platform.launcher.core.EngineExecutionOrchestrator.execute(EngineExecutionOrchestrator.java:57) ~[junit-platform-launcher-1.11.4.jar:1.11.4]
	at org.junit.platform.launcher.core.DefaultLauncher.execute(DefaultLauncher.java:103) ~[junit-platform-launcher-1.11.4.jar:1.11.4]
	at org.junit.platform.launcher.core.DefaultLauncher.execute(DefaultLauncher.java:85) ~[junit-platform-launcher-1.11.4.jar:1.11.4]
	at org.junit.platform.launcher.core.DelegatingLauncher.execute(DelegatingLauncher.java:47) ~[junit-platform-launcher-1.11.4.jar:1.11.4]
	at org.apache.maven.surefire.junitplatform.LazyLauncher.execute(LazyLauncher.java:56) ~[surefire-junit-platform-3.5.2.jar:3.5.2]
	at org.apache.maven.surefire.junitplatform.JUnitPlatformProvider.execute(JUnitPlatformProvider.java:184) ~[surefire-junit-platform-3.5.2.jar:3.5.2]
	at org.apache.maven.surefire.junitplatform.JUnitPlatformProvider.invokeAllTests(JUnitPlatformProvider.java:148) ~[surefire-junit-platform-3.5.2.jar:3.5.2]
	at org.apache.maven.surefire.junitplatform.JUnitPlatformProvider.invoke(JUnitPlatformProvider.java:122) ~[surefire-junit-platform-3.5.2.jar:3.5.2]
	at org.apache.maven.surefire.booter.ForkedBooter.runSuitesInProcess(ForkedBooter.java:385) ~[surefire-booter-3.5.2.jar:3.5.2]
	at org.apache.maven.surefire.booter.ForkedBooter.execute(ForkedBooter.java:162) ~[surefire-booter-3.5.2.jar:3.5.2]
	at org.apache.maven.surefire.booter.ForkedBooter.run(ForkedBooter.java:507) ~[surefire-booter-3.5.2.jar:3.5.2]
	at org.apache.maven.surefire.booter.ForkedBooter.main(ForkedBooter.java:495) ~[surefire-booter-3.5.2.jar:3.5.2]
Caused by: java.util.concurrent.TimeoutException: null
	at java.base/java.util.concurrent.CompletableFuture.timedGet(CompletableFuture.java:2004) ~[na:na]
	at java.base/java.util.concurrent.CompletableFuture.get(CompletableFuture.java:2139) ~[na:na]
	at org.apache.kafka.common.internals.KafkaFutureImpl.get(KafkaFutureImpl.java:180) ~[kafka-clients-3.8.1.jar:na]
	at org.springframework.cloud.stream.binder.kafka.provisioning.KafkaTopicProvisioner.createTopicAndPartitions(KafkaTopicProvisioner.java:454) ~[spring-cloud-stream-binder-kafka-core-4.2.0.jar:4.2.0]
	at org.springframework.cloud.stream.binder.kafka.provisioning.KafkaTopicProvisioner.createTopicIfNecessary(KafkaTopicProvisioner.java:428) ~[spring-cloud-stream-binder-kafka-core-4.2.0.jar:4.2.0]
	at org.springframework.cloud.stream.binder.kafka.provisioning.KafkaTopicProvisioner.createTopic(KafkaTopicProvisioner.java:405) ~[spring-cloud-stream-binder-kafka-core-4.2.0.jar:4.2.0]
	... 107 common frames omitted

2025-03-20T11:39:13.252+01:00  INFO 15556 --- [kafka-spring-cloud-stream] [           main] o.s.c.s.b.k.p.KafkaTopicProvisioner      : Using kafka topic for outbound: T11
2025-03-20T11:39:13.253+01:00  INFO 15556 --- [kafka-spring-cloud-stream] [           main] o.a.k.clients.admin.AdminClientConfig    : AdminClientConfig values: 
	auto.include.jmx.reporter = true
	bootstrap.controllers = []
	bootstrap.servers = [localhost:9092]
	client.dns.lookup = use_all_dns_ips
	client.id = 
	connections.max.idle.ms = 300000
	default.api.timeout.ms = 60000
	enable.metrics.push = true
	metadata.max.age.ms = 300000
	metadata.recovery.strategy = none
	metric.reporters = []
	metrics.num.samples = 2
	metrics.recording.level = INFO
	metrics.sample.window.ms = 30000
	receive.buffer.bytes = 65536
	reconnect.backoff.max.ms = 1000
	reconnect.backoff.ms = 50
	request.timeout.ms = 30000
	retries = 2147483647
	retry.backoff.max.ms = 1000
	retry.backoff.ms = 100
	sasl.client.callback.handler.class = null
	sasl.jaas.config = null
	sasl.kerberos.kinit.cmd = /usr/bin/kinit
	sasl.kerberos.min.time.before.relogin = 60000
	sasl.kerberos.service.name = null
	sasl.kerberos.ticket.renew.jitter = 0.05
	sasl.kerberos.ticket.renew.window.factor = 0.8
	sasl.login.callback.handler.class = null
	sasl.login.class = null
	sasl.login.connect.timeout.ms = null
	sasl.login.read.timeout.ms = null
	sasl.login.refresh.buffer.seconds = 300
	sasl.login.refresh.min.period.seconds = 60
	sasl.login.refresh.window.factor = 0.8
	sasl.login.refresh.window.jitter = 0.05
	sasl.login.retry.backoff.max.ms = 10000
	sasl.login.retry.backoff.ms = 100
	sasl.mechanism = GSSAPI
	sasl.oauthbearer.clock.skew.seconds = 30
	sasl.oauthbearer.expected.audience = null
	sasl.oauthbearer.expected.issuer = null
	sasl.oauthbearer.jwks.endpoint.refresh.ms = 3600000
	sasl.oauthbearer.jwks.endpoint.retry.backoff.max.ms = 10000
	sasl.oauthbearer.jwks.endpoint.retry.backoff.ms = 100
	sasl.oauthbearer.jwks.endpoint.url = null
	sasl.oauthbearer.scope.claim.name = scope
	sasl.oauthbearer.sub.claim.name = sub
	sasl.oauthbearer.token.endpoint.url = null
	security.protocol = PLAINTEXT
	security.providers = null
	send.buffer.bytes = 131072
	socket.connection.setup.timeout.max.ms = 30000
	socket.connection.setup.timeout.ms = 10000
	ssl.cipher.suites = null
	ssl.enabled.protocols = [TLSv1.2, TLSv1.3]
	ssl.endpoint.identification.algorithm = https
	ssl.engine.factory.class = null
	ssl.key.password = null
	ssl.keymanager.algorithm = SunX509
	ssl.keystore.certificate.chain = null
	ssl.keystore.key = null
	ssl.keystore.location = null
	ssl.keystore.password = null
	ssl.keystore.type = JKS
	ssl.protocol = TLSv1.3
	ssl.provider = null
	ssl.secure.random.implementation = null
	ssl.trustmanager.algorithm = PKIX
	ssl.truststore.certificates = null
	ssl.truststore.location = null
	ssl.truststore.password = null
	ssl.truststore.type = JKS

2025-03-20T11:39:13.258+01:00  INFO 15556 --- [kafka-spring-cloud-stream] [           main] o.a.kafka.common.utils.AppInfoParser     : Kafka version: 3.8.1
2025-03-20T11:39:13.258+01:00  INFO 15556 --- [kafka-spring-cloud-stream] [           main] o.a.kafka.common.utils.AppInfoParser     : Kafka commitId: 70d6ff42debf7e17
2025-03-20T11:39:13.258+01:00  INFO 15556 --- [kafka-spring-cloud-stream] [           main] o.a.kafka.common.utils.AppInfoParser     : Kafka startTimeMs: 1742467153258
2025-03-20T11:39:13.305+01:00  WARN 15556 --- [kafka-spring-cloud-stream] [           main] o.s.c.s.b.k.p.KafkaTopicProvisioner      : Attempt to create topic: T11. Topic already exists.
2025-03-20T11:39:13.313+01:00  WARN 15556 --- [kafka-spring-cloud-stream] [| adminclient-2] o.a.k.clients.admin.KafkaAdminClient     : [AdminClient clientId=adminclient-2] The DescribeTopicPartitions API is not supported, using Metadata API to describe topics.
2025-03-20T11:39:13.437+01:00  WARN 15556 --- [kafka-spring-cloud-stream] [| adminclient-2] o.a.k.clients.admin.KafkaAdminClient     : [AdminClient clientId=adminclient-2] The DescribeTopicPartitions API is not supported, using Metadata API to describe topics.
2025-03-20T11:39:13.657+01:00  WARN 15556 --- [kafka-spring-cloud-stream] [| adminclient-2] o.a.k.clients.admin.KafkaAdminClient     : [AdminClient clientId=adminclient-2] The DescribeTopicPartitions API is not supported, using Metadata API to describe topics.
2025-03-20T11:39:13.665+01:00  INFO 15556 --- [kafka-spring-cloud-stream] [| adminclient-2] o.a.kafka.common.utils.AppInfoParser     : App info kafka.admin.client for adminclient-2 unregistered
2025-03-20T11:39:13.667+01:00  INFO 15556 --- [kafka-spring-cloud-stream] [| adminclient-2] o.apache.kafka.common.metrics.Metrics    : Metrics scheduler closed
2025-03-20T11:39:13.668+01:00  INFO 15556 --- [kafka-spring-cloud-stream] [| adminclient-2] o.apache.kafka.common.metrics.Metrics    : Closing reporter org.apache.kafka.common.metrics.JmxReporter
2025-03-20T11:39:13.668+01:00  INFO 15556 --- [kafka-spring-cloud-stream] [| adminclient-2] o.apache.kafka.common.metrics.Metrics    : Metrics reporters closed
2025-03-20T11:39:13.677+01:00  INFO 15556 --- [kafka-spring-cloud-stream] [           main] o.a.k.clients.producer.ProducerConfig    : Idempotence will be disabled because acks is set to 1, not set to 'all'.
2025-03-20T11:39:13.677+01:00  INFO 15556 --- [kafka-spring-cloud-stream] [           main] o.a.k.clients.producer.ProducerConfig    : ProducerConfig values: 
	acks = 1
	auto.include.jmx.reporter = true
	batch.size = 16384
	bootstrap.servers = [localhost:9092]
	buffer.memory = 33554432
	client.dns.lookup = use_all_dns_ips
	client.id = producer-1
	compression.gzip.level = -1
	compression.lz4.level = 9
	compression.type = none
	compression.zstd.level = 3
	connections.max.idle.ms = 540000
	delivery.timeout.ms = 120000
	enable.idempotence = false
	enable.metrics.push = true
	interceptor.classes = []
	key.serializer = class org.apache.kafka.common.serialization.StringSerializer
	linger.ms = 0
	max.block.ms = 60000
	max.in.flight.requests.per.connection = 5
	max.request.size = 1048576
	metadata.max.age.ms = 300000
	metadata.max.idle.ms = 300000
	metadata.recovery.strategy = none
	metric.reporters = []
	metrics.num.samples = 2
	metrics.recording.level = INFO
	metrics.sample.window.ms = 30000
	partitioner.adaptive.partitioning.enable = true
	partitioner.availability.timeout.ms = 0
	partitioner.class = null
	partitioner.ignore.keys = false
	receive.buffer.bytes = 32768
	reconnect.backoff.max.ms = 1000
	reconnect.backoff.ms = 50
	request.timeout.ms = 30000
	retries = 2147483647
	retry.backoff.max.ms = 1000
	retry.backoff.ms = 100
	sasl.client.callback.handler.class = null
	sasl.jaas.config = null
	sasl.kerberos.kinit.cmd = /usr/bin/kinit
	sasl.kerberos.min.time.before.relogin = 60000
	sasl.kerberos.service.name = null
	sasl.kerberos.ticket.renew.jitter = 0.05
	sasl.kerberos.ticket.renew.window.factor = 0.8
	sasl.login.callback.handler.class = null
	sasl.login.class = null
	sasl.login.connect.timeout.ms = null
	sasl.login.read.timeout.ms = null
	sasl.login.refresh.buffer.seconds = 300
	sasl.login.refresh.min.period.seconds = 60
	sasl.login.refresh.window.factor = 0.8
	sasl.login.refresh.window.jitter = 0.05
	sasl.login.retry.backoff.max.ms = 10000
	sasl.login.retry.backoff.ms = 100
	sasl.mechanism = GSSAPI
	sasl.oauthbearer.clock.skew.seconds = 30
	sasl.oauthbearer.expected.audience = null
	sasl.oauthbearer.expected.issuer = null
	sasl.oauthbearer.jwks.endpoint.refresh.ms = 3600000
	sasl.oauthbearer.jwks.endpoint.retry.backoff.max.ms = 10000
	sasl.oauthbearer.jwks.endpoint.retry.backoff.ms = 100
	sasl.oauthbearer.jwks.endpoint.url = null
	sasl.oauthbearer.scope.claim.name = scope
	sasl.oauthbearer.sub.claim.name = sub
	sasl.oauthbearer.token.endpoint.url = null
	security.protocol = PLAINTEXT
	security.providers = null
	send.buffer.bytes = 131072
	socket.connection.setup.timeout.max.ms = 30000
	socket.connection.setup.timeout.ms = 10000
	ssl.cipher.suites = null
	ssl.enabled.protocols = [TLSv1.2, TLSv1.3]
	ssl.endpoint.identification.algorithm = https
	ssl.engine.factory.class = null
	ssl.key.password = null
	ssl.keymanager.algorithm = SunX509
	ssl.keystore.certificate.chain = null
	ssl.keystore.key = null
	ssl.keystore.location = null
	ssl.keystore.password = null
	ssl.keystore.type = JKS
	ssl.protocol = TLSv1.3
	ssl.provider = null
	ssl.secure.random.implementation = null
	ssl.trustmanager.algorithm = PKIX
	ssl.truststore.certificates = null
	ssl.truststore.location = null
	ssl.truststore.password = null
	ssl.truststore.type = JKS
	transaction.timeout.ms = 60000
	transactional.id = null
	value.serializer = class org.apache.kafka.common.serialization.ByteArraySerializer

2025-03-20T11:39:13.708+01:00  INFO 15556 --- [kafka-spring-cloud-stream] [           main] o.a.k.c.t.i.KafkaMetricsCollector        : initializing Kafka metrics collector
2025-03-20T11:39:13.732+01:00  INFO 15556 --- [kafka-spring-cloud-stream] [           main] o.a.kafka.common.utils.AppInfoParser     : Kafka version: 3.8.1
2025-03-20T11:39:13.732+01:00  INFO 15556 --- [kafka-spring-cloud-stream] [           main] o.a.kafka.common.utils.AppInfoParser     : Kafka commitId: 70d6ff42debf7e17
2025-03-20T11:39:13.732+01:00  INFO 15556 --- [kafka-spring-cloud-stream] [           main] o.a.kafka.common.utils.AppInfoParser     : Kafka startTimeMs: 1742467153732
2025-03-20T11:39:13.752+01:00  INFO 15556 --- [kafka-spring-cloud-stream] [ad | producer-1] org.apache.kafka.clients.Metadata        : [Producer clientId=producer-1] Cluster ID: r2BBnvv7R1a7lbJP5cQrMQ
2025-03-20T11:39:13.782+01:00  INFO 15556 --- [kafka-spring-cloud-stream] [           main] o.s.c.s.m.DirectWithAttributesChannel    : Channel 'kafka-spring-cloud-stream.fluxSupplier-out-0' has 1 subscriber(s).
2025-03-20T11:39:13.802+01:00  INFO 15556 --- [kafka-spring-cloud-stream] [           main] o.s.c.s.b.k.p.KafkaTopicProvisioner      : Using kafka topic for outbound: T4
2025-03-20T11:39:13.802+01:00  INFO 15556 --- [kafka-spring-cloud-stream] [           main] o.a.k.clients.admin.AdminClientConfig    : AdminClientConfig values: 
	auto.include.jmx.reporter = true
	bootstrap.controllers = []
	bootstrap.servers = [localhost:9092]
	client.dns.lookup = use_all_dns_ips
	client.id = 
	connections.max.idle.ms = 300000
	default.api.timeout.ms = 60000
	enable.metrics.push = true
	metadata.max.age.ms = 300000
	metadata.recovery.strategy = none
	metric.reporters = []
	metrics.num.samples = 2
	metrics.recording.level = INFO
	metrics.sample.window.ms = 30000
	receive.buffer.bytes = 65536
	reconnect.backoff.max.ms = 1000
	reconnect.backoff.ms = 50
	request.timeout.ms = 30000
	retries = 2147483647
	retry.backoff.max.ms = 1000
	retry.backoff.ms = 100
	sasl.client.callback.handler.class = null
	sasl.jaas.config = null
	sasl.kerberos.kinit.cmd = /usr/bin/kinit
	sasl.kerberos.min.time.before.relogin = 60000
	sasl.kerberos.service.name = null
	sasl.kerberos.ticket.renew.jitter = 0.05
	sasl.kerberos.ticket.renew.window.factor = 0.8
	sasl.login.callback.handler.class = null
	sasl.login.class = null
	sasl.login.connect.timeout.ms = null
	sasl.login.read.timeout.ms = null
	sasl.login.refresh.buffer.seconds = 300
	sasl.login.refresh.min.period.seconds = 60
	sasl.login.refresh.window.factor = 0.8
	sasl.login.refresh.window.jitter = 0.05
	sasl.login.retry.backoff.max.ms = 10000
	sasl.login.retry.backoff.ms = 100
	sasl.mechanism = GSSAPI
	sasl.oauthbearer.clock.skew.seconds = 30
	sasl.oauthbearer.expected.audience = null
	sasl.oauthbearer.expected.issuer = null
	sasl.oauthbearer.jwks.endpoint.refresh.ms = 3600000
	sasl.oauthbearer.jwks.endpoint.retry.backoff.max.ms = 10000
	sasl.oauthbearer.jwks.endpoint.retry.backoff.ms = 100
	sasl.oauthbearer.jwks.endpoint.url = null
	sasl.oauthbearer.scope.claim.name = scope
	sasl.oauthbearer.sub.claim.name = sub
	sasl.oauthbearer.token.endpoint.url = null
	security.protocol = PLAINTEXT
	security.providers = null
	send.buffer.bytes = 131072
	socket.connection.setup.timeout.max.ms = 30000
	socket.connection.setup.timeout.ms = 10000
	ssl.cipher.suites = null
	ssl.enabled.protocols = [TLSv1.2, TLSv1.3]
	ssl.endpoint.identification.algorithm = https
	ssl.engine.factory.class = null
	ssl.key.password = null
	ssl.keymanager.algorithm = SunX509
	ssl.keystore.certificate.chain = null
	ssl.keystore.key = null
	ssl.keystore.location = null
	ssl.keystore.password = null
	ssl.keystore.type = JKS
	ssl.protocol = TLSv1.3
	ssl.provider = null
	ssl.secure.random.implementation = null
	ssl.trustmanager.algorithm = PKIX
	ssl.truststore.certificates = null
	ssl.truststore.location = null
	ssl.truststore.password = null
	ssl.truststore.type = JKS

2025-03-20T11:39:13.806+01:00  INFO 15556 --- [kafka-spring-cloud-stream] [           main] o.a.kafka.common.utils.AppInfoParser     : Kafka version: 3.8.1
2025-03-20T11:39:13.806+01:00  INFO 15556 --- [kafka-spring-cloud-stream] [           main] o.a.kafka.common.utils.AppInfoParser     : Kafka commitId: 70d6ff42debf7e17
2025-03-20T11:39:13.806+01:00  INFO 15556 --- [kafka-spring-cloud-stream] [           main] o.a.kafka.common.utils.AppInfoParser     : Kafka startTimeMs: 1742467153806
2025-03-20T11:39:13.825+01:00  WARN 15556 --- [kafka-spring-cloud-stream] [| adminclient-3] o.a.k.clients.admin.KafkaAdminClient     : [AdminClient clientId=adminclient-3] The DescribeTopicPartitions API is not supported, using Metadata API to describe topics.
2025-03-20T11:39:13.830+01:00  WARN 15556 --- [kafka-spring-cloud-stream] [| adminclient-3] o.a.k.clients.admin.KafkaAdminClient     : [AdminClient clientId=adminclient-3] The DescribeTopicPartitions API is not supported, using Metadata API to describe topics.
2025-03-20T11:39:13.834+01:00  INFO 15556 --- [kafka-spring-cloud-stream] [| adminclient-3] o.a.kafka.common.utils.AppInfoParser     : App info kafka.admin.client for adminclient-3 unregistered
2025-03-20T11:39:13.836+01:00  INFO 15556 --- [kafka-spring-cloud-stream] [| adminclient-3] o.apache.kafka.common.metrics.Metrics    : Metrics scheduler closed
2025-03-20T11:39:13.836+01:00  INFO 15556 --- [kafka-spring-cloud-stream] [| adminclient-3] o.apache.kafka.common.metrics.Metrics    : Closing reporter org.apache.kafka.common.metrics.JmxReporter
2025-03-20T11:39:13.836+01:00  INFO 15556 --- [kafka-spring-cloud-stream] [| adminclient-3] o.apache.kafka.common.metrics.Metrics    : Metrics reporters closed
2025-03-20T11:39:13.838+01:00  INFO 15556 --- [kafka-spring-cloud-stream] [           main] o.s.c.s.b.kafka.streams.KStreamBinder    : Key Serde used for (outbound) T4: org.apache.kafka.common.serialization.Serdes$StringSerde
2025-03-20T11:39:13.839+01:00  INFO 15556 --- [kafka-spring-cloud-stream] [           main] o.s.c.s.b.kafka.streams.KStreamBinder    : Value Serde used for (outbound) T4: org.apache.kafka.common.serialization.Serdes$LongSerde
2025-03-20T11:39:13.839+01:00  INFO 15556 --- [kafka-spring-cloud-stream] [           main] o.s.c.s.b.kafka.streams.KStreamBinder    : Native encoding is enabled for T4. Outbound serialization done at the broker.
2025-03-20T11:39:13.844+01:00  INFO 15556 --- [kafka-spring-cloud-stream] [           main] o.s.i.e.SourcePollingChannelAdapter      : started bean 'pageEventSupplier-out-0_spca'
2025-03-20T11:39:13.844+01:00  INFO 15556 --- [kafka-spring-cloud-stream] [           main] o.s.i.e.SourcePollingChannelAdapter      : started bean 'fluxSupplier-out-0_spca'
2025-03-20T11:39:13.864+01:00  INFO 15556 --- [kafka-spring-cloud-stream] [           main] o.a.k.clients.admin.AdminClientConfig    : AdminClientConfig values: 
	auto.include.jmx.reporter = true
	bootstrap.controllers = []
	bootstrap.servers = [localhost:9092]
	client.dns.lookup = use_all_dns_ips
	client.id = 
	connections.max.idle.ms = 300000
	default.api.timeout.ms = 60000
	enable.metrics.push = true
	metadata.max.age.ms = 300000
	metadata.recovery.strategy = none
	metric.reporters = []
	metrics.num.samples = 2
	metrics.recording.level = INFO
	metrics.sample.window.ms = 30000
	receive.buffer.bytes = 65536
	reconnect.backoff.max.ms = 1000
	reconnect.backoff.ms = 50
	request.timeout.ms = 30000
	retries = 2147483647
	retry.backoff.max.ms = 1000
	retry.backoff.ms = 100
	sasl.client.callback.handler.class = null
	sasl.jaas.config = null
	sasl.kerberos.kinit.cmd = /usr/bin/kinit
	sasl.kerberos.min.time.before.relogin = 60000
	sasl.kerberos.service.name = null
	sasl.kerberos.ticket.renew.jitter = 0.05
	sasl.kerberos.ticket.renew.window.factor = 0.8
	sasl.login.callback.handler.class = null
	sasl.login.class = null
	sasl.login.connect.timeout.ms = null
	sasl.login.read.timeout.ms = null
	sasl.login.refresh.buffer.seconds = 300
	sasl.login.refresh.min.period.seconds = 60
	sasl.login.refresh.window.factor = 0.8
	sasl.login.refresh.window.jitter = 0.05
	sasl.login.retry.backoff.max.ms = 10000
	sasl.login.retry.backoff.ms = 100
	sasl.mechanism = GSSAPI
	sasl.oauthbearer.clock.skew.seconds = 30
	sasl.oauthbearer.expected.audience = null
	sasl.oauthbearer.expected.issuer = null
	sasl.oauthbearer.jwks.endpoint.refresh.ms = 3600000
	sasl.oauthbearer.jwks.endpoint.retry.backoff.max.ms = 10000
	sasl.oauthbearer.jwks.endpoint.retry.backoff.ms = 100
	sasl.oauthbearer.jwks.endpoint.url = null
	sasl.oauthbearer.scope.claim.name = scope
	sasl.oauthbearer.sub.claim.name = sub
	sasl.oauthbearer.token.endpoint.url = null
	security.protocol = PLAINTEXT
	security.providers = null
	send.buffer.bytes = 131072
	socket.connection.setup.timeout.max.ms = 30000
	socket.connection.setup.timeout.ms = 10000
	ssl.cipher.suites = null
	ssl.enabled.protocols = [TLSv1.2, TLSv1.3]
	ssl.endpoint.identification.algorithm = https
	ssl.engine.factory.class = null
	ssl.key.password = null
	ssl.keymanager.algorithm = SunX509
	ssl.keystore.certificate.chain = null
	ssl.keystore.key = null
	ssl.keystore.location = null
	ssl.keystore.password = null
	ssl.keystore.type = JKS
	ssl.protocol = TLSv1.3
	ssl.provider = null
	ssl.secure.random.implementation = null
	ssl.trustmanager.algorithm = PKIX
	ssl.truststore.certificates = null
	ssl.truststore.location = null
	ssl.truststore.password = null
	ssl.truststore.type = JKS

2025-03-20T11:39:13.867+01:00  INFO 15556 --- [kafka-spring-cloud-stream] [           main] o.a.kafka.common.utils.AppInfoParser     : Kafka version: 3.8.1
2025-03-20T11:39:13.867+01:00  INFO 15556 --- [kafka-spring-cloud-stream] [           main] o.a.kafka.common.utils.AppInfoParser     : Kafka commitId: 70d6ff42debf7e17
2025-03-20T11:39:13.867+01:00  INFO 15556 --- [kafka-spring-cloud-stream] [           main] o.a.kafka.common.utils.AppInfoParser     : Kafka startTimeMs: 1742467153867
2025-03-20T11:39:13.870+01:00 ERROR 15556 --- [kafka-spring-cloud-stream] [   scheduling-1] o.s.integration.handler.LoggingHandler   : org.springframework.messaging.MessageDeliveryException: Dispatcher has no subscribers for channel 'kafka-spring-cloud-stream.pageEventSupplier-out-0'., failedMessage=GenericMessage [payload=byte[79], headers={contentType=application/json, id=3a7e414e-57ea-d5d8-145d-f2db2479ac76, timestamp=1742467153862}]
	at org.springframework.integration.channel.AbstractSubscribableChannel.doSend(AbstractSubscribableChannel.java:76)
	at org.springframework.integration.channel.AbstractMessageChannel.sendInternal(AbstractMessageChannel.java:390)
	at org.springframework.integration.channel.AbstractMessageChannel.sendWithMetrics(AbstractMessageChannel.java:361)
	at org.springframework.integration.channel.AbstractMessageChannel.send(AbstractMessageChannel.java:331)
	at org.springframework.messaging.core.GenericMessagingTemplate.doSend(GenericMessagingTemplate.java:187)
	at org.springframework.messaging.core.GenericMessagingTemplate.doSend(GenericMessagingTemplate.java:166)
	at org.springframework.messaging.core.GenericMessagingTemplate.doSend(GenericMessagingTemplate.java:47)
	at org.springframework.messaging.core.AbstractMessageSendingTemplate.send(AbstractMessageSendingTemplate.java:109)
	at org.springframework.integration.router.AbstractMessageRouter.doSend(AbstractMessageRouter.java:238)
	at org.springframework.integration.router.AbstractMessageRouter.handleMessageInternal(AbstractMessageRouter.java:220)
	at org.springframework.integration.handler.AbstractMessageHandler.doHandleMessage(AbstractMessageHandler.java:105)
	at org.springframework.integration.handler.AbstractMessageHandler.handleWithMetrics(AbstractMessageHandler.java:90)
	at org.springframework.integration.handler.AbstractMessageHandler.handleMessage(AbstractMessageHandler.java:70)
	at org.springframework.integration.dispatcher.AbstractDispatcher.tryOptimizedDispatch(AbstractDispatcher.java:132)
	at org.springframework.integration.dispatcher.UnicastingDispatcher.doDispatch(UnicastingDispatcher.java:148)
	at org.springframework.integration.dispatcher.UnicastingDispatcher.dispatch(UnicastingDispatcher.java:121)
	at org.springframework.integration.channel.AbstractSubscribableChannel.doSend(AbstractSubscribableChannel.java:72)
	at org.springframework.integration.channel.AbstractMessageChannel.sendInternal(AbstractMessageChannel.java:390)
	at org.springframework.integration.channel.AbstractMessageChannel.sendWithMetrics(AbstractMessageChannel.java:361)
	at org.springframework.integration.channel.AbstractMessageChannel.send(AbstractMessageChannel.java:331)
	at org.springframework.integration.channel.AbstractMessageChannel.send(AbstractMessageChannel.java:304)
	at org.springframework.messaging.core.GenericMessagingTemplate.doSend(GenericMessagingTemplate.java:187)
	at org.springframework.messaging.core.GenericMessagingTemplate.doSend(GenericMessagingTemplate.java:166)
	at org.springframework.messaging.core.GenericMessagingTemplate.doSend(GenericMessagingTemplate.java:47)
	at org.springframework.messaging.core.AbstractMessageSendingTemplate.send(AbstractMessageSendingTemplate.java:109)
	at org.springframework.integration.endpoint.SourcePollingChannelAdapter.handleMessage(SourcePollingChannelAdapter.java:204)
	at org.springframework.integration.endpoint.AbstractPollingEndpoint.messageReceived(AbstractPollingEndpoint.java:482)
	at org.springframework.integration.endpoint.AbstractPollingEndpoint.doPoll(AbstractPollingEndpoint.java:468)
	at org.springframework.integration.endpoint.AbstractPollingEndpoint.pollForMessage(AbstractPollingEndpoint.java:420)
	at org.springframework.integration.endpoint.AbstractPollingEndpoint.lambda$createPoller$4(AbstractPollingEndpoint.java:356)
	at org.springframework.integration.util.ErrorHandlingTaskExecutor.lambda$execute$0(ErrorHandlingTaskExecutor.java:56)
	at org.springframework.core.task.SyncTaskExecutor.execute(SyncTaskExecutor.java:50)
	at org.springframework.integration.util.ErrorHandlingTaskExecutor.execute(ErrorHandlingTaskExecutor.java:54)
	at org.springframework.integration.endpoint.AbstractPollingEndpoint.lambda$createPoller$5(AbstractPollingEndpoint.java:349)
	at org.springframework.scheduling.support.DelegatingErrorHandlingRunnable.run(DelegatingErrorHandlingRunnable.java:54)
	at org.springframework.scheduling.concurrent.ReschedulingRunnable.run(ReschedulingRunnable.java:96)
	at java.base/java.util.concurrent.Executors$RunnableAdapter.call(Executors.java:572)
	at java.base/java.util.concurrent.FutureTask.run(FutureTask.java:317)
	at java.base/java.util.concurrent.ScheduledThreadPoolExecutor$ScheduledFutureTask.run(ScheduledThreadPoolExecutor.java:304)
	at java.base/java.util.concurrent.ThreadPoolExecutor.runWorker(ThreadPoolExecutor.java:1144)
	at java.base/java.util.concurrent.ThreadPoolExecutor$Worker.run(ThreadPoolExecutor.java:642)
	at java.base/java.lang.Thread.run(Thread.java:1575)
Caused by: org.springframework.integration.MessageDispatchingException: Dispatcher has no subscribers, failedMessage=GenericMessage [payload=byte[79], headers={contentType=application/json, id=3a7e414e-57ea-d5d8-145d-f2db2479ac76, timestamp=1742467153862}]
	at org.springframework.integration.dispatcher.UnicastingDispatcher.doDispatch(UnicastingDispatcher.java:154)
	at org.springframework.integration.dispatcher.UnicastingDispatcher.dispatch(UnicastingDispatcher.java:121)
	at org.springframework.integration.channel.AbstractSubscribableChannel.doSend(AbstractSubscribableChannel.java:72)
	... 41 more

2025-03-20T11:39:13.885+01:00  WARN 15556 --- [kafka-spring-cloud-stream] [| adminclient-4] o.a.k.clients.admin.KafkaAdminClient     : [AdminClient clientId=adminclient-4] The DescribeTopicPartitions API is not supported, using Metadata API to describe topics.
2025-03-20T11:39:13.890+01:00  WARN 15556 --- [kafka-spring-cloud-stream] [| adminclient-4] o.a.k.clients.admin.KafkaAdminClient     : [AdminClient clientId=adminclient-4] The DescribeTopicPartitions API is not supported, using Metadata API to describe topics.
2025-03-20T11:39:13.894+01:00  INFO 15556 --- [kafka-spring-cloud-stream] [| adminclient-4] o.a.kafka.common.utils.AppInfoParser     : App info kafka.admin.client for adminclient-4 unregistered
2025-03-20T11:39:13.896+01:00  INFO 15556 --- [kafka-spring-cloud-stream] [| adminclient-4] o.apache.kafka.common.metrics.Metrics    : Metrics scheduler closed
2025-03-20T11:39:13.896+01:00  INFO 15556 --- [kafka-spring-cloud-stream] [| adminclient-4] o.apache.kafka.common.metrics.Metrics    : Closing reporter org.apache.kafka.common.metrics.JmxReporter
2025-03-20T11:39:13.896+01:00  INFO 15556 --- [kafka-spring-cloud-stream] [| adminclient-4] o.apache.kafka.common.metrics.Metrics    : Metrics reporters closed
2025-03-20T11:39:13.900+01:00  INFO 15556 --- [kafka-spring-cloud-stream] [           main] o.a.k.clients.consumer.ConsumerConfig    : ConsumerConfig values: 
	allow.auto.create.topics = true
	auto.commit.interval.ms = 100
	auto.include.jmx.reporter = true
	auto.offset.reset = latest
	bootstrap.servers = [localhost:9092]
	check.crcs = true
	client.dns.lookup = use_all_dns_ips
	client.id = consumer-anonymous.41e0289c-9e85-49a0-88ce-d9bafee6f163-1
	client.rack = 
	connections.max.idle.ms = 540000
	default.api.timeout.ms = 60000
	enable.auto.commit = false
	enable.metrics.push = true
	exclude.internal.topics = true
	fetch.max.bytes = 52428800
	fetch.max.wait.ms = 500
	fetch.min.bytes = 1
	group.id = anonymous.41e0289c-9e85-49a0-88ce-d9bafee6f163
	group.instance.id = null
	group.protocol = classic
	group.remote.assignor = null
	heartbeat.interval.ms = 3000
	interceptor.classes = []
	internal.leave.group.on.close = true
	internal.throw.on.fetch.stable.offset.unsupported = false
	isolation.level = read_uncommitted
	key.deserializer = class org.apache.kafka.common.serialization.ByteArrayDeserializer
	max.partition.fetch.bytes = 1048576
	max.poll.interval.ms = 300000
	max.poll.records = 500
	metadata.max.age.ms = 300000
	metadata.recovery.strategy = none
	metric.reporters = []
	metrics.num.samples = 2
	metrics.recording.level = INFO
	metrics.sample.window.ms = 30000
	partition.assignment.strategy = [class org.apache.kafka.clients.consumer.RangeAssignor, class org.apache.kafka.clients.consumer.CooperativeStickyAssignor]
	receive.buffer.bytes = 65536
	reconnect.backoff.max.ms = 1000
	reconnect.backoff.ms = 50
	request.timeout.ms = 30000
	retry.backoff.max.ms = 1000
	retry.backoff.ms = 100
	sasl.client.callback.handler.class = null
	sasl.jaas.config = null
	sasl.kerberos.kinit.cmd = /usr/bin/kinit
	sasl.kerberos.min.time.before.relogin = 60000
	sasl.kerberos.service.name = null
	sasl.kerberos.ticket.renew.jitter = 0.05
	sasl.kerberos.ticket.renew.window.factor = 0.8
	sasl.login.callback.handler.class = null
	sasl.login.class = null
	sasl.login.connect.timeout.ms = null
	sasl.login.read.timeout.ms = null
	sasl.login.refresh.buffer.seconds = 300
	sasl.login.refresh.min.period.seconds = 60
	sasl.login.refresh.window.factor = 0.8
	sasl.login.refresh.window.jitter = 0.05
	sasl.login.retry.backoff.max.ms = 10000
	sasl.login.retry.backoff.ms = 100
	sasl.mechanism = GSSAPI
	sasl.oauthbearer.clock.skew.seconds = 30
	sasl.oauthbearer.expected.audience = null
	sasl.oauthbearer.expected.issuer = null
	sasl.oauthbearer.jwks.endpoint.refresh.ms = 3600000
	sasl.oauthbearer.jwks.endpoint.retry.backoff.max.ms = 10000
	sasl.oauthbearer.jwks.endpoint.retry.backoff.ms = 100
	sasl.oauthbearer.jwks.endpoint.url = null
	sasl.oauthbearer.scope.claim.name = scope
	sasl.oauthbearer.sub.claim.name = sub
	sasl.oauthbearer.token.endpoint.url = null
	security.protocol = PLAINTEXT
	security.providers = null
	send.buffer.bytes = 131072
	session.timeout.ms = 45000
	socket.connection.setup.timeout.max.ms = 30000
	socket.connection.setup.timeout.ms = 10000
	ssl.cipher.suites = null
	ssl.enabled.protocols = [TLSv1.2, TLSv1.3]
	ssl.endpoint.identification.algorithm = https
	ssl.engine.factory.class = null
	ssl.key.password = null
	ssl.keymanager.algorithm = SunX509
	ssl.keystore.certificate.chain = null
	ssl.keystore.key = null
	ssl.keystore.location = null
	ssl.keystore.password = null
	ssl.keystore.type = JKS
	ssl.protocol = TLSv1.3
	ssl.provider = null
	ssl.secure.random.implementation = null
	ssl.trustmanager.algorithm = PKIX
	ssl.truststore.certificates = null
	ssl.truststore.location = null
	ssl.truststore.password = null
	ssl.truststore.type = JKS
	value.deserializer = class org.apache.kafka.common.serialization.ByteArrayDeserializer

2025-03-20T11:39:13.914+01:00  INFO 15556 --- [kafka-spring-cloud-stream] [           main] o.a.k.c.t.i.KafkaMetricsCollector        : initializing Kafka metrics collector
2025-03-20T11:39:13.965+01:00  INFO 15556 --- [kafka-spring-cloud-stream] [           main] o.a.kafka.common.utils.AppInfoParser     : Kafka version: 3.8.1
2025-03-20T11:39:13.965+01:00  INFO 15556 --- [kafka-spring-cloud-stream] [           main] o.a.kafka.common.utils.AppInfoParser     : Kafka commitId: 70d6ff42debf7e17
2025-03-20T11:39:13.965+01:00  INFO 15556 --- [kafka-spring-cloud-stream] [           main] o.a.kafka.common.utils.AppInfoParser     : Kafka startTimeMs: 1742467153965
2025-03-20T11:39:13.979+01:00  INFO 15556 --- [kafka-spring-cloud-stream] [           main] org.apache.kafka.clients.Metadata        : [Consumer clientId=consumer-anonymous.41e0289c-9e85-49a0-88ce-d9bafee6f163-1, groupId=anonymous.41e0289c-9e85-49a0-88ce-d9bafee6f163] Cluster ID: r2BBnvv7R1a7lbJP5cQrMQ
2025-03-20T11:39:13.983+01:00  INFO 15556 --- [kafka-spring-cloud-stream] [           main] o.a.k.c.c.internals.ConsumerCoordinator  : [Consumer clientId=consumer-anonymous.41e0289c-9e85-49a0-88ce-d9bafee6f163-1, groupId=anonymous.41e0289c-9e85-49a0-88ce-d9bafee6f163] Resetting generation and member id due to: consumer pro-actively leaving the group
2025-03-20T11:39:13.983+01:00  INFO 15556 --- [kafka-spring-cloud-stream] [           main] o.a.k.c.c.internals.ConsumerCoordinator  : [Consumer clientId=consumer-anonymous.41e0289c-9e85-49a0-88ce-d9bafee6f163-1, groupId=anonymous.41e0289c-9e85-49a0-88ce-d9bafee6f163] Request joining group due to: consumer pro-actively leaving the group
2025-03-20T11:39:13.990+01:00  INFO 15556 --- [kafka-spring-cloud-stream] [           main] o.apache.kafka.common.metrics.Metrics    : Metrics scheduler closed
2025-03-20T11:39:13.990+01:00  INFO 15556 --- [kafka-spring-cloud-stream] [           main] o.apache.kafka.common.metrics.Metrics    : Closing reporter org.apache.kafka.common.metrics.JmxReporter
2025-03-20T11:39:13.990+01:00  INFO 15556 --- [kafka-spring-cloud-stream] [           main] o.apache.kafka.common.metrics.Metrics    : Closing reporter org.apache.kafka.common.telemetry.internals.ClientTelemetryReporter
2025-03-20T11:39:13.990+01:00  INFO 15556 --- [kafka-spring-cloud-stream] [           main] o.apache.kafka.common.metrics.Metrics    : Metrics reporters closed
2025-03-20T11:39:13.994+01:00  INFO 15556 --- [kafka-spring-cloud-stream] [           main] o.a.kafka.common.utils.AppInfoParser     : App info kafka.consumer for consumer-anonymous.41e0289c-9e85-49a0-88ce-d9bafee6f163-1 unregistered
2025-03-20T11:39:14.028+01:00  INFO 15556 --- [kafka-spring-cloud-stream] [           main] o.s.c.stream.binder.BinderErrorChannel   : Channel 'kafka-1941163569.pageEventConsumer-in-0.errors' has 1 subscriber(s).
2025-03-20T11:39:14.028+01:00  INFO 15556 --- [kafka-spring-cloud-stream] [           main] o.s.c.stream.binder.BinderErrorChannel   : Channel 'kafka-1941163569.pageEventConsumer-in-0.errors' has 0 subscriber(s).
2025-03-20T11:39:14.028+01:00  INFO 15556 --- [kafka-spring-cloud-stream] [           main] o.s.c.stream.binder.BinderErrorChannel   : Channel 'kafka-1941163569.pageEventConsumer-in-0.errors' has 1 subscriber(s).
2025-03-20T11:39:14.028+01:00  INFO 15556 --- [kafka-spring-cloud-stream] [           main] o.s.c.stream.binder.BinderErrorChannel   : Channel 'kafka-1941163569.pageEventConsumer-in-0.errors' has 2 subscriber(s).
2025-03-20T11:39:14.046+01:00  INFO 15556 --- [kafka-spring-cloud-stream] [           main] o.a.k.clients.consumer.ConsumerConfig    : ConsumerConfig values: 
	allow.auto.create.topics = true
	auto.commit.interval.ms = 100
	auto.include.jmx.reporter = true
	auto.offset.reset = latest
	bootstrap.servers = [localhost:9092]
	check.crcs = true
	client.dns.lookup = use_all_dns_ips
	client.id = consumer-anonymous.41e0289c-9e85-49a0-88ce-d9bafee6f163-2
	client.rack = 
	connections.max.idle.ms = 540000
	default.api.timeout.ms = 60000
	enable.auto.commit = false
	enable.metrics.push = true
	exclude.internal.topics = true
	fetch.max.bytes = 52428800
	fetch.max.wait.ms = 500
	fetch.min.bytes = 1
	group.id = anonymous.41e0289c-9e85-49a0-88ce-d9bafee6f163
	group.instance.id = null
	group.protocol = classic
	group.remote.assignor = null
	heartbeat.interval.ms = 3000
	interceptor.classes = []
	internal.leave.group.on.close = true
	internal.throw.on.fetch.stable.offset.unsupported = false
	isolation.level = read_uncommitted
	key.deserializer = class org.apache.kafka.common.serialization.ByteArrayDeserializer
	max.partition.fetch.bytes = 1048576
	max.poll.interval.ms = 300000
	max.poll.records = 500
	metadata.max.age.ms = 300000
	metadata.recovery.strategy = none
	metric.reporters = []
	metrics.num.samples = 2
	metrics.recording.level = INFO
	metrics.sample.window.ms = 30000
	partition.assignment.strategy = [class org.apache.kafka.clients.consumer.RangeAssignor, class org.apache.kafka.clients.consumer.CooperativeStickyAssignor]
	receive.buffer.bytes = 65536
	reconnect.backoff.max.ms = 1000
	reconnect.backoff.ms = 50
	request.timeout.ms = 30000
	retry.backoff.max.ms = 1000
	retry.backoff.ms = 100
	sasl.client.callback.handler.class = null
	sasl.jaas.config = null
	sasl.kerberos.kinit.cmd = /usr/bin/kinit
	sasl.kerberos.min.time.before.relogin = 60000
	sasl.kerberos.service.name = null
	sasl.kerberos.ticket.renew.jitter = 0.05
	sasl.kerberos.ticket.renew.window.factor = 0.8
	sasl.login.callback.handler.class = null
	sasl.login.class = null
	sasl.login.connect.timeout.ms = null
	sasl.login.read.timeout.ms = null
	sasl.login.refresh.buffer.seconds = 300
	sasl.login.refresh.min.period.seconds = 60
	sasl.login.refresh.window.factor = 0.8
	sasl.login.refresh.window.jitter = 0.05
	sasl.login.retry.backoff.max.ms = 10000
	sasl.login.retry.backoff.ms = 100
	sasl.mechanism = GSSAPI
	sasl.oauthbearer.clock.skew.seconds = 30
	sasl.oauthbearer.expected.audience = null
	sasl.oauthbearer.expected.issuer = null
	sasl.oauthbearer.jwks.endpoint.refresh.ms = 3600000
	sasl.oauthbearer.jwks.endpoint.retry.backoff.max.ms = 10000
	sasl.oauthbearer.jwks.endpoint.retry.backoff.ms = 100
	sasl.oauthbearer.jwks.endpoint.url = null
	sasl.oauthbearer.scope.claim.name = scope
	sasl.oauthbearer.sub.claim.name = sub
	sasl.oauthbearer.token.endpoint.url = null
	security.protocol = PLAINTEXT
	security.providers = null
	send.buffer.bytes = 131072
	session.timeout.ms = 45000
	socket.connection.setup.timeout.max.ms = 30000
	socket.connection.setup.timeout.ms = 10000
	ssl.cipher.suites = null
	ssl.enabled.protocols = [TLSv1.2, TLSv1.3]
	ssl.endpoint.identification.algorithm = https
	ssl.engine.factory.class = null
	ssl.key.password = null
	ssl.keymanager.algorithm = SunX509
	ssl.keystore.certificate.chain = null
	ssl.keystore.key = null
	ssl.keystore.location = null
	ssl.keystore.password = null
	ssl.keystore.type = JKS
	ssl.protocol = TLSv1.3
	ssl.provider = null
	ssl.secure.random.implementation = null
	ssl.trustmanager.algorithm = PKIX
	ssl.truststore.certificates = null
	ssl.truststore.location = null
	ssl.truststore.password = null
	ssl.truststore.type = JKS
	value.deserializer = class org.apache.kafka.common.serialization.ByteArrayDeserializer

2025-03-20T11:39:14.046+01:00  INFO 15556 --- [kafka-spring-cloud-stream] [           main] o.a.k.c.t.i.KafkaMetricsCollector        : initializing Kafka metrics collector
2025-03-20T11:39:14.051+01:00  INFO 15556 --- [kafka-spring-cloud-stream] [           main] o.a.kafka.common.utils.AppInfoParser     : Kafka version: 3.8.1
2025-03-20T11:39:14.051+01:00  INFO 15556 --- [kafka-spring-cloud-stream] [           main] o.a.kafka.common.utils.AppInfoParser     : Kafka commitId: 70d6ff42debf7e17
2025-03-20T11:39:14.051+01:00  INFO 15556 --- [kafka-spring-cloud-stream] [           main] o.a.kafka.common.utils.AppInfoParser     : Kafka startTimeMs: 1742467154051
2025-03-20T11:39:14.055+01:00  INFO 15556 --- [kafka-spring-cloud-stream] [           main] o.a.k.c.c.internals.LegacyKafkaConsumer  : [Consumer clientId=consumer-anonymous.41e0289c-9e85-49a0-88ce-d9bafee6f163-2, groupId=anonymous.41e0289c-9e85-49a0-88ce-d9bafee6f163] Subscribed to topic(s): T2
2025-03-20T11:39:14.060+01:00  INFO 15556 --- [kafka-spring-cloud-stream] [           main] s.i.k.i.KafkaMessageDrivenChannelAdapter : started org.springframework.integration.kafka.inbound.KafkaMessageDrivenChannelAdapter@51c4992e
2025-03-20T11:39:14.061+01:00  INFO 15556 --- [kafka-spring-cloud-stream] [           main] o.s.c.s.binder.kafka.KafkaBinderMetrics  : Try to shutdown the old scheduler with 0 threads
2025-03-20T11:39:14.063+01:00  INFO 15556 --- [kafka-spring-cloud-stream] [           main] o.a.k.clients.admin.AdminClientConfig    : AdminClientConfig values: 
	auto.include.jmx.reporter = true
	bootstrap.controllers = []
	bootstrap.servers = [localhost:9092]
	client.dns.lookup = use_all_dns_ips
	client.id = 
	connections.max.idle.ms = 300000
	default.api.timeout.ms = 60000
	enable.metrics.push = true
	metadata.max.age.ms = 300000
	metadata.recovery.strategy = none
	metric.reporters = []
	metrics.num.samples = 2
	metrics.recording.level = INFO
	metrics.sample.window.ms = 30000
	receive.buffer.bytes = 65536
	reconnect.backoff.max.ms = 1000
	reconnect.backoff.ms = 50
	request.timeout.ms = 30000
	retries = 2147483647
	retry.backoff.max.ms = 1000
	retry.backoff.ms = 100
	sasl.client.callback.handler.class = null
	sasl.jaas.config = null
	sasl.kerberos.kinit.cmd = /usr/bin/kinit
	sasl.kerberos.min.time.before.relogin = 60000
	sasl.kerberos.service.name = null
	sasl.kerberos.ticket.renew.jitter = 0.05
	sasl.kerberos.ticket.renew.window.factor = 0.8
	sasl.login.callback.handler.class = null
	sasl.login.class = null
	sasl.login.connect.timeout.ms = null
	sasl.login.read.timeout.ms = null
	sasl.login.refresh.buffer.seconds = 300
	sasl.login.refresh.min.period.seconds = 60
	sasl.login.refresh.window.factor = 0.8
	sasl.login.refresh.window.jitter = 0.05
	sasl.login.retry.backoff.max.ms = 10000
	sasl.login.retry.backoff.ms = 100
	sasl.mechanism = GSSAPI
	sasl.oauthbearer.clock.skew.seconds = 30
	sasl.oauthbearer.expected.audience = null
	sasl.oauthbearer.expected.issuer = null
	sasl.oauthbearer.jwks.endpoint.refresh.ms = 3600000
	sasl.oauthbearer.jwks.endpoint.retry.backoff.max.ms = 10000
	sasl.oauthbearer.jwks.endpoint.retry.backoff.ms = 100
	sasl.oauthbearer.jwks.endpoint.url = null
	sasl.oauthbearer.scope.claim.name = scope
	sasl.oauthbearer.sub.claim.name = sub
	sasl.oauthbearer.token.endpoint.url = null
	security.protocol = PLAINTEXT
	security.providers = null
	send.buffer.bytes = 131072
	socket.connection.setup.timeout.max.ms = 30000
	socket.connection.setup.timeout.ms = 10000
	ssl.cipher.suites = null
	ssl.enabled.protocols = [TLSv1.2, TLSv1.3]
	ssl.endpoint.identification.algorithm = https
	ssl.engine.factory.class = null
	ssl.key.password = null
	ssl.keymanager.algorithm = SunX509
	ssl.keystore.certificate.chain = null
	ssl.keystore.key = null
	ssl.keystore.location = null
	ssl.keystore.password = null
	ssl.keystore.type = JKS
	ssl.protocol = TLSv1.3
	ssl.provider = null
	ssl.secure.random.implementation = null
	ssl.trustmanager.algorithm = PKIX
	ssl.truststore.certificates = null
	ssl.truststore.location = null
	ssl.truststore.password = null
	ssl.truststore.type = JKS

2025-03-20T11:39:14.067+01:00  INFO 15556 --- [kafka-spring-cloud-stream] [           main] o.a.kafka.common.utils.AppInfoParser     : Kafka version: 3.8.1
2025-03-20T11:39:14.067+01:00  INFO 15556 --- [kafka-spring-cloud-stream] [           main] o.a.kafka.common.utils.AppInfoParser     : Kafka commitId: 70d6ff42debf7e17
2025-03-20T11:39:14.067+01:00  INFO 15556 --- [kafka-spring-cloud-stream] [           main] o.a.kafka.common.utils.AppInfoParser     : Kafka startTimeMs: 1742467154067
2025-03-20T11:39:14.071+01:00  INFO 15556 --- [kafka-spring-cloud-stream] [container-0-C-1] org.apache.kafka.clients.Metadata        : [Consumer clientId=consumer-anonymous.41e0289c-9e85-49a0-88ce-d9bafee6f163-2, groupId=anonymous.41e0289c-9e85-49a0-88ce-d9bafee6f163] Cluster ID: r2BBnvv7R1a7lbJP5cQrMQ
2025-03-20T11:39:14.075+01:00 ERROR 15556 --- [kafka-spring-cloud-stream] [   scheduling-1] o.s.integration.handler.LoggingHandler   : org.springframework.messaging.MessageDeliveryException: Dispatcher has no subscribers for channel 'kafka-spring-cloud-stream.pageEventSupplier-out-0'., failedMessage=GenericMessage [payload=byte[78], headers={contentType=application/json, id=21c7074b-ae4a-55c1-7353-dff90881ee9b, timestamp=1742467154073}]
	at org.springframework.integration.channel.AbstractSubscribableChannel.doSend(AbstractSubscribableChannel.java:76)
	at org.springframework.integration.channel.AbstractMessageChannel.sendInternal(AbstractMessageChannel.java:390)
	at org.springframework.integration.channel.AbstractMessageChannel.sendWithMetrics(AbstractMessageChannel.java:361)
	at org.springframework.integration.channel.AbstractMessageChannel.send(AbstractMessageChannel.java:331)
	at org.springframework.messaging.core.GenericMessagingTemplate.doSend(GenericMessagingTemplate.java:187)
	at org.springframework.messaging.core.GenericMessagingTemplate.doSend(GenericMessagingTemplate.java:166)
	at org.springframework.messaging.core.GenericMessagingTemplate.doSend(GenericMessagingTemplate.java:47)
	at org.springframework.messaging.core.AbstractMessageSendingTemplate.send(AbstractMessageSendingTemplate.java:109)
	at org.springframework.integration.router.AbstractMessageRouter.doSend(AbstractMessageRouter.java:238)
	at org.springframework.integration.router.AbstractMessageRouter.handleMessageInternal(AbstractMessageRouter.java:220)
	at org.springframework.integration.handler.AbstractMessageHandler.doHandleMessage(AbstractMessageHandler.java:105)
	at org.springframework.integration.handler.AbstractMessageHandler.handleWithMetrics(AbstractMessageHandler.java:90)
	at org.springframework.integration.handler.AbstractMessageHandler.handleMessage(AbstractMessageHandler.java:70)
	at org.springframework.integration.dispatcher.AbstractDispatcher.tryOptimizedDispatch(AbstractDispatcher.java:132)
	at org.springframework.integration.dispatcher.UnicastingDispatcher.doDispatch(UnicastingDispatcher.java:148)
	at org.springframework.integration.dispatcher.UnicastingDispatcher.dispatch(UnicastingDispatcher.java:121)
	at org.springframework.integration.channel.AbstractSubscribableChannel.doSend(AbstractSubscribableChannel.java:72)
	at org.springframework.integration.channel.AbstractMessageChannel.sendInternal(AbstractMessageChannel.java:390)
	at org.springframework.integration.channel.AbstractMessageChannel.sendWithMetrics(AbstractMessageChannel.java:361)
	at org.springframework.integration.channel.AbstractMessageChannel.send(AbstractMessageChannel.java:331)
	at org.springframework.integration.channel.AbstractMessageChannel.send(AbstractMessageChannel.java:304)
	at org.springframework.messaging.core.GenericMessagingTemplate.doSend(GenericMessagingTemplate.java:187)
	at org.springframework.messaging.core.GenericMessagingTemplate.doSend(GenericMessagingTemplate.java:166)
	at org.springframework.messaging.core.GenericMessagingTemplate.doSend(GenericMessagingTemplate.java:47)
	at org.springframework.messaging.core.AbstractMessageSendingTemplate.send(AbstractMessageSendingTemplate.java:109)
	at org.springframework.integration.endpoint.SourcePollingChannelAdapter.handleMessage(SourcePollingChannelAdapter.java:204)
	at org.springframework.integration.endpoint.AbstractPollingEndpoint.messageReceived(AbstractPollingEndpoint.java:482)
	at org.springframework.integration.endpoint.AbstractPollingEndpoint.doPoll(AbstractPollingEndpoint.java:468)
	at org.springframework.integration.endpoint.AbstractPollingEndpoint.pollForMessage(AbstractPollingEndpoint.java:420)
	at org.springframework.integration.endpoint.AbstractPollingEndpoint.lambda$createPoller$4(AbstractPollingEndpoint.java:356)
	at org.springframework.integration.util.ErrorHandlingTaskExecutor.lambda$execute$0(ErrorHandlingTaskExecutor.java:56)
	at org.springframework.core.task.SyncTaskExecutor.execute(SyncTaskExecutor.java:50)
	at org.springframework.integration.util.ErrorHandlingTaskExecutor.execute(ErrorHandlingTaskExecutor.java:54)
	at org.springframework.integration.endpoint.AbstractPollingEndpoint.lambda$createPoller$5(AbstractPollingEndpoint.java:349)
	at org.springframework.scheduling.support.DelegatingErrorHandlingRunnable.run(DelegatingErrorHandlingRunnable.java:54)
	at org.springframework.scheduling.concurrent.ReschedulingRunnable.run(ReschedulingRunnable.java:96)
	at java.base/java.util.concurrent.Executors$RunnableAdapter.call(Executors.java:572)
	at java.base/java.util.concurrent.FutureTask.run(FutureTask.java:317)
	at java.base/java.util.concurrent.ScheduledThreadPoolExecutor$ScheduledFutureTask.run(ScheduledThreadPoolExecutor.java:304)
	at java.base/java.util.concurrent.ThreadPoolExecutor.runWorker(ThreadPoolExecutor.java:1144)
	at java.base/java.util.concurrent.ThreadPoolExecutor$Worker.run(ThreadPoolExecutor.java:642)
	at java.base/java.lang.Thread.run(Thread.java:1575)
Caused by: org.springframework.integration.MessageDispatchingException: Dispatcher has no subscribers, failedMessage=GenericMessage [payload=byte[78], headers={contentType=application/json, id=21c7074b-ae4a-55c1-7353-dff90881ee9b, timestamp=1742467154073}]
	at org.springframework.integration.dispatcher.UnicastingDispatcher.doDispatch(UnicastingDispatcher.java:154)
	at org.springframework.integration.dispatcher.UnicastingDispatcher.dispatch(UnicastingDispatcher.java:121)
	at org.springframework.integration.channel.AbstractSubscribableChannel.doSend(AbstractSubscribableChannel.java:72)
	... 41 more

2025-03-20T11:39:14.076+01:00  INFO 15556 --- [kafka-spring-cloud-stream] [container-0-C-1] o.a.k.c.c.internals.ConsumerCoordinator  : [Consumer clientId=consumer-anonymous.41e0289c-9e85-49a0-88ce-d9bafee6f163-2, groupId=anonymous.41e0289c-9e85-49a0-88ce-d9bafee6f163] Discovered group coordinator localhost:9092 (id: 2147483646 rack: null)
2025-03-20T11:39:14.078+01:00  INFO 15556 --- [kafka-spring-cloud-stream] [container-0-C-1] o.a.k.c.c.internals.ConsumerCoordinator  : [Consumer clientId=consumer-anonymous.41e0289c-9e85-49a0-88ce-d9bafee6f163-2, groupId=anonymous.41e0289c-9e85-49a0-88ce-d9bafee6f163] (Re-)joining group
2025-03-20T11:39:14.084+01:00  WARN 15556 --- [kafka-spring-cloud-stream] [| adminclient-5] o.a.k.clients.admin.KafkaAdminClient     : [AdminClient clientId=adminclient-5] The DescribeTopicPartitions API is not supported, using Metadata API to describe topics.
2025-03-20T11:39:14.088+01:00  WARN 15556 --- [kafka-spring-cloud-stream] [| adminclient-5] o.a.k.clients.admin.KafkaAdminClient     : [AdminClient clientId=adminclient-5] The DescribeTopicPartitions API is not supported, using Metadata API to describe topics.
2025-03-20T11:39:14.092+01:00  INFO 15556 --- [kafka-spring-cloud-stream] [| adminclient-5] o.a.kafka.common.utils.AppInfoParser     : App info kafka.admin.client for adminclient-5 unregistered
2025-03-20T11:39:14.093+01:00  INFO 15556 --- [kafka-spring-cloud-stream] [| adminclient-5] o.apache.kafka.common.metrics.Metrics    : Metrics scheduler closed
2025-03-20T11:39:14.093+01:00  INFO 15556 --- [kafka-spring-cloud-stream] [| adminclient-5] o.apache.kafka.common.metrics.Metrics    : Closing reporter org.apache.kafka.common.metrics.JmxReporter
2025-03-20T11:39:14.094+01:00  INFO 15556 --- [kafka-spring-cloud-stream] [| adminclient-5] o.apache.kafka.common.metrics.Metrics    : Metrics reporters closed
2025-03-20T11:39:14.107+01:00  INFO 15556 --- [kafka-spring-cloud-stream] [           main] org.apache.kafka.streams.StreamsConfig   : StreamsConfig values: 
	acceptable.recovery.lag = 10000
	application.id = page-event-stream
	application.server = 
	auto.include.jmx.reporter = true
	bootstrap.servers = [localhost:9092]
	buffered.records.per.partition = 1000
	built.in.metrics.version = latest
	cache.max.bytes.buffering = 10485760
	client.id = 
	commit.interval.ms = 5000
	connections.max.idle.ms = 540000
	default.client.supplier = class org.apache.kafka.streams.processor.internals.DefaultKafkaClientSupplier
	default.deserialization.exception.handler = class org.apache.kafka.streams.errors.LogAndFailExceptionHandler
	default.dsl.store = rocksDB
	default.key.serde = class org.apache.kafka.common.serialization.Serdes$StringSerde
	default.list.key.serde.inner = null
	default.list.key.serde.type = null
	default.list.value.serde.inner = null
	default.list.value.serde.type = null
	default.production.exception.handler = class org.apache.kafka.streams.errors.DefaultProductionExceptionHandler
	default.timestamp.extractor = class org.apache.kafka.streams.processor.FailOnInvalidTimestamp
	default.value.serde = class org.apache.kafka.common.serialization.Serdes$DoubleSerde
	dsl.store.suppliers.class = class org.apache.kafka.streams.state.BuiltInDslStoreSuppliers$RocksDBDslStoreSuppliers
	enable.metrics.push = true
	max.task.idle.ms = 0
	max.warmup.replicas = 2
	metadata.max.age.ms = 300000
	metric.reporters = []
	metrics.num.samples = 2
	metrics.recording.level = INFO
	metrics.sample.window.ms = 30000
	num.standby.replicas = 0
	num.stream.threads = 1
	poll.ms = 100
	probing.rebalance.interval.ms = 600000
	processing.guarantee = at_least_once
	rack.aware.assignment.non_overlap_cost = null
	rack.aware.assignment.strategy = none
	rack.aware.assignment.tags = []
	rack.aware.assignment.traffic_cost = null
	receive.buffer.bytes = 32768
	reconnect.backoff.max.ms = 1000
	reconnect.backoff.ms = 50
	repartition.purge.interval.ms = 30000
	replication.factor = -1
	request.timeout.ms = 40000
	retries = 0
	retry.backoff.ms = 100
	rocksdb.config.setter = null
	security.protocol = PLAINTEXT
	send.buffer.bytes = 131072
	state.cleanup.delay.ms = 600000
	state.dir = C:\Users\DAVID~1.POU\AppData\Local\Temp\\kafka-streams
	statestore.cache.max.bytes = 10485760
	task.assignor.class = null
	task.timeout.ms = 300000
	topology.optimization = none
	upgrade.from = null
	window.size.ms = null
	windowed.inner.class.serde = null
	windowstore.changelog.additional.retention.ms = 86400000

2025-03-20T11:39:14.138+01:00  WARN 15556 --- [kafka-spring-cloud-stream] [           main] o.a.k.s.p.internals.StateDirectory       : Using an OS temp directory in the state.dir property can cause failures with writing the checkpoint file due to the fact that this directory can be cleared by the OS. Resolved state.dir: [C:\Users\DAVID~1.POU\AppData\Local\Temp\\kafka-streams]
2025-03-20T11:39:14.139+01:00 ERROR 15556 --- [kafka-spring-cloud-stream] [           main] o.a.k.s.p.internals.StateDirectory       : Failed to change permissions for the directory C:\Users\DAVID~1.POU\AppData\Local\Temp\kafka-streams
2025-03-20T11:39:14.139+01:00 ERROR 15556 --- [kafka-spring-cloud-stream] [           main] o.a.k.s.p.internals.StateDirectory       : Failed to change permissions for the directory C:\Users\DAVID~1.POU\AppData\Local\Temp\kafka-streams\page-event-stream
2025-03-20T11:39:14.153+01:00  INFO 15556 --- [kafka-spring-cloud-stream] [           main] o.a.k.s.p.internals.StateDirectory       : Reading UUID from process file: 900f9ec3-97c9-4d5b-9596-9377e59168be
2025-03-20T11:39:14.154+01:00  INFO 15556 --- [kafka-spring-cloud-stream] [           main] o.a.k.clients.admin.AdminClientConfig    : AdminClientConfig values: 
	auto.include.jmx.reporter = true
	bootstrap.controllers = []
	bootstrap.servers = [localhost:9092]
	client.dns.lookup = use_all_dns_ips
	client.id = page-event-stream-900f9ec3-97c9-4d5b-9596-9377e59168be-admin
	connections.max.idle.ms = 300000
	default.api.timeout.ms = 60000
	enable.metrics.push = true
	metadata.max.age.ms = 300000
	metadata.recovery.strategy = none
	metric.reporters = []
	metrics.num.samples = 2
	metrics.recording.level = INFO
	metrics.sample.window.ms = 30000
	receive.buffer.bytes = 65536
	reconnect.backoff.max.ms = 1000
	reconnect.backoff.ms = 50
	request.timeout.ms = 30000
	retries = 2147483647
	retry.backoff.max.ms = 1000
	retry.backoff.ms = 100
	sasl.client.callback.handler.class = null
	sasl.jaas.config = null
	sasl.kerberos.kinit.cmd = /usr/bin/kinit
	sasl.kerberos.min.time.before.relogin = 60000
	sasl.kerberos.service.name = null
	sasl.kerberos.ticket.renew.jitter = 0.05
	sasl.kerberos.ticket.renew.window.factor = 0.8
	sasl.login.callback.handler.class = null
	sasl.login.class = null
	sasl.login.connect.timeout.ms = null
	sasl.login.read.timeout.ms = null
	sasl.login.refresh.buffer.seconds = 300
	sasl.login.refresh.min.period.seconds = 60
	sasl.login.refresh.window.factor = 0.8
	sasl.login.refresh.window.jitter = 0.05
	sasl.login.retry.backoff.max.ms = 10000
	sasl.login.retry.backoff.ms = 100
	sasl.mechanism = GSSAPI
	sasl.oauthbearer.clock.skew.seconds = 30
	sasl.oauthbearer.expected.audience = null
	sasl.oauthbearer.expected.issuer = null
	sasl.oauthbearer.jwks.endpoint.refresh.ms = 3600000
	sasl.oauthbearer.jwks.endpoint.retry.backoff.max.ms = 10000
	sasl.oauthbearer.jwks.endpoint.retry.backoff.ms = 100
	sasl.oauthbearer.jwks.endpoint.url = null
	sasl.oauthbearer.scope.claim.name = scope
	sasl.oauthbearer.sub.claim.name = sub
	sasl.oauthbearer.token.endpoint.url = null
	security.protocol = PLAINTEXT
	security.providers = null
	send.buffer.bytes = 131072
	socket.connection.setup.timeout.max.ms = 30000
	socket.connection.setup.timeout.ms = 10000
	ssl.cipher.suites = null
	ssl.enabled.protocols = [TLSv1.2, TLSv1.3]
	ssl.endpoint.identification.algorithm = https
	ssl.engine.factory.class = null
	ssl.key.password = null
	ssl.keymanager.algorithm = SunX509
	ssl.keystore.certificate.chain = null
	ssl.keystore.key = null
	ssl.keystore.location = null
	ssl.keystore.password = null
	ssl.keystore.type = JKS
	ssl.protocol = TLSv1.3
	ssl.provider = null
	ssl.secure.random.implementation = null
	ssl.trustmanager.algorithm = PKIX
	ssl.truststore.certificates = null
	ssl.truststore.location = null
	ssl.truststore.password = null
	ssl.truststore.type = JKS

2025-03-20T11:39:14.156+01:00  INFO 15556 --- [kafka-spring-cloud-stream] [           main] o.a.kafka.common.utils.AppInfoParser     : Kafka version: 3.8.1
2025-03-20T11:39:14.156+01:00  INFO 15556 --- [kafka-spring-cloud-stream] [           main] o.a.kafka.common.utils.AppInfoParser     : Kafka commitId: 70d6ff42debf7e17
2025-03-20T11:39:14.156+01:00  INFO 15556 --- [kafka-spring-cloud-stream] [           main] o.a.kafka.common.utils.AppInfoParser     : Kafka startTimeMs: 1742467154156
2025-03-20T11:39:14.159+01:00  INFO 15556 --- [kafka-spring-cloud-stream] [           main] org.apache.kafka.streams.KafkaStreams    : stream-client [page-event-stream-900f9ec3-97c9-4d5b-9596-9377e59168be] Kafka Streams version: 3.8.1
2025-03-20T11:39:14.159+01:00  INFO 15556 --- [kafka-spring-cloud-stream] [           main] org.apache.kafka.streams.KafkaStreams    : stream-client [page-event-stream-900f9ec3-97c9-4d5b-9596-9377e59168be] Kafka Streams commit ID: 70d6ff42debf7e17
2025-03-20T11:39:14.169+01:00  INFO 15556 --- [kafka-spring-cloud-stream] [           main] o.a.k.s.p.internals.StreamThread         : stream-thread [page-event-stream-900f9ec3-97c9-4d5b-9596-9377e59168be-StreamThread-1] Creating restore consumer client
2025-03-20T11:39:14.169+01:00  INFO 15556 --- [kafka-spring-cloud-stream] [           main] o.a.k.clients.consumer.ConsumerConfig    : ConsumerConfig values: 
	allow.auto.create.topics = true
	auto.commit.interval.ms = 5000
	auto.include.jmx.reporter = true
	auto.offset.reset = none
	bootstrap.servers = [localhost:9092]
	check.crcs = true
	client.dns.lookup = use_all_dns_ips
	client.id = page-event-stream-900f9ec3-97c9-4d5b-9596-9377e59168be-StreamThread-1-restore-consumer
	client.rack = 
	connections.max.idle.ms = 540000
	default.api.timeout.ms = 60000
	enable.auto.commit = false
	enable.metrics.push = true
	exclude.internal.topics = true
	fetch.max.bytes = 52428800
	fetch.max.wait.ms = 500
	fetch.min.bytes = 1
	group.id = null
	group.instance.id = null
	group.protocol = classic
	group.remote.assignor = null
	heartbeat.interval.ms = 3000
	interceptor.classes = []
	internal.leave.group.on.close = false
	internal.throw.on.fetch.stable.offset.unsupported = false
	isolation.level = read_uncommitted
	key.deserializer = class org.apache.kafka.common.serialization.ByteArrayDeserializer
	max.partition.fetch.bytes = 1048576
	max.poll.interval.ms = 300000
	max.poll.records = 1000
	metadata.max.age.ms = 300000
	metadata.recovery.strategy = none
	metric.reporters = []
	metrics.num.samples = 2
	metrics.recording.level = INFO
	metrics.sample.window.ms = 30000
	partition.assignment.strategy = [class org.apache.kafka.clients.consumer.RangeAssignor, class org.apache.kafka.clients.consumer.CooperativeStickyAssignor]
	receive.buffer.bytes = 65536
	reconnect.backoff.max.ms = 1000
	reconnect.backoff.ms = 50
	request.timeout.ms = 30000
	retry.backoff.max.ms = 1000
	retry.backoff.ms = 100
	sasl.client.callback.handler.class = null
	sasl.jaas.config = null
	sasl.kerberos.kinit.cmd = /usr/bin/kinit
	sasl.kerberos.min.time.before.relogin = 60000
	sasl.kerberos.service.name = null
	sasl.kerberos.ticket.renew.jitter = 0.05
	sasl.kerberos.ticket.renew.window.factor = 0.8
	sasl.login.callback.handler.class = null
	sasl.login.class = null
	sasl.login.connect.timeout.ms = null
	sasl.login.read.timeout.ms = null
	sasl.login.refresh.buffer.seconds = 300
	sasl.login.refresh.min.period.seconds = 60
	sasl.login.refresh.window.factor = 0.8
	sasl.login.refresh.window.jitter = 0.05
	sasl.login.retry.backoff.max.ms = 10000
	sasl.login.retry.backoff.ms = 100
	sasl.mechanism = GSSAPI
	sasl.oauthbearer.clock.skew.seconds = 30
	sasl.oauthbearer.expected.audience = null
	sasl.oauthbearer.expected.issuer = null
	sasl.oauthbearer.jwks.endpoint.refresh.ms = 3600000
	sasl.oauthbearer.jwks.endpoint.retry.backoff.max.ms = 10000
	sasl.oauthbearer.jwks.endpoint.retry.backoff.ms = 100
	sasl.oauthbearer.jwks.endpoint.url = null
	sasl.oauthbearer.scope.claim.name = scope
	sasl.oauthbearer.sub.claim.name = sub
	sasl.oauthbearer.token.endpoint.url = null
	security.protocol = PLAINTEXT
	security.providers = null
	send.buffer.bytes = 131072
	session.timeout.ms = 45000
	socket.connection.setup.timeout.max.ms = 30000
	socket.connection.setup.timeout.ms = 10000
	ssl.cipher.suites = null
	ssl.enabled.protocols = [TLSv1.2, TLSv1.3]
	ssl.endpoint.identification.algorithm = https
	ssl.engine.factory.class = null
	ssl.key.password = null
	ssl.keymanager.algorithm = SunX509
	ssl.keystore.certificate.chain = null
	ssl.keystore.key = null
	ssl.keystore.location = null
	ssl.keystore.password = null
	ssl.keystore.type = JKS
	ssl.protocol = TLSv1.3
	ssl.provider = null
	ssl.secure.random.implementation = null
	ssl.trustmanager.algorithm = PKIX
	ssl.truststore.certificates = null
	ssl.truststore.location = null
	ssl.truststore.password = null
	ssl.truststore.type = JKS
	value.deserializer = class org.apache.kafka.common.serialization.ByteArrayDeserializer

2025-03-20T11:39:14.170+01:00  INFO 15556 --- [kafka-spring-cloud-stream] [           main] o.a.k.c.t.i.KafkaMetricsCollector        : initializing Kafka metrics collector
2025-03-20T11:39:14.174+01:00  INFO 15556 --- [kafka-spring-cloud-stream] [           main] o.a.kafka.common.utils.AppInfoParser     : Kafka version: 3.8.1
2025-03-20T11:39:14.174+01:00  INFO 15556 --- [kafka-spring-cloud-stream] [           main] o.a.kafka.common.utils.AppInfoParser     : Kafka commitId: 70d6ff42debf7e17
2025-03-20T11:39:14.174+01:00  INFO 15556 --- [kafka-spring-cloud-stream] [           main] o.a.kafka.common.utils.AppInfoParser     : Kafka startTimeMs: 1742467154174
2025-03-20T11:39:14.181+01:00  INFO 15556 --- [kafka-spring-cloud-stream] [           main] o.a.k.s.p.internals.StreamThread         : stream-thread [page-event-stream-900f9ec3-97c9-4d5b-9596-9377e59168be-StreamThread-1] Creating thread producer client
2025-03-20T11:39:14.182+01:00  INFO 15556 --- [kafka-spring-cloud-stream] [container-0-C-1] o.a.k.c.c.internals.ConsumerCoordinator  : [Consumer clientId=consumer-anonymous.41e0289c-9e85-49a0-88ce-d9bafee6f163-2, groupId=anonymous.41e0289c-9e85-49a0-88ce-d9bafee6f163] Request joining group due to: need to re-join with the given member-id: consumer-anonymous.41e0289c-9e85-49a0-88ce-d9bafee6f163-2-fc5cfc20-1a5e-43ab-8525-1a1c60243dc6
2025-03-20T11:39:14.182+01:00  INFO 15556 --- [kafka-spring-cloud-stream] [container-0-C-1] o.a.k.c.c.internals.ConsumerCoordinator  : [Consumer clientId=consumer-anonymous.41e0289c-9e85-49a0-88ce-d9bafee6f163-2, groupId=anonymous.41e0289c-9e85-49a0-88ce-d9bafee6f163] (Re-)joining group
2025-03-20T11:39:14.183+01:00  INFO 15556 --- [kafka-spring-cloud-stream] [           main] o.a.k.clients.producer.ProducerConfig    : ProducerConfig values: 
	acks = -1
	auto.include.jmx.reporter = true
	batch.size = 16384
	bootstrap.servers = [localhost:9092]
	buffer.memory = 33554432
	client.dns.lookup = use_all_dns_ips
	client.id = page-event-stream-900f9ec3-97c9-4d5b-9596-9377e59168be-StreamThread-1-producer
	compression.gzip.level = -1
	compression.lz4.level = 9
	compression.type = none
	compression.zstd.level = 3
	connections.max.idle.ms = 540000
	delivery.timeout.ms = 120000
	enable.idempotence = true
	enable.metrics.push = true
	interceptor.classes = []
	key.serializer = class org.apache.kafka.common.serialization.ByteArraySerializer
	linger.ms = 100
	max.block.ms = 60000
	max.in.flight.requests.per.connection = 5
	max.request.size = 1048576
	metadata.max.age.ms = 300000
	metadata.max.idle.ms = 300000
	metadata.recovery.strategy = none
	metric.reporters = []
	metrics.num.samples = 2
	metrics.recording.level = INFO
	metrics.sample.window.ms = 30000
	partitioner.adaptive.partitioning.enable = true
	partitioner.availability.timeout.ms = 0
	partitioner.class = null
	partitioner.ignore.keys = false
	receive.buffer.bytes = 32768
	reconnect.backoff.max.ms = 1000
	reconnect.backoff.ms = 50
	request.timeout.ms = 30000
	retries = 2147483647
	retry.backoff.max.ms = 1000
	retry.backoff.ms = 100
	sasl.client.callback.handler.class = null
	sasl.jaas.config = null
	sasl.kerberos.kinit.cmd = /usr/bin/kinit
	sasl.kerberos.min.time.before.relogin = 60000
	sasl.kerberos.service.name = null
	sasl.kerberos.ticket.renew.jitter = 0.05
	sasl.kerberos.ticket.renew.window.factor = 0.8
	sasl.login.callback.handler.class = null
	sasl.login.class = null
	sasl.login.connect.timeout.ms = null
	sasl.login.read.timeout.ms = null
	sasl.login.refresh.buffer.seconds = 300
	sasl.login.refresh.min.period.seconds = 60
	sasl.login.refresh.window.factor = 0.8
	sasl.login.refresh.window.jitter = 0.05
	sasl.login.retry.backoff.max.ms = 10000
	sasl.login.retry.backoff.ms = 100
	sasl.mechanism = GSSAPI
	sasl.oauthbearer.clock.skew.seconds = 30
	sasl.oauthbearer.expected.audience = null
	sasl.oauthbearer.expected.issuer = null
	sasl.oauthbearer.jwks.endpoint.refresh.ms = 3600000
	sasl.oauthbearer.jwks.endpoint.retry.backoff.max.ms = 10000
	sasl.oauthbearer.jwks.endpoint.retry.backoff.ms = 100
	sasl.oauthbearer.jwks.endpoint.url = null
	sasl.oauthbearer.scope.claim.name = scope
	sasl.oauthbearer.sub.claim.name = sub
	sasl.oauthbearer.token.endpoint.url = null
	security.protocol = PLAINTEXT
	security.providers = null
	send.buffer.bytes = 131072
	socket.connection.setup.timeout.max.ms = 30000
	socket.connection.setup.timeout.ms = 10000
	ssl.cipher.suites = null
	ssl.enabled.protocols = [TLSv1.2, TLSv1.3]
	ssl.endpoint.identification.algorithm = https
	ssl.engine.factory.class = null
	ssl.key.password = null
	ssl.keymanager.algorithm = SunX509
	ssl.keystore.certificate.chain = null
	ssl.keystore.key = null
	ssl.keystore.location = null
	ssl.keystore.password = null
	ssl.keystore.type = JKS
	ssl.protocol = TLSv1.3
	ssl.provider = null
	ssl.secure.random.implementation = null
	ssl.trustmanager.algorithm = PKIX
	ssl.truststore.certificates = null
	ssl.truststore.location = null
	ssl.truststore.password = null
	ssl.truststore.type = JKS
	transaction.timeout.ms = 60000
	transactional.id = null
	value.serializer = class org.apache.kafka.common.serialization.ByteArraySerializer

2025-03-20T11:39:14.184+01:00  INFO 15556 --- [kafka-spring-cloud-stream] [           main] o.a.k.c.t.i.KafkaMetricsCollector        : initializing Kafka metrics collector
2025-03-20T11:39:14.193+01:00  INFO 15556 --- [kafka-spring-cloud-stream] [           main] o.a.k.clients.producer.KafkaProducer     : [Producer clientId=page-event-stream-900f9ec3-97c9-4d5b-9596-9377e59168be-StreamThread-1-producer] Instantiated an idempotent producer.
2025-03-20T11:39:14.199+01:00  INFO 15556 --- [kafka-spring-cloud-stream] [           main] o.a.kafka.common.utils.AppInfoParser     : Kafka version: 3.8.1
2025-03-20T11:39:14.199+01:00  INFO 15556 --- [kafka-spring-cloud-stream] [           main] o.a.kafka.common.utils.AppInfoParser     : Kafka commitId: 70d6ff42debf7e17
2025-03-20T11:39:14.199+01:00  INFO 15556 --- [kafka-spring-cloud-stream] [           main] o.a.kafka.common.utils.AppInfoParser     : Kafka startTimeMs: 1742467154199
2025-03-20T11:39:14.209+01:00  INFO 15556 --- [kafka-spring-cloud-stream] [-StateUpdater-1] o.a.k.s.p.internals.DefaultStateUpdater  : state-updater [page-event-stream-900f9ec3-97c9-4d5b-9596-9377e59168be-StateUpdater-1] State updater thread started
2025-03-20T11:39:14.212+01:00  INFO 15556 --- [kafka-spring-cloud-stream] [read-1-producer] org.apache.kafka.clients.Metadata        : [Producer clientId=page-event-stream-900f9ec3-97c9-4d5b-9596-9377e59168be-StreamThread-1-producer] Cluster ID: r2BBnvv7R1a7lbJP5cQrMQ
2025-03-20T11:39:14.216+01:00  INFO 15556 --- [kafka-spring-cloud-stream] [           main] o.a.k.s.p.internals.StreamThread         : stream-thread [page-event-stream-900f9ec3-97c9-4d5b-9596-9377e59168be-StreamThread-1] Creating consumer client
2025-03-20T11:39:14.220+01:00  INFO 15556 --- [kafka-spring-cloud-stream] [           main] o.a.k.clients.consumer.ConsumerConfig    : ConsumerConfig values: 
	allow.auto.create.topics = false
	auto.commit.interval.ms = 5000
	auto.include.jmx.reporter = true
	auto.offset.reset = earliest
	bootstrap.servers = [localhost:9092]
	check.crcs = true
	client.dns.lookup = use_all_dns_ips
	client.id = page-event-stream-900f9ec3-97c9-4d5b-9596-9377e59168be-StreamThread-1-consumer
	client.rack = 
	connections.max.idle.ms = 540000
	default.api.timeout.ms = 60000
	enable.auto.commit = false
	enable.metrics.push = true
	exclude.internal.topics = true
	fetch.max.bytes = 52428800
	fetch.max.wait.ms = 500
	fetch.min.bytes = 1
	group.id = page-event-stream
	group.instance.id = null
	group.protocol = classic
	group.remote.assignor = null
	heartbeat.interval.ms = 3000
	interceptor.classes = []
	internal.leave.group.on.close = false
	internal.throw.on.fetch.stable.offset.unsupported = false
	isolation.level = read_uncommitted
	key.deserializer = class org.apache.kafka.common.serialization.ByteArrayDeserializer
	max.partition.fetch.bytes = 1048576
	max.poll.interval.ms = 300000
	max.poll.records = 1000
	metadata.max.age.ms = 300000
	metadata.recovery.strategy = none
	metric.reporters = []
	metrics.num.samples = 2
	metrics.recording.level = INFO
	metrics.sample.window.ms = 30000
	partition.assignment.strategy = [org.apache.kafka.streams.processor.internals.StreamsPartitionAssignor]
	receive.buffer.bytes = 65536
	reconnect.backoff.max.ms = 1000
	reconnect.backoff.ms = 50
	request.timeout.ms = 30000
	retry.backoff.max.ms = 1000
	retry.backoff.ms = 100
	sasl.client.callback.handler.class = null
	sasl.jaas.config = null
	sasl.kerberos.kinit.cmd = /usr/bin/kinit
	sasl.kerberos.min.time.before.relogin = 60000
	sasl.kerberos.service.name = null
	sasl.kerberos.ticket.renew.jitter = 0.05
	sasl.kerberos.ticket.renew.window.factor = 0.8
	sasl.login.callback.handler.class = null
	sasl.login.class = null
	sasl.login.connect.timeout.ms = null
	sasl.login.read.timeout.ms = null
	sasl.login.refresh.buffer.seconds = 300
	sasl.login.refresh.min.period.seconds = 60
	sasl.login.refresh.window.factor = 0.8
	sasl.login.refresh.window.jitter = 0.05
	sasl.login.retry.backoff.max.ms = 10000
	sasl.login.retry.backoff.ms = 100
	sasl.mechanism = GSSAPI
	sasl.oauthbearer.clock.skew.seconds = 30
	sasl.oauthbearer.expected.audience = null
	sasl.oauthbearer.expected.issuer = null
	sasl.oauthbearer.jwks.endpoint.refresh.ms = 3600000
	sasl.oauthbearer.jwks.endpoint.retry.backoff.max.ms = 10000
	sasl.oauthbearer.jwks.endpoint.retry.backoff.ms = 100
	sasl.oauthbearer.jwks.endpoint.url = null
	sasl.oauthbearer.scope.claim.name = scope
	sasl.oauthbearer.sub.claim.name = sub
	sasl.oauthbearer.token.endpoint.url = null
	security.protocol = PLAINTEXT
	security.providers = null
	send.buffer.bytes = 131072
	session.timeout.ms = 45000
	socket.connection.setup.timeout.max.ms = 30000
	socket.connection.setup.timeout.ms = 10000
	ssl.cipher.suites = null
	ssl.enabled.protocols = [TLSv1.2, TLSv1.3]
	ssl.endpoint.identification.algorithm = https
	ssl.engine.factory.class = null
	ssl.key.password = null
	ssl.keymanager.algorithm = SunX509
	ssl.keystore.certificate.chain = null
	ssl.keystore.key = null
	ssl.keystore.location = null
	ssl.keystore.password = null
	ssl.keystore.type = JKS
	ssl.protocol = TLSv1.3
	ssl.provider = null
	ssl.secure.random.implementation = null
	ssl.trustmanager.algorithm = PKIX
	ssl.truststore.certificates = null
	ssl.truststore.location = null
	ssl.truststore.password = null
	ssl.truststore.type = JKS
	value.deserializer = class org.apache.kafka.common.serialization.ByteArrayDeserializer

2025-03-20T11:39:14.221+01:00  INFO 15556 --- [kafka-spring-cloud-stream] [           main] o.a.k.c.t.i.KafkaMetricsCollector        : initializing Kafka metrics collector
2025-03-20T11:39:14.237+01:00  INFO 15556 --- [kafka-spring-cloud-stream] [           main] o.a.k.s.p.i.a.AssignorConfiguration      : stream-thread [page-event-stream-900f9ec3-97c9-4d5b-9596-9377e59168be-StreamThread-1-consumer] Cooperative rebalancing protocol is enabled now
2025-03-20T11:39:14.241+01:00  INFO 15556 --- [kafka-spring-cloud-stream] [           main] o.a.k.clients.consumer.ConsumerConfig    : These configurations '[replication.factor, probing.rebalance.interval.ms, max.warmup.replicas, acceptable.recovery.lag, task.assignor.class, rack.aware.assignment.non_overlap_cost, application.server, rack.aware.assignment.strategy, rack.aware.assignment.traffic_cost, windowstore.changelog.additional.retention.ms, num.standby.replicas, upgrade.from, rack.aware.assignment.tags, application.id]' were supplied but are not used yet.
2025-03-20T11:39:14.241+01:00  INFO 15556 --- [kafka-spring-cloud-stream] [           main] o.a.kafka.common.utils.AppInfoParser     : Kafka version: 3.8.1
2025-03-20T11:39:14.241+01:00  INFO 15556 --- [kafka-spring-cloud-stream] [           main] o.a.kafka.common.utils.AppInfoParser     : Kafka commitId: 70d6ff42debf7e17
2025-03-20T11:39:14.242+01:00  INFO 15556 --- [kafka-spring-cloud-stream] [           main] o.a.kafka.common.utils.AppInfoParser     : Kafka startTimeMs: 1742467154241
2025-03-20T11:39:14.242+01:00  INFO 15556 --- [kafka-spring-cloud-stream] [read-1-producer] o.a.k.c.p.internals.TransactionManager   : [Producer clientId=page-event-stream-900f9ec3-97c9-4d5b-9596-9377e59168be-StreamThread-1-producer] ProducerId set to 2000 with epoch 0
2025-03-20T11:39:14.250+01:00  INFO 15556 --- [kafka-spring-cloud-stream] [           main] org.apache.kafka.streams.KafkaStreams    : stream-client [page-event-stream-900f9ec3-97c9-4d5b-9596-9377e59168be] State transition from CREATED to REBALANCING
2025-03-20T11:39:14.250+01:00  INFO 15556 --- [kafka-spring-cloud-stream] [           main] org.apache.kafka.streams.KafkaStreams    : stream-client [page-event-stream-900f9ec3-97c9-4d5b-9596-9377e59168be] Started 1 stream threads
2025-03-20T11:39:14.250+01:00  INFO 15556 --- [kafka-spring-cloud-stream] [-StreamThread-1] o.a.k.s.p.internals.StreamThread         : stream-thread [page-event-stream-900f9ec3-97c9-4d5b-9596-9377e59168be-StreamThread-1] Starting
2025-03-20T11:39:14.251+01:00  INFO 15556 --- [kafka-spring-cloud-stream] [-StreamThread-1] o.a.k.s.p.internals.StreamThread         : stream-thread [page-event-stream-900f9ec3-97c9-4d5b-9596-9377e59168be-StreamThread-1] State transition from CREATED to STARTING
2025-03-20T11:39:14.251+01:00  INFO 15556 --- [kafka-spring-cloud-stream] [-StreamThread-1] o.a.k.c.c.internals.LegacyKafkaConsumer  : [Consumer clientId=page-event-stream-900f9ec3-97c9-4d5b-9596-9377e59168be-StreamThread-1-consumer, groupId=page-event-stream] Subscribed to topic(s): T3, page-event-stream-count-store-repartition
2025-03-20T11:39:14.259+01:00  INFO 15556 --- [kafka-spring-cloud-stream] [-StreamThread-1] org.apache.kafka.clients.Metadata        : [Consumer clientId=page-event-stream-900f9ec3-97c9-4d5b-9596-9377e59168be-StreamThread-1-consumer, groupId=page-event-stream] Cluster ID: r2BBnvv7R1a7lbJP5cQrMQ
2025-03-20T11:39:14.261+01:00  INFO 15556 --- [kafka-spring-cloud-stream] [-StreamThread-1] o.a.k.c.c.internals.ConsumerCoordinator  : [Consumer clientId=page-event-stream-900f9ec3-97c9-4d5b-9596-9377e59168be-StreamThread-1-consumer, groupId=page-event-stream] Discovered group coordinator localhost:9092 (id: 2147483646 rack: null)
2025-03-20T11:39:14.262+01:00  INFO 15556 --- [kafka-spring-cloud-stream] [-StreamThread-1] o.a.k.c.c.internals.ConsumerCoordinator  : [Consumer clientId=page-event-stream-900f9ec3-97c9-4d5b-9596-9377e59168be-StreamThread-1-consumer, groupId=page-event-stream] (Re-)joining group
2025-03-20T11:39:14.284+01:00  INFO 15556 --- [kafka-spring-cloud-stream] [-StreamThread-1] o.a.k.c.c.internals.ConsumerCoordinator  : [Consumer clientId=page-event-stream-900f9ec3-97c9-4d5b-9596-9377e59168be-StreamThread-1-consumer, groupId=page-event-stream] Request joining group due to: need to re-join with the given member-id: page-event-stream-900f9ec3-97c9-4d5b-9596-9377e59168be-StreamThread-1-consumer-8cc8db7e-1cd8-4a3e-846f-fabacc7bb830
2025-03-20T11:39:14.284+01:00  INFO 15556 --- [kafka-spring-cloud-stream] [-StreamThread-1] o.a.k.c.c.internals.ConsumerCoordinator  : [Consumer clientId=page-event-stream-900f9ec3-97c9-4d5b-9596-9377e59168be-StreamThread-1-consumer, groupId=page-event-stream] (Re-)joining group
2025-03-20T11:39:14.288+01:00 ERROR 15556 --- [kafka-spring-cloud-stream] [   scheduling-1] o.s.integration.handler.LoggingHandler   : org.springframework.messaging.MessageDeliveryException: Dispatcher has no subscribers for channel 'kafka-spring-cloud-stream.pageEventSupplier-out-0'., failedMessage=GenericMessage [payload=byte[80], headers={contentType=application/json, id=ab9eb3b3-1824-50f3-0a76-b63294b19be1, timestamp=1742467154287}]
	at org.springframework.integration.channel.AbstractSubscribableChannel.doSend(AbstractSubscribableChannel.java:76)
	at org.springframework.integration.channel.AbstractMessageChannel.sendInternal(AbstractMessageChannel.java:390)
	at org.springframework.integration.channel.AbstractMessageChannel.sendWithMetrics(AbstractMessageChannel.java:361)
	at org.springframework.integration.channel.AbstractMessageChannel.send(AbstractMessageChannel.java:331)
	at org.springframework.messaging.core.GenericMessagingTemplate.doSend(GenericMessagingTemplate.java:187)
	at org.springframework.messaging.core.GenericMessagingTemplate.doSend(GenericMessagingTemplate.java:166)
	at org.springframework.messaging.core.GenericMessagingTemplate.doSend(GenericMessagingTemplate.java:47)
	at org.springframework.messaging.core.AbstractMessageSendingTemplate.send(AbstractMessageSendingTemplate.java:109)
	at org.springframework.integration.router.AbstractMessageRouter.doSend(AbstractMessageRouter.java:238)
	at org.springframework.integration.router.AbstractMessageRouter.handleMessageInternal(AbstractMessageRouter.java:220)
	at org.springframework.integration.handler.AbstractMessageHandler.doHandleMessage(AbstractMessageHandler.java:105)
	at org.springframework.integration.handler.AbstractMessageHandler.handleWithMetrics(AbstractMessageHandler.java:90)
	at org.springframework.integration.handler.AbstractMessageHandler.handleMessage(AbstractMessageHandler.java:70)
	at org.springframework.integration.dispatcher.AbstractDispatcher.tryOptimizedDispatch(AbstractDispatcher.java:132)
	at org.springframework.integration.dispatcher.UnicastingDispatcher.doDispatch(UnicastingDispatcher.java:148)
	at org.springframework.integration.dispatcher.UnicastingDispatcher.dispatch(UnicastingDispatcher.java:121)
	at org.springframework.integration.channel.AbstractSubscribableChannel.doSend(AbstractSubscribableChannel.java:72)
	at org.springframework.integration.channel.AbstractMessageChannel.sendInternal(AbstractMessageChannel.java:390)
	at org.springframework.integration.channel.AbstractMessageChannel.sendWithMetrics(AbstractMessageChannel.java:361)
	at org.springframework.integration.channel.AbstractMessageChannel.send(AbstractMessageChannel.java:331)
	at org.springframework.integration.channel.AbstractMessageChannel.send(AbstractMessageChannel.java:304)
	at org.springframework.messaging.core.GenericMessagingTemplate.doSend(GenericMessagingTemplate.java:187)
	at org.springframework.messaging.core.GenericMessagingTemplate.doSend(GenericMessagingTemplate.java:166)
	at org.springframework.messaging.core.GenericMessagingTemplate.doSend(GenericMessagingTemplate.java:47)
	at org.springframework.messaging.core.AbstractMessageSendingTemplate.send(AbstractMessageSendingTemplate.java:109)
	at org.springframework.integration.endpoint.SourcePollingChannelAdapter.handleMessage(SourcePollingChannelAdapter.java:204)
	at org.springframework.integration.endpoint.AbstractPollingEndpoint.messageReceived(AbstractPollingEndpoint.java:482)
	at org.springframework.integration.endpoint.AbstractPollingEndpoint.doPoll(AbstractPollingEndpoint.java:468)
	at org.springframework.integration.endpoint.AbstractPollingEndpoint.pollForMessage(AbstractPollingEndpoint.java:420)
	at org.springframework.integration.endpoint.AbstractPollingEndpoint.lambda$createPoller$4(AbstractPollingEndpoint.java:356)
	at org.springframework.integration.util.ErrorHandlingTaskExecutor.lambda$execute$0(ErrorHandlingTaskExecutor.java:56)
	at org.springframework.core.task.SyncTaskExecutor.execute(SyncTaskExecutor.java:50)
	at org.springframework.integration.util.ErrorHandlingTaskExecutor.execute(ErrorHandlingTaskExecutor.java:54)
	at org.springframework.integration.endpoint.AbstractPollingEndpoint.lambda$createPoller$5(AbstractPollingEndpoint.java:349)
	at org.springframework.scheduling.support.DelegatingErrorHandlingRunnable.run(DelegatingErrorHandlingRunnable.java:54)
	at org.springframework.scheduling.concurrent.ReschedulingRunnable.run(ReschedulingRunnable.java:96)
	at java.base/java.util.concurrent.Executors$RunnableAdapter.call(Executors.java:572)
	at java.base/java.util.concurrent.FutureTask.run(FutureTask.java:317)
	at java.base/java.util.concurrent.ScheduledThreadPoolExecutor$ScheduledFutureTask.run(ScheduledThreadPoolExecutor.java:304)
	at java.base/java.util.concurrent.ThreadPoolExecutor.runWorker(ThreadPoolExecutor.java:1144)
	at java.base/java.util.concurrent.ThreadPoolExecutor$Worker.run(ThreadPoolExecutor.java:642)
	at java.base/java.lang.Thread.run(Thread.java:1575)
Caused by: org.springframework.integration.MessageDispatchingException: Dispatcher has no subscribers, failedMessage=GenericMessage [payload=byte[80], headers={contentType=application/json, id=ab9eb3b3-1824-50f3-0a76-b63294b19be1, timestamp=1742467154287}]
	at org.springframework.integration.dispatcher.UnicastingDispatcher.doDispatch(UnicastingDispatcher.java:154)
	at org.springframework.integration.dispatcher.UnicastingDispatcher.dispatch(UnicastingDispatcher.java:121)
	at org.springframework.integration.channel.AbstractSubscribableChannel.doSend(AbstractSubscribableChannel.java:72)
	... 41 more

2025-03-20T11:39:14.310+01:00  INFO 15556 --- [kafka-spring-cloud-stream] [           main] k.KafkaSpringCloudStreamApplicationTests : Started KafkaSpringCloudStreamApplicationTests in 62.54 seconds (process running for 63.667)
2025-03-20T11:39:14.366+01:00  INFO 15556 --- [kafka-spring-cloud-stream] [-StreamThread-1] o.a.k.s.p.internals.StreamThread         : stream-thread [page-event-stream-900f9ec3-97c9-4d5b-9596-9377e59168be-StreamThread-1] Processed 0 total records, ran 0 punctuators, and committed 0 total tasks since the last update
2025-03-20T11:39:14.489+01:00 ERROR 15556 --- [kafka-spring-cloud-stream] [   scheduling-1] o.s.integration.handler.LoggingHandler   : org.springframework.messaging.MessageDeliveryException: Dispatcher has no subscribers for channel 'kafka-spring-cloud-stream.pageEventSupplier-out-0'., failedMessage=GenericMessage [payload=byte[80], headers={contentType=application/json, id=adb66295-4bc2-4b02-f117-4abada5cec45, timestamp=1742467154489}]
	at org.springframework.integration.channel.AbstractSubscribableChannel.doSend(AbstractSubscribableChannel.java:76)
	at org.springframework.integration.channel.AbstractMessageChannel.sendInternal(AbstractMessageChannel.java:390)
	at org.springframework.integration.channel.AbstractMessageChannel.sendWithMetrics(AbstractMessageChannel.java:361)
	at org.springframework.integration.channel.AbstractMessageChannel.send(AbstractMessageChannel.java:331)
	at org.springframework.messaging.core.GenericMessagingTemplate.doSend(GenericMessagingTemplate.java:187)
	at org.springframework.messaging.core.GenericMessagingTemplate.doSend(GenericMessagingTemplate.java:166)
	at org.springframework.messaging.core.GenericMessagingTemplate.doSend(GenericMessagingTemplate.java:47)
	at org.springframework.messaging.core.AbstractMessageSendingTemplate.send(AbstractMessageSendingTemplate.java:109)
	at org.springframework.integration.router.AbstractMessageRouter.doSend(AbstractMessageRouter.java:238)
	at org.springframework.integration.router.AbstractMessageRouter.handleMessageInternal(AbstractMessageRouter.java:220)
	at org.springframework.integration.handler.AbstractMessageHandler.doHandleMessage(AbstractMessageHandler.java:105)
	at org.springframework.integration.handler.AbstractMessageHandler.handleWithMetrics(AbstractMessageHandler.java:90)
	at org.springframework.integration.handler.AbstractMessageHandler.handleMessage(AbstractMessageHandler.java:70)
	at org.springframework.integration.dispatcher.AbstractDispatcher.tryOptimizedDispatch(AbstractDispatcher.java:132)
	at org.springframework.integration.dispatcher.UnicastingDispatcher.doDispatch(UnicastingDispatcher.java:148)
	at org.springframework.integration.dispatcher.UnicastingDispatcher.dispatch(UnicastingDispatcher.java:121)
	at org.springframework.integration.channel.AbstractSubscribableChannel.doSend(AbstractSubscribableChannel.java:72)
	at org.springframework.integration.channel.AbstractMessageChannel.sendInternal(AbstractMessageChannel.java:390)
	at org.springframework.integration.channel.AbstractMessageChannel.sendWithMetrics(AbstractMessageChannel.java:361)
	at org.springframework.integration.channel.AbstractMessageChannel.send(AbstractMessageChannel.java:331)
	at org.springframework.integration.channel.AbstractMessageChannel.send(AbstractMessageChannel.java:304)
	at org.springframework.messaging.core.GenericMessagingTemplate.doSend(GenericMessagingTemplate.java:187)
	at org.springframework.messaging.core.GenericMessagingTemplate.doSend(GenericMessagingTemplate.java:166)
	at org.springframework.messaging.core.GenericMessagingTemplate.doSend(GenericMessagingTemplate.java:47)
	at org.springframework.messaging.core.AbstractMessageSendingTemplate.send(AbstractMessageSendingTemplate.java:109)
	at org.springframework.integration.endpoint.SourcePollingChannelAdapter.handleMessage(SourcePollingChannelAdapter.java:204)
	at org.springframework.integration.endpoint.AbstractPollingEndpoint.messageReceived(AbstractPollingEndpoint.java:482)
	at org.springframework.integration.endpoint.AbstractPollingEndpoint.doPoll(AbstractPollingEndpoint.java:468)
	at org.springframework.integration.endpoint.AbstractPollingEndpoint.pollForMessage(AbstractPollingEndpoint.java:420)
	at org.springframework.integration.endpoint.AbstractPollingEndpoint.lambda$createPoller$4(AbstractPollingEndpoint.java:356)
	at org.springframework.integration.util.ErrorHandlingTaskExecutor.lambda$execute$0(ErrorHandlingTaskExecutor.java:56)
	at org.springframework.core.task.SyncTaskExecutor.execute(SyncTaskExecutor.java:50)
	at org.springframework.integration.util.ErrorHandlingTaskExecutor.execute(ErrorHandlingTaskExecutor.java:54)
	at org.springframework.integration.endpoint.AbstractPollingEndpoint.lambda$createPoller$5(AbstractPollingEndpoint.java:349)
	at org.springframework.scheduling.support.DelegatingErrorHandlingRunnable.run(DelegatingErrorHandlingRunnable.java:54)
	at org.springframework.scheduling.concurrent.ReschedulingRunnable.run(ReschedulingRunnable.java:96)
	at java.base/java.util.concurrent.Executors$RunnableAdapter.call(Executors.java:572)
	at java.base/java.util.concurrent.FutureTask.run(FutureTask.java:317)
	at java.base/java.util.concurrent.ScheduledThreadPoolExecutor$ScheduledFutureTask.run(ScheduledThreadPoolExecutor.java:304)
	at java.base/java.util.concurrent.ThreadPoolExecutor.runWorker(ThreadPoolExecutor.java:1144)
	at java.base/java.util.concurrent.ThreadPoolExecutor$Worker.run(ThreadPoolExecutor.java:642)
	at java.base/java.lang.Thread.run(Thread.java:1575)
Caused by: org.springframework.integration.MessageDispatchingException: Dispatcher has no subscribers, failedMessage=GenericMessage [payload=byte[80], headers={contentType=application/json, id=adb66295-4bc2-4b02-f117-4abada5cec45, timestamp=1742467154489}]
	at org.springframework.integration.dispatcher.UnicastingDispatcher.doDispatch(UnicastingDispatcher.java:154)
	at org.springframework.integration.dispatcher.UnicastingDispatcher.dispatch(UnicastingDispatcher.java:121)
	at org.springframework.integration.channel.AbstractSubscribableChannel.doSend(AbstractSubscribableChannel.java:72)
	... 41 more

2025-03-20T11:39:14.696+01:00 ERROR 15556 --- [kafka-spring-cloud-stream] [   scheduling-1] o.s.integration.handler.LoggingHandler   : org.springframework.messaging.MessageDeliveryException: Dispatcher has no subscribers for channel 'kafka-spring-cloud-stream.pageEventSupplier-out-0'., failedMessage=GenericMessage [payload=byte[80], headers={contentType=application/json, id=0e44cfd0-0d0c-a533-ccf5-4e89f2cff21f, timestamp=1742467154694}]
	at org.springframework.integration.channel.AbstractSubscribableChannel.doSend(AbstractSubscribableChannel.java:76)
	at org.springframework.integration.channel.AbstractMessageChannel.sendInternal(AbstractMessageChannel.java:390)
	at org.springframework.integration.channel.AbstractMessageChannel.sendWithMetrics(AbstractMessageChannel.java:361)
	at org.springframework.integration.channel.AbstractMessageChannel.send(AbstractMessageChannel.java:331)
	at org.springframework.messaging.core.GenericMessagingTemplate.doSend(GenericMessagingTemplate.java:187)
	at org.springframework.messaging.core.GenericMessagingTemplate.doSend(GenericMessagingTemplate.java:166)
	at org.springframework.messaging.core.GenericMessagingTemplate.doSend(GenericMessagingTemplate.java:47)
	at org.springframework.messaging.core.AbstractMessageSendingTemplate.send(AbstractMessageSendingTemplate.java:109)
	at org.springframework.integration.router.AbstractMessageRouter.doSend(AbstractMessageRouter.java:238)
	at org.springframework.integration.router.AbstractMessageRouter.handleMessageInternal(AbstractMessageRouter.java:220)
	at org.springframework.integration.handler.AbstractMessageHandler.doHandleMessage(AbstractMessageHandler.java:105)
	at org.springframework.integration.handler.AbstractMessageHandler.handleWithMetrics(AbstractMessageHandler.java:90)
	at org.springframework.integration.handler.AbstractMessageHandler.handleMessage(AbstractMessageHandler.java:70)
	at org.springframework.integration.dispatcher.AbstractDispatcher.tryOptimizedDispatch(AbstractDispatcher.java:132)
	at org.springframework.integration.dispatcher.UnicastingDispatcher.doDispatch(UnicastingDispatcher.java:148)
	at org.springframework.integration.dispatcher.UnicastingDispatcher.dispatch(UnicastingDispatcher.java:121)
	at org.springframework.integration.channel.AbstractSubscribableChannel.doSend(AbstractSubscribableChannel.java:72)
	at org.springframework.integration.channel.AbstractMessageChannel.sendInternal(AbstractMessageChannel.java:390)
	at org.springframework.integration.channel.AbstractMessageChannel.sendWithMetrics(AbstractMessageChannel.java:361)
	at org.springframework.integration.channel.AbstractMessageChannel.send(AbstractMessageChannel.java:331)
	at org.springframework.integration.channel.AbstractMessageChannel.send(AbstractMessageChannel.java:304)
	at org.springframework.messaging.core.GenericMessagingTemplate.doSend(GenericMessagingTemplate.java:187)
	at org.springframework.messaging.core.GenericMessagingTemplate.doSend(GenericMessagingTemplate.java:166)
	at org.springframework.messaging.core.GenericMessagingTemplate.doSend(GenericMessagingTemplate.java:47)
	at org.springframework.messaging.core.AbstractMessageSendingTemplate.send(AbstractMessageSendingTemplate.java:109)
	at org.springframework.integration.endpoint.SourcePollingChannelAdapter.handleMessage(SourcePollingChannelAdapter.java:204)
	at org.springframework.integration.endpoint.AbstractPollingEndpoint.messageReceived(AbstractPollingEndpoint.java:482)
	at org.springframework.integration.endpoint.AbstractPollingEndpoint.doPoll(AbstractPollingEndpoint.java:468)
	at org.springframework.integration.endpoint.AbstractPollingEndpoint.pollForMessage(AbstractPollingEndpoint.java:420)
	at org.springframework.integration.endpoint.AbstractPollingEndpoint.lambda$createPoller$4(AbstractPollingEndpoint.java:356)
	at org.springframework.integration.util.ErrorHandlingTaskExecutor.lambda$execute$0(ErrorHandlingTaskExecutor.java:56)
	at org.springframework.core.task.SyncTaskExecutor.execute(SyncTaskExecutor.java:50)
	at org.springframework.integration.util.ErrorHandlingTaskExecutor.execute(ErrorHandlingTaskExecutor.java:54)
	at org.springframework.integration.endpoint.AbstractPollingEndpoint.lambda$createPoller$5(AbstractPollingEndpoint.java:349)
	at org.springframework.scheduling.support.DelegatingErrorHandlingRunnable.run(DelegatingErrorHandlingRunnable.java:54)
	at org.springframework.scheduling.concurrent.ReschedulingRunnable.run(ReschedulingRunnable.java:96)
	at java.base/java.util.concurrent.Executors$RunnableAdapter.call(Executors.java:572)
	at java.base/java.util.concurrent.FutureTask.run(FutureTask.java:317)
	at java.base/java.util.concurrent.ScheduledThreadPoolExecutor$ScheduledFutureTask.run(ScheduledThreadPoolExecutor.java:304)
	at java.base/java.util.concurrent.ThreadPoolExecutor.runWorker(ThreadPoolExecutor.java:1144)
	at java.base/java.util.concurrent.ThreadPoolExecutor$Worker.run(ThreadPoolExecutor.java:642)
	at java.base/java.lang.Thread.run(Thread.java:1575)
Caused by: org.springframework.integration.MessageDispatchingException: Dispatcher has no subscribers, failedMessage=GenericMessage [payload=byte[80], headers={contentType=application/json, id=0e44cfd0-0d0c-a533-ccf5-4e89f2cff21f, timestamp=1742467154694}]
	at org.springframework.integration.dispatcher.UnicastingDispatcher.doDispatch(UnicastingDispatcher.java:154)
	at org.springframework.integration.dispatcher.UnicastingDispatcher.dispatch(UnicastingDispatcher.java:121)
	at org.springframework.integration.channel.AbstractSubscribableChannel.doSend(AbstractSubscribableChannel.java:72)
	... 41 more

2025-03-20T11:39:14.913+01:00 ERROR 15556 --- [kafka-spring-cloud-stream] [   scheduling-1] o.s.integration.handler.LoggingHandler   : org.springframework.messaging.MessageDeliveryException: Dispatcher has no subscribers for channel 'kafka-spring-cloud-stream.pageEventSupplier-out-0'., failedMessage=GenericMessage [payload=byte[80], headers={contentType=application/json, id=d9b054e5-74e0-4a62-0700-2c32667ad302, timestamp=1742467154912}]
	at org.springframework.integration.channel.AbstractSubscribableChannel.doSend(AbstractSubscribableChannel.java:76)
	at org.springframework.integration.channel.AbstractMessageChannel.sendInternal(AbstractMessageChannel.java:390)
	at org.springframework.integration.channel.AbstractMessageChannel.sendWithMetrics(AbstractMessageChannel.java:361)
	at org.springframework.integration.channel.AbstractMessageChannel.send(AbstractMessageChannel.java:331)
	at org.springframework.messaging.core.GenericMessagingTemplate.doSend(GenericMessagingTemplate.java:187)
	at org.springframework.messaging.core.GenericMessagingTemplate.doSend(GenericMessagingTemplate.java:166)
	at org.springframework.messaging.core.GenericMessagingTemplate.doSend(GenericMessagingTemplate.java:47)
	at org.springframework.messaging.core.AbstractMessageSendingTemplate.send(AbstractMessageSendingTemplate.java:109)
	at org.springframework.integration.router.AbstractMessageRouter.doSend(AbstractMessageRouter.java:238)
	at org.springframework.integration.router.AbstractMessageRouter.handleMessageInternal(AbstractMessageRouter.java:220)
	at org.springframework.integration.handler.AbstractMessageHandler.doHandleMessage(AbstractMessageHandler.java:105)
	at org.springframework.integration.handler.AbstractMessageHandler.handleWithMetrics(AbstractMessageHandler.java:90)
	at org.springframework.integration.handler.AbstractMessageHandler.handleMessage(AbstractMessageHandler.java:70)
	at org.springframework.integration.dispatcher.AbstractDispatcher.tryOptimizedDispatch(AbstractDispatcher.java:132)
	at org.springframework.integration.dispatcher.UnicastingDispatcher.doDispatch(UnicastingDispatcher.java:148)
	at org.springframework.integration.dispatcher.UnicastingDispatcher.dispatch(UnicastingDispatcher.java:121)
	at org.springframework.integration.channel.AbstractSubscribableChannel.doSend(AbstractSubscribableChannel.java:72)
	at org.springframework.integration.channel.AbstractMessageChannel.sendInternal(AbstractMessageChannel.java:390)
	at org.springframework.integration.channel.AbstractMessageChannel.sendWithMetrics(AbstractMessageChannel.java:361)
	at org.springframework.integration.channel.AbstractMessageChannel.send(AbstractMessageChannel.java:331)
	at org.springframework.integration.channel.AbstractMessageChannel.send(AbstractMessageChannel.java:304)
	at org.springframework.messaging.core.GenericMessagingTemplate.doSend(GenericMessagingTemplate.java:187)
	at org.springframework.messaging.core.GenericMessagingTemplate.doSend(GenericMessagingTemplate.java:166)
	at org.springframework.messaging.core.GenericMessagingTemplate.doSend(GenericMessagingTemplate.java:47)
	at org.springframework.messaging.core.AbstractMessageSendingTemplate.send(AbstractMessageSendingTemplate.java:109)
	at org.springframework.integration.endpoint.SourcePollingChannelAdapter.handleMessage(SourcePollingChannelAdapter.java:204)
	at org.springframework.integration.endpoint.AbstractPollingEndpoint.messageReceived(AbstractPollingEndpoint.java:482)
	at org.springframework.integration.endpoint.AbstractPollingEndpoint.doPoll(AbstractPollingEndpoint.java:468)
	at org.springframework.integration.endpoint.AbstractPollingEndpoint.pollForMessage(AbstractPollingEndpoint.java:420)
	at org.springframework.integration.endpoint.AbstractPollingEndpoint.lambda$createPoller$4(AbstractPollingEndpoint.java:356)
	at org.springframework.integration.util.ErrorHandlingTaskExecutor.lambda$execute$0(ErrorHandlingTaskExecutor.java:56)
	at org.springframework.core.task.SyncTaskExecutor.execute(SyncTaskExecutor.java:50)
	at org.springframework.integration.util.ErrorHandlingTaskExecutor.execute(ErrorHandlingTaskExecutor.java:54)
	at org.springframework.integration.endpoint.AbstractPollingEndpoint.lambda$createPoller$5(AbstractPollingEndpoint.java:349)
	at org.springframework.scheduling.support.DelegatingErrorHandlingRunnable.run(DelegatingErrorHandlingRunnable.java:54)
	at org.springframework.scheduling.concurrent.ReschedulingRunnable.run(ReschedulingRunnable.java:96)
	at java.base/java.util.concurrent.Executors$RunnableAdapter.call(Executors.java:572)
	at java.base/java.util.concurrent.FutureTask.run(FutureTask.java:317)
	at java.base/java.util.concurrent.ScheduledThreadPoolExecutor$ScheduledFutureTask.run(ScheduledThreadPoolExecutor.java:304)
	at java.base/java.util.concurrent.ThreadPoolExecutor.runWorker(ThreadPoolExecutor.java:1144)
	at java.base/java.util.concurrent.ThreadPoolExecutor$Worker.run(ThreadPoolExecutor.java:642)
	at java.base/java.lang.Thread.run(Thread.java:1575)
Caused by: org.springframework.integration.MessageDispatchingException: Dispatcher has no subscribers, failedMessage=GenericMessage [payload=byte[80], headers={contentType=application/json, id=d9b054e5-74e0-4a62-0700-2c32667ad302, timestamp=1742467154912}]
	at org.springframework.integration.dispatcher.UnicastingDispatcher.doDispatch(UnicastingDispatcher.java:154)
	at org.springframework.integration.dispatcher.UnicastingDispatcher.dispatch(UnicastingDispatcher.java:121)
	at org.springframework.integration.channel.AbstractSubscribableChannel.doSend(AbstractSubscribableChannel.java:72)
	... 41 more

2025-03-20T11:39:15.068+01:00  INFO 15556 --- [kafka-spring-cloud-stream] [pool-5-thread-1] o.a.k.clients.consumer.ConsumerConfig    : ConsumerConfig values: 
	allow.auto.create.topics = true
	auto.commit.interval.ms = 5000
	auto.include.jmx.reporter = true
	auto.offset.reset = latest
	bootstrap.servers = [localhost:9092]
	check.crcs = true
	client.dns.lookup = use_all_dns_ips
	client.id = consumer-anonymous.41e0289c-9e85-49a0-88ce-d9bafee6f163-3
	client.rack = 
	connections.max.idle.ms = 540000
	default.api.timeout.ms = 60000
	enable.auto.commit = true
	enable.metrics.push = true
	exclude.internal.topics = true
	fetch.max.bytes = 52428800
	fetch.max.wait.ms = 500
	fetch.min.bytes = 1
	group.id = anonymous.41e0289c-9e85-49a0-88ce-d9bafee6f163
	group.instance.id = null
	group.protocol = classic
	group.remote.assignor = null
	heartbeat.interval.ms = 3000
	interceptor.classes = []
	internal.leave.group.on.close = true
	internal.throw.on.fetch.stable.offset.unsupported = false
	isolation.level = read_uncommitted
	key.deserializer = class org.apache.kafka.common.serialization.ByteArrayDeserializer
	max.partition.fetch.bytes = 1048576
	max.poll.interval.ms = 300000
	max.poll.records = 500
	metadata.max.age.ms = 300000
	metadata.recovery.strategy = none
	metric.reporters = []
	metrics.num.samples = 2
	metrics.recording.level = INFO
	metrics.sample.window.ms = 30000
	partition.assignment.strategy = [class org.apache.kafka.clients.consumer.RangeAssignor, class org.apache.kafka.clients.consumer.CooperativeStickyAssignor]
	receive.buffer.bytes = 65536
	reconnect.backoff.max.ms = 1000
	reconnect.backoff.ms = 50
	request.timeout.ms = 30000
	retry.backoff.max.ms = 1000
	retry.backoff.ms = 100
	sasl.client.callback.handler.class = null
	sasl.jaas.config = null
	sasl.kerberos.kinit.cmd = /usr/bin/kinit
	sasl.kerberos.min.time.before.relogin = 60000
	sasl.kerberos.service.name = null
	sasl.kerberos.ticket.renew.jitter = 0.05
	sasl.kerberos.ticket.renew.window.factor = 0.8
	sasl.login.callback.handler.class = null
	sasl.login.class = null
	sasl.login.connect.timeout.ms = null
	sasl.login.read.timeout.ms = null
	sasl.login.refresh.buffer.seconds = 300
	sasl.login.refresh.min.period.seconds = 60
	sasl.login.refresh.window.factor = 0.8
	sasl.login.refresh.window.jitter = 0.05
	sasl.login.retry.backoff.max.ms = 10000
	sasl.login.retry.backoff.ms = 100
	sasl.mechanism = GSSAPI
	sasl.oauthbearer.clock.skew.seconds = 30
	sasl.oauthbearer.expected.audience = null
	sasl.oauthbearer.expected.issuer = null
	sasl.oauthbearer.jwks.endpoint.refresh.ms = 3600000
	sasl.oauthbearer.jwks.endpoint.retry.backoff.max.ms = 10000
	sasl.oauthbearer.jwks.endpoint.retry.backoff.ms = 100
	sasl.oauthbearer.jwks.endpoint.url = null
	sasl.oauthbearer.scope.claim.name = scope
	sasl.oauthbearer.sub.claim.name = sub
	sasl.oauthbearer.token.endpoint.url = null
	security.protocol = PLAINTEXT
	security.providers = null
	send.buffer.bytes = 131072
	session.timeout.ms = 45000
	socket.connection.setup.timeout.max.ms = 30000
	socket.connection.setup.timeout.ms = 10000
	ssl.cipher.suites = null
	ssl.enabled.protocols = [TLSv1.2, TLSv1.3]
	ssl.endpoint.identification.algorithm = https
	ssl.engine.factory.class = null
	ssl.key.password = null
	ssl.keymanager.algorithm = SunX509
	ssl.keystore.certificate.chain = null
	ssl.keystore.key = null
	ssl.keystore.location = null
	ssl.keystore.password = null
	ssl.keystore.type = JKS
	ssl.protocol = TLSv1.3
	ssl.provider = null
	ssl.secure.random.implementation = null
	ssl.trustmanager.algorithm = PKIX
	ssl.truststore.certificates = null
	ssl.truststore.location = null
	ssl.truststore.password = null
	ssl.truststore.type = JKS
	value.deserializer = class org.apache.kafka.common.serialization.ByteArrayDeserializer

2025-03-20T11:39:15.068+01:00  INFO 15556 --- [kafka-spring-cloud-stream] [pool-5-thread-1] o.a.k.c.t.i.KafkaMetricsCollector        : initializing Kafka metrics collector
2025-03-20T11:39:15.076+01:00  INFO 15556 --- [kafka-spring-cloud-stream] [pool-5-thread-1] o.a.kafka.common.utils.AppInfoParser     : Kafka version: 3.8.1
2025-03-20T11:39:15.076+01:00  INFO 15556 --- [kafka-spring-cloud-stream] [pool-5-thread-1] o.a.kafka.common.utils.AppInfoParser     : Kafka commitId: 70d6ff42debf7e17
2025-03-20T11:39:15.076+01:00  INFO 15556 --- [kafka-spring-cloud-stream] [pool-5-thread-1] o.a.kafka.common.utils.AppInfoParser     : Kafka startTimeMs: 1742467155076
2025-03-20T11:39:15.083+01:00  INFO 15556 --- [kafka-spring-cloud-stream] [pool-5-thread-1] org.apache.kafka.clients.Metadata        : [Consumer clientId=consumer-anonymous.41e0289c-9e85-49a0-88ce-d9bafee6f163-3, groupId=anonymous.41e0289c-9e85-49a0-88ce-d9bafee6f163] Cluster ID: r2BBnvv7R1a7lbJP5cQrMQ
2025-03-20T11:39:15.109+01:00  INFO 15556 --- [kafka-spring-cloud-stream] [pool-5-thread-1] o.a.k.c.c.internals.ConsumerCoordinator  : [Consumer clientId=consumer-anonymous.41e0289c-9e85-49a0-88ce-d9bafee6f163-3, groupId=anonymous.41e0289c-9e85-49a0-88ce-d9bafee6f163] Discovered group coordinator localhost:9092 (id: 2147483646 rack: null)
2025-03-20T11:39:15.124+01:00  INFO 15556 --- [kafka-spring-cloud-stream] [pool-5-thread-1] o.a.k.c.c.internals.ConsumerCoordinator  : [Consumer clientId=consumer-anonymous.41e0289c-9e85-49a0-88ce-d9bafee6f163-3, groupId=anonymous.41e0289c-9e85-49a0-88ce-d9bafee6f163] Found no committed offset for partition T2-0
2025-03-20T11:39:15.130+01:00 ERROR 15556 --- [kafka-spring-cloud-stream] [   scheduling-1] o.s.integration.handler.LoggingHandler   : org.springframework.messaging.MessageDeliveryException: Dispatcher has no subscribers for channel 'kafka-spring-cloud-stream.pageEventSupplier-out-0'., failedMessage=GenericMessage [payload=byte[80], headers={contentType=application/json, id=47a7849b-862a-ed6c-15b0-1c6c996eab05, timestamp=1742467155129}]
	at org.springframework.integration.channel.AbstractSubscribableChannel.doSend(AbstractSubscribableChannel.java:76)
	at org.springframework.integration.channel.AbstractMessageChannel.sendInternal(AbstractMessageChannel.java:390)
	at org.springframework.integration.channel.AbstractMessageChannel.sendWithMetrics(AbstractMessageChannel.java:361)
	at org.springframework.integration.channel.AbstractMessageChannel.send(AbstractMessageChannel.java:331)
	at org.springframework.messaging.core.GenericMessagingTemplate.doSend(GenericMessagingTemplate.java:187)
	at org.springframework.messaging.core.GenericMessagingTemplate.doSend(GenericMessagingTemplate.java:166)
	at org.springframework.messaging.core.GenericMessagingTemplate.doSend(GenericMessagingTemplate.java:47)
	at org.springframework.messaging.core.AbstractMessageSendingTemplate.send(AbstractMessageSendingTemplate.java:109)
	at org.springframework.integration.router.AbstractMessageRouter.doSend(AbstractMessageRouter.java:238)
	at org.springframework.integration.router.AbstractMessageRouter.handleMessageInternal(AbstractMessageRouter.java:220)
	at org.springframework.integration.handler.AbstractMessageHandler.doHandleMessage(AbstractMessageHandler.java:105)
	at org.springframework.integration.handler.AbstractMessageHandler.handleWithMetrics(AbstractMessageHandler.java:90)
	at org.springframework.integration.handler.AbstractMessageHandler.handleMessage(AbstractMessageHandler.java:70)
	at org.springframework.integration.dispatcher.AbstractDispatcher.tryOptimizedDispatch(AbstractDispatcher.java:132)
	at org.springframework.integration.dispatcher.UnicastingDispatcher.doDispatch(UnicastingDispatcher.java:148)
	at org.springframework.integration.dispatcher.UnicastingDispatcher.dispatch(UnicastingDispatcher.java:121)
	at org.springframework.integration.channel.AbstractSubscribableChannel.doSend(AbstractSubscribableChannel.java:72)
	at org.springframework.integration.channel.AbstractMessageChannel.sendInternal(AbstractMessageChannel.java:390)
	at org.springframework.integration.channel.AbstractMessageChannel.sendWithMetrics(AbstractMessageChannel.java:361)
	at org.springframework.integration.channel.AbstractMessageChannel.send(AbstractMessageChannel.java:331)
	at org.springframework.integration.channel.AbstractMessageChannel.send(AbstractMessageChannel.java:304)
	at org.springframework.messaging.core.GenericMessagingTemplate.doSend(GenericMessagingTemplate.java:187)
	at org.springframework.messaging.core.GenericMessagingTemplate.doSend(GenericMessagingTemplate.java:166)
	at org.springframework.messaging.core.GenericMessagingTemplate.doSend(GenericMessagingTemplate.java:47)
	at org.springframework.messaging.core.AbstractMessageSendingTemplate.send(AbstractMessageSendingTemplate.java:109)
	at org.springframework.integration.endpoint.SourcePollingChannelAdapter.handleMessage(SourcePollingChannelAdapter.java:204)
	at org.springframework.integration.endpoint.AbstractPollingEndpoint.messageReceived(AbstractPollingEndpoint.java:482)
	at org.springframework.integration.endpoint.AbstractPollingEndpoint.doPoll(AbstractPollingEndpoint.java:468)
	at org.springframework.integration.endpoint.AbstractPollingEndpoint.pollForMessage(AbstractPollingEndpoint.java:420)
	at org.springframework.integration.endpoint.AbstractPollingEndpoint.lambda$createPoller$4(AbstractPollingEndpoint.java:356)
	at org.springframework.integration.util.ErrorHandlingTaskExecutor.lambda$execute$0(ErrorHandlingTaskExecutor.java:56)
	at org.springframework.core.task.SyncTaskExecutor.execute(SyncTaskExecutor.java:50)
	at org.springframework.integration.util.ErrorHandlingTaskExecutor.execute(ErrorHandlingTaskExecutor.java:54)
	at org.springframework.integration.endpoint.AbstractPollingEndpoint.lambda$createPoller$5(AbstractPollingEndpoint.java:349)
	at org.springframework.scheduling.support.DelegatingErrorHandlingRunnable.run(DelegatingErrorHandlingRunnable.java:54)
	at org.springframework.scheduling.concurrent.ReschedulingRunnable.run(ReschedulingRunnable.java:96)
	at java.base/java.util.concurrent.Executors$RunnableAdapter.call(Executors.java:572)
	at java.base/java.util.concurrent.FutureTask.run(FutureTask.java:317)
	at java.base/java.util.concurrent.ScheduledThreadPoolExecutor$ScheduledFutureTask.run(ScheduledThreadPoolExecutor.java:304)
	at java.base/java.util.concurrent.ThreadPoolExecutor.runWorker(ThreadPoolExecutor.java:1144)
	at java.base/java.util.concurrent.ThreadPoolExecutor$Worker.run(ThreadPoolExecutor.java:642)
	at java.base/java.lang.Thread.run(Thread.java:1575)
Caused by: org.springframework.integration.MessageDispatchingException: Dispatcher has no subscribers, failedMessage=GenericMessage [payload=byte[80], headers={contentType=application/json, id=47a7849b-862a-ed6c-15b0-1c6c996eab05, timestamp=1742467155129}]
	at org.springframework.integration.dispatcher.UnicastingDispatcher.doDispatch(UnicastingDispatcher.java:154)
	at org.springframework.integration.dispatcher.UnicastingDispatcher.dispatch(UnicastingDispatcher.java:121)
	at org.springframework.integration.channel.AbstractSubscribableChannel.doSend(AbstractSubscribableChannel.java:72)
	... 41 more

]]></system-out>
    <system-err><![CDATA[mars 20, 2025 11:38:10 AM org.junit.platform.launcher.core.LauncherConfigurationParameters loadClasspathResource
WARNING: Discovered 3 'junit-platform.properties' configuration files on the classpath (see below); only the first (*) will be used.
- jar:file:/C:/Users/david.pouille/.m2/repository/org/apache/kafka/kafka-clients/3.8.1/kafka-clients-3.8.1-test.jar!/junit-platform.properties (*)
- jar:file:/C:/Users/david.pouille/.m2/repository/org/apache/kafka/kafka-server-common/3.8.1/kafka-server-common-3.8.1-test.jar!/junit-platform.properties
- jar:file:/C:/Users/david.pouille/.m2/repository/org/apache/kafka/kafka_2.13/3.8.1/kafka_2.13-3.8.1-test.jar!/junit-platform.properties
mars 20, 2025 11:38:10 AM org.junit.platform.launcher.core.LauncherConfigurationParameters loadClasspathResource
WARNING: Discovered 3 'junit-platform.properties' configuration files on the classpath (see below); only the first (*) will be used.
- jar:file:/C:/Users/david.pouille/.m2/repository/org/apache/kafka/kafka-clients/3.8.1/kafka-clients-3.8.1-test.jar!/junit-platform.properties (*)
- jar:file:/C:/Users/david.pouille/.m2/repository/org/apache/kafka/kafka-server-common/3.8.1/kafka-server-common-3.8.1-test.jar!/junit-platform.properties
- jar:file:/C:/Users/david.pouille/.m2/repository/org/apache/kafka/kafka_2.13/3.8.1/kafka_2.13-3.8.1-test.jar!/junit-platform.properties
mars 20, 2025 11:38:11 AM org.junit.platform.launcher.core.LauncherConfigurationParameters loadClasspathResource
WARNING: Discovered 3 'junit-platform.properties' configuration files on the classpath (see below); only the first (*) will be used.
- jar:file:/C:/Users/david.pouille/.m2/repository/org/apache/kafka/kafka-clients/3.8.1/kafka-clients-3.8.1-test.jar!/junit-platform.properties (*)
- jar:file:/C:/Users/david.pouille/.m2/repository/org/apache/kafka/kafka-server-common/3.8.1/kafka-server-common-3.8.1-test.jar!/junit-platform.properties
- jar:file:/C:/Users/david.pouille/.m2/repository/org/apache/kafka/kafka_2.13/3.8.1/kafka_2.13-3.8.1-test.jar!/junit-platform.properties
Mockito is currently self-attaching to enable the inline-mock-maker. This will no longer work in future releases of the JDK. Please add Mockito as an agent to your build what is described in Mockito's documentation: https://javadoc.io/doc/org.mockito/mockito-core/latest/org/mockito/Mockito.html#0.3
WARNING: A Java agent has been loaded dynamically (C:\Users\david.pouille\.m2\repository\net\bytebuddy\byte-buddy-agent\1.15.11\byte-buddy-agent-1.15.11.jar)
WARNING: If a serviceability tool is in use, please run with -XX:+EnableDynamicAgentLoading to hide this warning
WARNING: If a serviceability tool is not in use, please run with -Djdk.instrument.traceUsage for more information
WARNING: Dynamic loading of agents will be disallowed by default in a future release
]]></system-err>
  </testcase>
</testsuite>